TimeQuest Timing Analyzer report for cont_ceros
Thu Nov 27 15:13:39 2014
Quartus II 64-Bit Version 13.0.1 Build 232 06/12/2013 Service Pack 1 SJ Web Edition


---------------------
; Table of Contents ;
---------------------
  1. Legal Notice
  2. TimeQuest Timing Analyzer Summary
  3. Parallel Compilation
  4. Clocks
  5. Slow Model Fmax Summary
  6. Slow Model Setup Summary
  7. Slow Model Hold Summary
  8. Slow Model Recovery Summary
  9. Slow Model Removal Summary
 10. Slow Model Minimum Pulse Width Summary
 11. Propagation Delay
 12. Minimum Propagation Delay
 13. Fast Model Setup Summary
 14. Fast Model Hold Summary
 15. Fast Model Recovery Summary
 16. Fast Model Removal Summary
 17. Fast Model Minimum Pulse Width Summary
 18. Propagation Delay
 19. Minimum Propagation Delay
 20. Multicorner Timing Analysis Summary
 21. Progagation Delay
 22. Minimum Progagation Delay
 23. Clock Transfers
 24. Report TCCS
 25. Report RSKM
 26. Unconstrained Paths
 27. TimeQuest Timing Analyzer Messages



----------------
; Legal Notice ;
----------------
Copyright (C) 1991-2013 Altera Corporation
Your use of Altera Corporation's design tools, logic functions 
and other software and tools, and its AMPP partner logic 
functions, and any output files from any of the foregoing 
(including device programming or simulation files), and any 
associated documentation or information are expressly subject 
to the terms and conditions of the Altera Program License 
Subscription Agreement, Altera MegaCore Function License 
Agreement, or other applicable license agreement, including, 
without limitation, that your use is for the sole purpose of 
programming logic devices manufactured by Altera and sold by 
Altera or its authorized distributors.  Please refer to the 
applicable agreement for further details.



+----------------------------------------------------------------------------------------+
; TimeQuest Timing Analyzer Summary                                                      ;
+--------------------+-------------------------------------------------------------------+
; Quartus II Version ; Version 13.0.1 Build 232 06/12/2013 Service Pack 1 SJ Web Edition ;
; Revision Name      ; cont_ceros                                                        ;
; Device Family      ; Cyclone II                                                        ;
; Device Name        ; EP2C5T144C6                                                       ;
; Timing Models      ; Final                                                             ;
; Delay Model        ; Combined                                                          ;
; Rise/Fall Delays   ; Unavailable                                                       ;
+--------------------+-------------------------------------------------------------------+


Parallel compilation was disabled, but you have multiple processors available. Enable parallel compilation to reduce compilation time.
+-------------------------------------+
; Parallel Compilation                ;
+----------------------------+--------+
; Processors                 ; Number ;
+----------------------------+--------+
; Number detected on machine ; 4      ;
; Maximum allowed            ; 1      ;
+----------------------------+--------+


----------
; Clocks ;
----------
No clocks to report.


---------------------------
; Slow Model Fmax Summary ;
---------------------------
No paths to report.


----------------------------
; Slow Model Setup Summary ;
----------------------------
No paths to report.


---------------------------
; Slow Model Hold Summary ;
---------------------------
No paths to report.


-------------------------------
; Slow Model Recovery Summary ;
-------------------------------
No paths to report.


------------------------------
; Slow Model Removal Summary ;
------------------------------
No paths to report.


------------------------------------------
; Slow Model Minimum Pulse Width Summary ;
------------------------------------------
No paths to report.


+--------------------------------------------------------------+
; Propagation Delay                                            ;
+------------+-------------+--------+--------+--------+--------+
; Input Port ; Output Port ; RR     ; RF     ; FR     ; FF     ;
+------------+-------------+--------+--------+--------+--------+
; A[0]       ; Y[0]        ; 13.015 ; 13.015 ; 13.015 ; 13.015 ;
; A[0]       ; Y[1]        ; 13.608 ; 13.608 ; 13.608 ; 13.608 ;
; A[0]       ; Y[2]        ; 13.651 ; 13.651 ; 13.651 ; 13.651 ;
; A[0]       ; Y[3]        ; 13.646 ; 13.646 ; 13.646 ; 13.646 ;
; A[0]       ; Y[4]        ; 13.668 ; 13.668 ; 13.668 ; 13.668 ;
; A[1]       ; Y[0]        ; 12.510 ; 12.510 ; 12.510 ; 12.510 ;
; A[1]       ; Y[1]        ; 13.103 ; 13.103 ; 13.103 ; 13.103 ;
; A[1]       ; Y[2]        ; 13.146 ; 13.146 ; 13.146 ; 13.146 ;
; A[1]       ; Y[3]        ; 13.141 ; 13.141 ; 13.141 ; 13.141 ;
; A[1]       ; Y[4]        ; 13.163 ; 13.163 ; 13.163 ; 13.163 ;
; A[2]       ; Y[0]        ; 12.446 ; 12.446 ; 12.446 ; 12.446 ;
; A[2]       ; Y[1]        ; 13.039 ; 13.039 ; 13.039 ; 13.039 ;
; A[2]       ; Y[2]        ; 13.082 ; 13.082 ; 13.082 ; 13.082 ;
; A[2]       ; Y[3]        ; 13.077 ; 13.077 ; 13.077 ; 13.077 ;
; A[2]       ; Y[4]        ; 13.099 ; 13.099 ; 13.099 ; 13.099 ;
; A[3]       ; Y[0]        ; 12.685 ; 12.685 ; 12.685 ; 12.685 ;
; A[3]       ; Y[1]        ; 13.278 ; 13.278 ; 13.278 ; 13.278 ;
; A[3]       ; Y[2]        ; 13.321 ; 13.321 ; 13.321 ; 13.321 ;
; A[3]       ; Y[3]        ; 13.316 ; 13.316 ; 13.316 ; 13.316 ;
; A[3]       ; Y[4]        ; 13.338 ; 13.338 ; 13.338 ; 13.338 ;
; A[4]       ; Y[0]        ; 9.100  ; 9.100  ; 9.100  ; 9.100  ;
; A[4]       ; Y[1]        ; 9.693  ; 9.693  ; 9.693  ; 9.693  ;
; A[4]       ; Y[2]        ; 9.740  ; 9.740  ; 9.740  ; 9.740  ;
; A[4]       ; Y[3]        ; 9.735  ; 9.735  ; 9.735  ; 9.735  ;
; A[4]       ; Y[4]        ; 9.757  ; 9.757  ; 9.757  ; 9.757  ;
; A[5]       ; Y[0]        ; 13.132 ; 13.132 ; 13.132 ; 13.132 ;
; A[5]       ; Y[1]        ; 13.725 ; 13.725 ; 13.725 ; 13.725 ;
; A[5]       ; Y[2]        ; 13.772 ; 13.772 ; 13.772 ; 13.772 ;
; A[5]       ; Y[3]        ; 13.767 ; 13.767 ; 13.767 ; 13.767 ;
; A[5]       ; Y[4]        ; 13.789 ; 13.789 ; 13.789 ; 13.789 ;
; A[6]       ; Y[0]        ; 12.506 ; 12.506 ; 12.506 ; 12.506 ;
; A[6]       ; Y[1]        ; 13.099 ; 13.099 ; 13.099 ; 13.099 ;
; A[6]       ; Y[2]        ; 13.146 ; 13.146 ; 13.146 ; 13.146 ;
; A[6]       ; Y[3]        ; 13.141 ; 13.141 ; 13.141 ; 13.141 ;
; A[6]       ; Y[4]        ; 13.163 ; 13.163 ; 13.163 ; 13.163 ;
; A[7]       ; Y[0]        ; 9.067  ; 9.067  ; 9.067  ; 9.067  ;
; A[7]       ; Y[1]        ; 9.660  ; 9.660  ; 9.660  ; 9.660  ;
; A[7]       ; Y[2]        ; 9.707  ; 9.707  ; 9.707  ; 9.707  ;
; A[7]       ; Y[3]        ; 9.702  ; 9.702  ; 9.702  ; 9.702  ;
; A[7]       ; Y[4]        ; 9.724  ; 9.724  ; 9.724  ; 9.724  ;
; A[8]       ; Y[0]        ; 12.833 ; 12.833 ; 12.833 ; 12.833 ;
; A[8]       ; Y[1]        ; 13.422 ; 13.422 ; 13.422 ; 13.422 ;
; A[8]       ; Y[2]        ; 13.648 ; 13.648 ; 13.648 ; 13.648 ;
; A[8]       ; Y[3]        ; 13.643 ; 13.643 ; 13.643 ; 13.643 ;
; A[8]       ; Y[4]        ; 13.796 ; 13.796 ; 13.796 ; 13.796 ;
; A[9]       ; Y[0]        ; 13.248 ; 13.248 ; 13.248 ; 13.248 ;
; A[9]       ; Y[1]        ; 13.837 ; 13.837 ; 13.837 ; 13.837 ;
; A[9]       ; Y[2]        ; 14.063 ; 14.063 ; 14.063 ; 14.063 ;
; A[9]       ; Y[3]        ; 14.058 ; 14.058 ; 14.058 ; 14.058 ;
; A[9]       ; Y[4]        ; 14.211 ; 14.211 ; 14.211 ; 14.211 ;
; A[10]      ; Y[0]        ; 13.182 ; 13.182 ; 13.182 ; 13.182 ;
; A[10]      ; Y[1]        ; 13.771 ; 13.771 ; 13.771 ; 13.771 ;
; A[10]      ; Y[2]        ; 13.997 ; 13.997 ; 13.997 ; 13.997 ;
; A[10]      ; Y[3]        ; 13.992 ; 13.992 ; 13.992 ; 13.992 ;
; A[10]      ; Y[4]        ; 14.145 ; 14.145 ; 14.145 ; 14.145 ;
; A[11]      ; Y[0]        ; 13.136 ; 13.136 ; 13.136 ; 13.136 ;
; A[11]      ; Y[1]        ; 13.725 ; 13.725 ; 13.725 ; 13.725 ;
; A[11]      ; Y[2]        ; 13.951 ; 13.951 ; 13.951 ; 13.951 ;
; A[11]      ; Y[3]        ; 13.946 ; 13.946 ; 13.946 ; 13.946 ;
; A[11]      ; Y[4]        ; 14.099 ; 14.099 ; 14.099 ; 14.099 ;
; A[12]      ; Y[0]        ; 13.255 ; 13.255 ; 13.255 ; 13.255 ;
; A[12]      ; Y[1]        ; 13.844 ; 13.844 ; 13.844 ; 13.844 ;
; A[12]      ; Y[2]        ; 14.074 ; 14.074 ; 14.074 ; 14.074 ;
; A[12]      ; Y[3]        ; 14.157 ; 14.157 ; 14.157 ; 14.157 ;
; A[12]      ; Y[4]        ; 14.364 ; 14.364 ; 14.364 ; 14.364 ;
; A[13]      ; Y[0]        ; 13.702 ; 13.702 ; 13.702 ; 13.702 ;
; A[13]      ; Y[1]        ; 14.291 ; 14.291 ; 14.291 ; 14.291 ;
; A[13]      ; Y[2]        ; 14.521 ; 14.521 ; 14.521 ; 14.521 ;
; A[13]      ; Y[3]        ; 14.602 ; 14.602 ; 14.602 ; 14.602 ;
; A[13]      ; Y[4]        ; 14.809 ; 14.809 ; 14.809 ; 14.809 ;
; A[14]      ; Y[0]        ; 13.265 ; 13.265 ; 13.265 ; 13.265 ;
; A[14]      ; Y[1]        ; 13.854 ; 13.854 ; 13.854 ; 13.854 ;
; A[14]      ; Y[2]        ; 14.084 ; 14.084 ; 14.084 ; 14.084 ;
; A[14]      ; Y[3]        ; 14.166 ; 14.166 ; 14.166 ; 14.166 ;
; A[14]      ; Y[4]        ; 14.373 ; 14.373 ; 14.373 ; 14.373 ;
; A[15]      ; Y[0]        ; 13.277 ; 13.277 ; 13.277 ; 13.277 ;
; A[15]      ; Y[1]        ; 13.866 ; 13.866 ; 13.866 ; 13.866 ;
; A[15]      ; Y[2]        ; 14.096 ; 14.096 ; 14.096 ; 14.096 ;
; A[15]      ; Y[3]        ; 14.177 ; 14.177 ; 14.177 ; 14.177 ;
; A[15]      ; Y[4]        ; 14.384 ; 14.384 ; 14.384 ; 14.384 ;
; B[0]       ; Y[0]        ; 12.891 ; 12.891 ; 12.891 ; 12.891 ;
; B[0]       ; Y[1]        ; 13.484 ; 13.484 ; 13.484 ; 13.484 ;
; B[0]       ; Y[2]        ; 13.527 ; 13.527 ; 13.527 ; 13.527 ;
; B[0]       ; Y[3]        ; 13.522 ; 13.522 ; 13.522 ; 13.522 ;
; B[0]       ; Y[4]        ; 13.544 ; 13.544 ; 13.544 ; 13.544 ;
; B[1]       ; Y[0]        ; 12.306 ; 12.306 ; 12.306 ; 12.306 ;
; B[1]       ; Y[1]        ; 12.899 ; 12.899 ; 12.899 ; 12.899 ;
; B[1]       ; Y[2]        ; 12.942 ; 12.942 ; 12.942 ; 12.942 ;
; B[1]       ; Y[3]        ; 12.937 ; 12.937 ; 12.937 ; 12.937 ;
; B[1]       ; Y[4]        ; 12.959 ; 12.959 ; 12.959 ; 12.959 ;
; B[2]       ; Y[0]        ; 12.948 ; 12.948 ; 12.948 ; 12.948 ;
; B[2]       ; Y[1]        ; 13.541 ; 13.541 ; 13.541 ; 13.541 ;
; B[2]       ; Y[2]        ; 13.584 ; 13.584 ; 13.584 ; 13.584 ;
; B[2]       ; Y[3]        ; 13.579 ; 13.579 ; 13.579 ; 13.579 ;
; B[2]       ; Y[4]        ; 13.601 ; 13.601 ; 13.601 ; 13.601 ;
; B[3]       ; Y[0]        ; 12.174 ; 12.174 ; 12.174 ; 12.174 ;
; B[3]       ; Y[1]        ; 12.767 ; 12.767 ; 12.767 ; 12.767 ;
; B[3]       ; Y[2]        ; 12.810 ; 12.810 ; 12.810 ; 12.810 ;
; B[3]       ; Y[3]        ; 12.805 ; 12.805 ; 12.805 ; 12.805 ;
; B[3]       ; Y[4]        ; 12.827 ; 12.827 ; 12.827 ; 12.827 ;
; B[4]       ; Y[0]        ; 9.407  ; 9.407  ; 9.407  ; 9.407  ;
; B[4]       ; Y[1]        ; 10.000 ; 10.000 ; 10.000 ; 10.000 ;
; B[4]       ; Y[2]        ; 10.047 ; 10.047 ; 10.047 ; 10.047 ;
; B[4]       ; Y[3]        ; 10.042 ; 10.042 ; 10.042 ; 10.042 ;
; B[4]       ; Y[4]        ; 10.064 ; 10.064 ; 10.064 ; 10.064 ;
; B[5]       ; Y[0]        ; 13.020 ; 13.020 ; 13.020 ; 13.020 ;
; B[5]       ; Y[1]        ; 13.613 ; 13.613 ; 13.613 ; 13.613 ;
; B[5]       ; Y[2]        ; 13.660 ; 13.660 ; 13.660 ; 13.660 ;
; B[5]       ; Y[3]        ; 13.655 ; 13.655 ; 13.655 ; 13.655 ;
; B[5]       ; Y[4]        ; 13.677 ; 13.677 ; 13.677 ; 13.677 ;
; B[6]       ; Y[0]        ; 12.843 ; 12.843 ; 12.843 ; 12.843 ;
; B[6]       ; Y[1]        ; 13.436 ; 13.436 ; 13.436 ; 13.436 ;
; B[6]       ; Y[2]        ; 13.483 ; 13.483 ; 13.483 ; 13.483 ;
; B[6]       ; Y[3]        ; 13.478 ; 13.478 ; 13.478 ; 13.478 ;
; B[6]       ; Y[4]        ; 13.500 ; 13.500 ; 13.500 ; 13.500 ;
; B[7]       ; Y[0]        ; 8.920  ; 8.920  ; 8.920  ; 8.920  ;
; B[7]       ; Y[1]        ; 9.513  ; 9.513  ; 9.513  ; 9.513  ;
; B[7]       ; Y[2]        ; 9.560  ; 9.560  ; 9.560  ; 9.560  ;
; B[7]       ; Y[3]        ; 9.555  ; 9.555  ; 9.555  ; 9.555  ;
; B[7]       ; Y[4]        ; 9.577  ; 9.577  ; 9.577  ; 9.577  ;
; B[8]       ; Y[0]        ; 13.321 ; 13.321 ; 13.321 ; 13.321 ;
; B[8]       ; Y[1]        ; 13.910 ; 13.910 ; 13.910 ; 13.910 ;
; B[8]       ; Y[2]        ; 14.136 ; 14.136 ; 14.136 ; 14.136 ;
; B[8]       ; Y[3]        ; 14.131 ; 14.131 ; 14.131 ; 14.131 ;
; B[8]       ; Y[4]        ; 14.284 ; 14.284 ; 14.284 ; 14.284 ;
; B[9]       ; Y[0]        ; 13.155 ; 13.155 ; 13.155 ; 13.155 ;
; B[9]       ; Y[1]        ; 13.744 ; 13.744 ; 13.744 ; 13.744 ;
; B[9]       ; Y[2]        ; 13.970 ; 13.970 ; 13.970 ; 13.970 ;
; B[9]       ; Y[3]        ; 13.965 ; 13.965 ; 13.965 ; 13.965 ;
; B[9]       ; Y[4]        ; 14.118 ; 14.118 ; 14.118 ; 14.118 ;
; B[10]      ; Y[0]        ; 13.040 ; 13.040 ; 13.040 ; 13.040 ;
; B[10]      ; Y[1]        ; 13.629 ; 13.629 ; 13.629 ; 13.629 ;
; B[10]      ; Y[2]        ; 13.855 ; 13.855 ; 13.855 ; 13.855 ;
; B[10]      ; Y[3]        ; 13.850 ; 13.850 ; 13.850 ; 13.850 ;
; B[10]      ; Y[4]        ; 14.003 ; 14.003 ; 14.003 ; 14.003 ;
; B[11]      ; Y[0]        ; 13.185 ; 13.185 ; 13.185 ; 13.185 ;
; B[11]      ; Y[1]        ; 13.774 ; 13.774 ; 13.774 ; 13.774 ;
; B[11]      ; Y[2]        ; 14.000 ; 14.000 ; 14.000 ; 14.000 ;
; B[11]      ; Y[3]        ; 13.995 ; 13.995 ; 13.995 ; 13.995 ;
; B[11]      ; Y[4]        ; 14.148 ; 14.148 ; 14.148 ; 14.148 ;
; B[12]      ; Y[0]        ; 13.904 ; 13.904 ; 13.904 ; 13.904 ;
; B[12]      ; Y[1]        ; 14.493 ; 14.493 ; 14.493 ; 14.493 ;
; B[12]      ; Y[2]        ; 14.723 ; 14.723 ; 14.723 ; 14.723 ;
; B[12]      ; Y[3]        ; 14.806 ; 14.806 ; 14.806 ; 14.806 ;
; B[12]      ; Y[4]        ; 15.013 ; 15.013 ; 15.013 ; 15.013 ;
; B[13]      ; Y[0]        ; 13.190 ; 13.190 ; 13.190 ; 13.190 ;
; B[13]      ; Y[1]        ; 13.779 ; 13.779 ; 13.779 ; 13.779 ;
; B[13]      ; Y[2]        ; 14.009 ; 14.009 ; 14.009 ; 14.009 ;
; B[13]      ; Y[3]        ; 14.090 ; 14.090 ; 14.090 ; 14.090 ;
; B[13]      ; Y[4]        ; 14.297 ; 14.297 ; 14.297 ; 14.297 ;
; B[14]      ; Y[0]        ; 13.921 ; 13.921 ; 13.921 ; 13.921 ;
; B[14]      ; Y[1]        ; 14.510 ; 14.510 ; 14.510 ; 14.510 ;
; B[14]      ; Y[2]        ; 14.740 ; 14.740 ; 14.740 ; 14.740 ;
; B[14]      ; Y[3]        ; 14.822 ; 14.822 ; 14.822 ; 14.822 ;
; B[14]      ; Y[4]        ; 15.029 ; 15.029 ; 15.029 ; 15.029 ;
; B[15]      ; Y[0]        ; 13.463 ; 13.463 ; 13.463 ; 13.463 ;
; B[15]      ; Y[1]        ; 14.052 ; 14.052 ; 14.052 ; 14.052 ;
; B[15]      ; Y[2]        ; 14.282 ; 14.282 ; 14.282 ; 14.282 ;
; B[15]      ; Y[3]        ; 14.363 ; 14.363 ; 14.363 ; 14.363 ;
; B[15]      ; Y[4]        ; 14.570 ; 14.570 ; 14.570 ; 14.570 ;
; sel        ; Y[0]        ; 13.509 ; 13.509 ; 13.509 ; 13.509 ;
; sel        ; Y[1]        ; 14.098 ; 14.098 ; 14.098 ; 14.098 ;
; sel        ; Y[2]        ; 14.328 ; 14.328 ; 14.328 ; 14.328 ;
; sel        ; Y[3]        ; 14.411 ; 14.411 ; 14.411 ; 14.411 ;
; sel        ; Y[4]        ; 14.618 ; 14.618 ; 14.618 ; 14.618 ;
+------------+-------------+--------+--------+--------+--------+


+--------------------------------------------------------------+
; Minimum Propagation Delay                                    ;
+------------+-------------+--------+--------+--------+--------+
; Input Port ; Output Port ; RR     ; RF     ; FR     ; FF     ;
+------------+-------------+--------+--------+--------+--------+
; A[0]       ; Y[0]        ; 13.015 ; 13.015 ; 13.015 ; 13.015 ;
; A[0]       ; Y[1]        ; 13.034 ; 13.034 ; 13.034 ; 13.034 ;
; A[0]       ; Y[2]        ; 12.768 ; 12.768 ; 12.768 ; 12.768 ;
; A[0]       ; Y[3]        ; 13.074 ; 13.074 ; 13.074 ; 13.074 ;
; A[0]       ; Y[4]        ; 13.097 ; 13.097 ; 13.097 ; 13.097 ;
; A[1]       ; Y[0]        ; 12.510 ; 12.510 ; 12.510 ; 12.510 ;
; A[1]       ; Y[1]        ; 12.537 ; 12.537 ; 12.537 ; 12.537 ;
; A[1]       ; Y[2]        ; 12.311 ; 12.311 ; 12.311 ; 12.311 ;
; A[1]       ; Y[3]        ; 12.617 ; 12.617 ; 12.617 ; 12.617 ;
; A[1]       ; Y[4]        ; 12.640 ; 12.640 ; 12.640 ; 12.640 ;
; A[2]       ; Y[0]        ; 12.446 ; 12.446 ; 12.446 ; 12.446 ;
; A[2]       ; Y[1]        ; 12.471 ; 12.471 ; 12.471 ; 12.471 ;
; A[2]       ; Y[2]        ; 12.196 ; 12.196 ; 12.196 ; 12.196 ;
; A[2]       ; Y[3]        ; 12.502 ; 12.502 ; 12.502 ; 12.502 ;
; A[2]       ; Y[4]        ; 12.525 ; 12.525 ; 12.525 ; 12.525 ;
; A[3]       ; Y[0]        ; 12.685 ; 12.685 ; 12.685 ; 12.685 ;
; A[3]       ; Y[1]        ; 12.711 ; 12.711 ; 12.711 ; 12.711 ;
; A[3]       ; Y[2]        ; 12.485 ; 12.485 ; 12.485 ; 12.485 ;
; A[3]       ; Y[3]        ; 12.791 ; 12.791 ; 12.791 ; 12.791 ;
; A[3]       ; Y[4]        ; 12.814 ; 12.814 ; 12.814 ; 12.814 ;
; A[4]       ; Y[0]        ; 9.100  ; 9.100  ; 9.100  ; 9.100  ;
; A[4]       ; Y[1]        ; 8.829  ; 8.829  ; 8.829  ; 8.829  ;
; A[4]       ; Y[2]        ; 8.526  ; 8.526  ; 8.526  ; 8.526  ;
; A[4]       ; Y[3]        ; 8.829  ; 8.829  ; 8.829  ; 8.829  ;
; A[4]       ; Y[4]        ; 8.855  ; 8.855  ; 8.855  ; 8.855  ;
; A[5]       ; Y[0]        ; 13.132 ; 13.132 ; 13.132 ; 13.132 ;
; A[5]       ; Y[1]        ; 12.861 ; 12.861 ; 12.861 ; 12.861 ;
; A[5]       ; Y[2]        ; 12.549 ; 12.549 ; 12.549 ; 12.549 ;
; A[5]       ; Y[3]        ; 12.852 ; 12.852 ; 12.852 ; 12.852 ;
; A[5]       ; Y[4]        ; 12.878 ; 12.878 ; 12.878 ; 12.878 ;
; A[6]       ; Y[0]        ; 12.506 ; 12.506 ; 12.506 ; 12.506 ;
; A[6]       ; Y[1]        ; 12.235 ; 12.235 ; 12.235 ; 12.235 ;
; A[6]       ; Y[2]        ; 11.971 ; 11.971 ; 11.971 ; 11.971 ;
; A[6]       ; Y[3]        ; 12.274 ; 12.274 ; 12.274 ; 12.274 ;
; A[6]       ; Y[4]        ; 12.300 ; 12.300 ; 12.300 ; 12.300 ;
; A[7]       ; Y[0]        ; 9.067  ; 9.067  ; 9.067  ; 9.067  ;
; A[7]       ; Y[1]        ; 8.800  ; 8.800  ; 8.800  ; 8.800  ;
; A[7]       ; Y[2]        ; 8.530  ; 8.530  ; 8.530  ; 8.530  ;
; A[7]       ; Y[3]        ; 8.833  ; 8.833  ; 8.833  ; 8.833  ;
; A[7]       ; Y[4]        ; 8.859  ; 8.859  ; 8.859  ; 8.859  ;
; A[8]       ; Y[0]        ; 12.833 ; 12.833 ; 12.833 ; 12.833 ;
; A[8]       ; Y[1]        ; 13.036 ; 13.036 ; 13.036 ; 13.036 ;
; A[8]       ; Y[2]        ; 12.786 ; 12.786 ; 12.786 ; 12.786 ;
; A[8]       ; Y[3]        ; 13.096 ; 13.096 ; 13.096 ; 13.096 ;
; A[8]       ; Y[4]        ; 13.118 ; 13.118 ; 13.118 ; 13.118 ;
; A[9]       ; Y[0]        ; 13.248 ; 13.248 ; 13.248 ; 13.248 ;
; A[9]       ; Y[1]        ; 13.448 ; 13.448 ; 13.448 ; 13.448 ;
; A[9]       ; Y[2]        ; 13.249 ; 13.249 ; 13.249 ; 13.249 ;
; A[9]       ; Y[3]        ; 13.559 ; 13.559 ; 13.559 ; 13.559 ;
; A[9]       ; Y[4]        ; 13.581 ; 13.581 ; 13.581 ; 13.581 ;
; A[10]      ; Y[0]        ; 13.182 ; 13.182 ; 13.182 ; 13.182 ;
; A[10]      ; Y[1]        ; 13.382 ; 13.382 ; 13.382 ; 13.382 ;
; A[10]      ; Y[2]        ; 13.183 ; 13.183 ; 13.183 ; 13.183 ;
; A[10]      ; Y[3]        ; 13.493 ; 13.493 ; 13.493 ; 13.493 ;
; A[10]      ; Y[4]        ; 13.515 ; 13.515 ; 13.515 ; 13.515 ;
; A[11]      ; Y[0]        ; 13.136 ; 13.136 ; 13.136 ; 13.136 ;
; A[11]      ; Y[1]        ; 13.342 ; 13.342 ; 13.342 ; 13.342 ;
; A[11]      ; Y[2]        ; 13.096 ; 13.096 ; 13.096 ; 13.096 ;
; A[11]      ; Y[3]        ; 13.406 ; 13.406 ; 13.406 ; 13.406 ;
; A[11]      ; Y[4]        ; 13.428 ; 13.428 ; 13.428 ; 13.428 ;
; A[12]      ; Y[0]        ; 13.255 ; 13.255 ; 13.255 ; 13.255 ;
; A[12]      ; Y[1]        ; 13.670 ; 13.670 ; 13.670 ; 13.670 ;
; A[12]      ; Y[2]        ; 13.182 ; 13.182 ; 13.182 ; 13.182 ;
; A[12]      ; Y[3]        ; 13.492 ; 13.492 ; 13.492 ; 13.492 ;
; A[12]      ; Y[4]        ; 13.514 ; 13.514 ; 13.514 ; 13.514 ;
; A[13]      ; Y[0]        ; 13.702 ; 13.702 ; 13.702 ; 13.702 ;
; A[13]      ; Y[1]        ; 14.115 ; 14.115 ; 14.115 ; 14.115 ;
; A[13]      ; Y[2]        ; 13.626 ; 13.626 ; 13.626 ; 13.626 ;
; A[13]      ; Y[3]        ; 13.936 ; 13.936 ; 13.936 ; 13.936 ;
; A[13]      ; Y[4]        ; 13.958 ; 13.958 ; 13.958 ; 13.958 ;
; A[14]      ; Y[0]        ; 13.265 ; 13.265 ; 13.265 ; 13.265 ;
; A[14]      ; Y[1]        ; 13.679 ; 13.679 ; 13.679 ; 13.679 ;
; A[14]      ; Y[2]        ; 13.226 ; 13.226 ; 13.226 ; 13.226 ;
; A[14]      ; Y[3]        ; 13.536 ; 13.536 ; 13.536 ; 13.536 ;
; A[14]      ; Y[4]        ; 13.558 ; 13.558 ; 13.558 ; 13.558 ;
; A[15]      ; Y[0]        ; 13.277 ; 13.277 ; 13.277 ; 13.277 ;
; A[15]      ; Y[1]        ; 13.690 ; 13.690 ; 13.690 ; 13.690 ;
; A[15]      ; Y[2]        ; 13.245 ; 13.245 ; 13.245 ; 13.245 ;
; A[15]      ; Y[3]        ; 13.555 ; 13.555 ; 13.555 ; 13.555 ;
; A[15]      ; Y[4]        ; 13.577 ; 13.577 ; 13.577 ; 13.577 ;
; B[0]       ; Y[0]        ; 12.891 ; 12.891 ; 12.891 ; 12.891 ;
; B[0]       ; Y[1]        ; 12.910 ; 12.910 ; 12.910 ; 12.910 ;
; B[0]       ; Y[2]        ; 12.644 ; 12.644 ; 12.644 ; 12.644 ;
; B[0]       ; Y[3]        ; 12.950 ; 12.950 ; 12.950 ; 12.950 ;
; B[0]       ; Y[4]        ; 12.973 ; 12.973 ; 12.973 ; 12.973 ;
; B[1]       ; Y[0]        ; 12.306 ; 12.306 ; 12.306 ; 12.306 ;
; B[1]       ; Y[1]        ; 12.333 ; 12.333 ; 12.333 ; 12.333 ;
; B[1]       ; Y[2]        ; 12.107 ; 12.107 ; 12.107 ; 12.107 ;
; B[1]       ; Y[3]        ; 12.413 ; 12.413 ; 12.413 ; 12.413 ;
; B[1]       ; Y[4]        ; 12.436 ; 12.436 ; 12.436 ; 12.436 ;
; B[2]       ; Y[0]        ; 12.948 ; 12.948 ; 12.948 ; 12.948 ;
; B[2]       ; Y[1]        ; 12.973 ; 12.973 ; 12.973 ; 12.973 ;
; B[2]       ; Y[2]        ; 12.698 ; 12.698 ; 12.698 ; 12.698 ;
; B[2]       ; Y[3]        ; 13.004 ; 13.004 ; 13.004 ; 13.004 ;
; B[2]       ; Y[4]        ; 13.027 ; 13.027 ; 13.027 ; 13.027 ;
; B[3]       ; Y[0]        ; 12.174 ; 12.174 ; 12.174 ; 12.174 ;
; B[3]       ; Y[1]        ; 12.200 ; 12.200 ; 12.200 ; 12.200 ;
; B[3]       ; Y[2]        ; 11.974 ; 11.974 ; 11.974 ; 11.974 ;
; B[3]       ; Y[3]        ; 12.280 ; 12.280 ; 12.280 ; 12.280 ;
; B[3]       ; Y[4]        ; 12.303 ; 12.303 ; 12.303 ; 12.303 ;
; B[4]       ; Y[0]        ; 9.407  ; 9.407  ; 9.407  ; 9.407  ;
; B[4]       ; Y[1]        ; 9.136  ; 9.136  ; 9.136  ; 9.136  ;
; B[4]       ; Y[2]        ; 8.833  ; 8.833  ; 8.833  ; 8.833  ;
; B[4]       ; Y[3]        ; 9.136  ; 9.136  ; 9.136  ; 9.136  ;
; B[4]       ; Y[4]        ; 9.162  ; 9.162  ; 9.162  ; 9.162  ;
; B[5]       ; Y[0]        ; 13.020 ; 13.020 ; 13.020 ; 13.020 ;
; B[5]       ; Y[1]        ; 12.749 ; 12.749 ; 12.749 ; 12.749 ;
; B[5]       ; Y[2]        ; 12.437 ; 12.437 ; 12.437 ; 12.437 ;
; B[5]       ; Y[3]        ; 12.740 ; 12.740 ; 12.740 ; 12.740 ;
; B[5]       ; Y[4]        ; 12.766 ; 12.766 ; 12.766 ; 12.766 ;
; B[6]       ; Y[0]        ; 12.843 ; 12.843 ; 12.843 ; 12.843 ;
; B[6]       ; Y[1]        ; 12.572 ; 12.572 ; 12.572 ; 12.572 ;
; B[6]       ; Y[2]        ; 12.308 ; 12.308 ; 12.308 ; 12.308 ;
; B[6]       ; Y[3]        ; 12.611 ; 12.611 ; 12.611 ; 12.611 ;
; B[6]       ; Y[4]        ; 12.637 ; 12.637 ; 12.637 ; 12.637 ;
; B[7]       ; Y[0]        ; 8.920  ; 8.920  ; 8.920  ; 8.920  ;
; B[7]       ; Y[1]        ; 8.653  ; 8.653  ; 8.653  ; 8.653  ;
; B[7]       ; Y[2]        ; 8.383  ; 8.383  ; 8.383  ; 8.383  ;
; B[7]       ; Y[3]        ; 8.686  ; 8.686  ; 8.686  ; 8.686  ;
; B[7]       ; Y[4]        ; 8.712  ; 8.712  ; 8.712  ; 8.712  ;
; B[8]       ; Y[0]        ; 13.321 ; 13.321 ; 13.321 ; 13.321 ;
; B[8]       ; Y[1]        ; 13.524 ; 13.524 ; 13.524 ; 13.524 ;
; B[8]       ; Y[2]        ; 13.274 ; 13.274 ; 13.274 ; 13.274 ;
; B[8]       ; Y[3]        ; 13.584 ; 13.584 ; 13.584 ; 13.584 ;
; B[8]       ; Y[4]        ; 13.606 ; 13.606 ; 13.606 ; 13.606 ;
; B[9]       ; Y[0]        ; 13.155 ; 13.155 ; 13.155 ; 13.155 ;
; B[9]       ; Y[1]        ; 13.355 ; 13.355 ; 13.355 ; 13.355 ;
; B[9]       ; Y[2]        ; 13.156 ; 13.156 ; 13.156 ; 13.156 ;
; B[9]       ; Y[3]        ; 13.466 ; 13.466 ; 13.466 ; 13.466 ;
; B[9]       ; Y[4]        ; 13.488 ; 13.488 ; 13.488 ; 13.488 ;
; B[10]      ; Y[0]        ; 13.040 ; 13.040 ; 13.040 ; 13.040 ;
; B[10]      ; Y[1]        ; 13.240 ; 13.240 ; 13.240 ; 13.240 ;
; B[10]      ; Y[2]        ; 13.041 ; 13.041 ; 13.041 ; 13.041 ;
; B[10]      ; Y[3]        ; 13.351 ; 13.351 ; 13.351 ; 13.351 ;
; B[10]      ; Y[4]        ; 13.373 ; 13.373 ; 13.373 ; 13.373 ;
; B[11]      ; Y[0]        ; 13.185 ; 13.185 ; 13.185 ; 13.185 ;
; B[11]      ; Y[1]        ; 13.391 ; 13.391 ; 13.391 ; 13.391 ;
; B[11]      ; Y[2]        ; 13.145 ; 13.145 ; 13.145 ; 13.145 ;
; B[11]      ; Y[3]        ; 13.455 ; 13.455 ; 13.455 ; 13.455 ;
; B[11]      ; Y[4]        ; 13.477 ; 13.477 ; 13.477 ; 13.477 ;
; B[12]      ; Y[0]        ; 13.904 ; 13.904 ; 13.904 ; 13.904 ;
; B[12]      ; Y[1]        ; 14.319 ; 14.319 ; 14.319 ; 14.319 ;
; B[12]      ; Y[2]        ; 13.831 ; 13.831 ; 13.831 ; 13.831 ;
; B[12]      ; Y[3]        ; 14.141 ; 14.141 ; 14.141 ; 14.141 ;
; B[12]      ; Y[4]        ; 14.163 ; 14.163 ; 14.163 ; 14.163 ;
; B[13]      ; Y[0]        ; 13.190 ; 13.190 ; 13.190 ; 13.190 ;
; B[13]      ; Y[1]        ; 13.603 ; 13.603 ; 13.603 ; 13.603 ;
; B[13]      ; Y[2]        ; 13.114 ; 13.114 ; 13.114 ; 13.114 ;
; B[13]      ; Y[3]        ; 13.424 ; 13.424 ; 13.424 ; 13.424 ;
; B[13]      ; Y[4]        ; 13.446 ; 13.446 ; 13.446 ; 13.446 ;
; B[14]      ; Y[0]        ; 13.921 ; 13.921 ; 13.921 ; 13.921 ;
; B[14]      ; Y[1]        ; 14.335 ; 14.335 ; 14.335 ; 14.335 ;
; B[14]      ; Y[2]        ; 13.882 ; 13.882 ; 13.882 ; 13.882 ;
; B[14]      ; Y[3]        ; 14.192 ; 14.192 ; 14.192 ; 14.192 ;
; B[14]      ; Y[4]        ; 14.214 ; 14.214 ; 14.214 ; 14.214 ;
; B[15]      ; Y[0]        ; 13.463 ; 13.463 ; 13.463 ; 13.463 ;
; B[15]      ; Y[1]        ; 13.876 ; 13.876 ; 13.876 ; 13.876 ;
; B[15]      ; Y[2]        ; 13.431 ; 13.431 ; 13.431 ; 13.431 ;
; B[15]      ; Y[3]        ; 13.741 ; 13.741 ; 13.741 ; 13.741 ;
; B[15]      ; Y[4]        ; 13.763 ; 13.763 ; 13.763 ; 13.763 ;
; sel        ; Y[0]        ; 12.411 ; 12.411 ; 12.411 ; 12.411 ;
; sel        ; Y[1]        ; 12.428 ; 12.428 ; 12.428 ; 12.428 ;
; sel        ; Y[2]        ; 12.158 ; 12.158 ; 12.158 ; 12.158 ;
; sel        ; Y[3]        ; 12.461 ; 12.461 ; 12.461 ; 12.461 ;
; sel        ; Y[4]        ; 12.487 ; 12.487 ; 12.487 ; 12.487 ;
+------------+-------------+--------+--------+--------+--------+


----------------------------
; Fast Model Setup Summary ;
----------------------------
No paths to report.


---------------------------
; Fast Model Hold Summary ;
---------------------------
No paths to report.


-------------------------------
; Fast Model Recovery Summary ;
-------------------------------
No paths to report.


------------------------------
; Fast Model Removal Summary ;
------------------------------
No paths to report.


------------------------------------------
; Fast Model Minimum Pulse Width Summary ;
------------------------------------------
No paths to report.


+----------------------------------------------------------+
; Propagation Delay                                        ;
+------------+-------------+-------+-------+-------+-------+
; Input Port ; Output Port ; RR    ; RF    ; FR    ; FF    ;
+------------+-------------+-------+-------+-------+-------+
; A[0]       ; Y[0]        ; 6.958 ; 6.958 ; 6.958 ; 6.958 ;
; A[0]       ; Y[1]        ; 7.142 ; 7.142 ; 7.142 ; 7.142 ;
; A[0]       ; Y[2]        ; 7.152 ; 7.152 ; 7.152 ; 7.152 ;
; A[0]       ; Y[3]        ; 7.131 ; 7.131 ; 7.131 ; 7.131 ;
; A[0]       ; Y[4]        ; 7.159 ; 7.159 ; 7.159 ; 7.159 ;
; A[1]       ; Y[0]        ; 6.639 ; 6.639 ; 6.639 ; 6.639 ;
; A[1]       ; Y[1]        ; 6.823 ; 6.823 ; 6.823 ; 6.823 ;
; A[1]       ; Y[2]        ; 6.833 ; 6.833 ; 6.833 ; 6.833 ;
; A[1]       ; Y[3]        ; 6.812 ; 6.812 ; 6.812 ; 6.812 ;
; A[1]       ; Y[4]        ; 6.840 ; 6.840 ; 6.840 ; 6.840 ;
; A[2]       ; Y[0]        ; 6.617 ; 6.617 ; 6.617 ; 6.617 ;
; A[2]       ; Y[1]        ; 6.801 ; 6.801 ; 6.801 ; 6.801 ;
; A[2]       ; Y[2]        ; 6.811 ; 6.811 ; 6.811 ; 6.811 ;
; A[2]       ; Y[3]        ; 6.790 ; 6.790 ; 6.790 ; 6.790 ;
; A[2]       ; Y[4]        ; 6.818 ; 6.818 ; 6.818 ; 6.818 ;
; A[3]       ; Y[0]        ; 6.808 ; 6.808 ; 6.808 ; 6.808 ;
; A[3]       ; Y[1]        ; 6.992 ; 6.992 ; 6.992 ; 6.992 ;
; A[3]       ; Y[2]        ; 7.002 ; 7.002 ; 7.002 ; 7.002 ;
; A[3]       ; Y[3]        ; 6.981 ; 6.981 ; 6.981 ; 6.981 ;
; A[3]       ; Y[4]        ; 7.009 ; 7.009 ; 7.009 ; 7.009 ;
; A[4]       ; Y[0]        ; 4.509 ; 4.509 ; 4.509 ; 4.509 ;
; A[4]       ; Y[1]        ; 4.693 ; 4.693 ; 4.693 ; 4.693 ;
; A[4]       ; Y[2]        ; 4.708 ; 4.708 ; 4.708 ; 4.708 ;
; A[4]       ; Y[3]        ; 4.687 ; 4.687 ; 4.687 ; 4.687 ;
; A[4]       ; Y[4]        ; 4.715 ; 4.715 ; 4.715 ; 4.715 ;
; A[5]       ; Y[0]        ; 6.990 ; 6.990 ; 6.990 ; 6.990 ;
; A[5]       ; Y[1]        ; 7.174 ; 7.174 ; 7.174 ; 7.174 ;
; A[5]       ; Y[2]        ; 7.189 ; 7.189 ; 7.189 ; 7.189 ;
; A[5]       ; Y[3]        ; 7.168 ; 7.168 ; 7.168 ; 7.168 ;
; A[5]       ; Y[4]        ; 7.196 ; 7.196 ; 7.196 ; 7.196 ;
; A[6]       ; Y[0]        ; 6.660 ; 6.660 ; 6.660 ; 6.660 ;
; A[6]       ; Y[1]        ; 6.844 ; 6.844 ; 6.844 ; 6.844 ;
; A[6]       ; Y[2]        ; 6.859 ; 6.859 ; 6.859 ; 6.859 ;
; A[6]       ; Y[3]        ; 6.838 ; 6.838 ; 6.838 ; 6.838 ;
; A[6]       ; Y[4]        ; 6.866 ; 6.866 ; 6.866 ; 6.866 ;
; A[7]       ; Y[0]        ; 4.505 ; 4.505 ; 4.505 ; 4.505 ;
; A[7]       ; Y[1]        ; 4.689 ; 4.689 ; 4.689 ; 4.689 ;
; A[7]       ; Y[2]        ; 4.704 ; 4.704 ; 4.704 ; 4.704 ;
; A[7]       ; Y[3]        ; 4.683 ; 4.683 ; 4.683 ; 4.683 ;
; A[7]       ; Y[4]        ; 4.711 ; 4.711 ; 4.711 ; 4.711 ;
; A[8]       ; Y[0]        ; 6.804 ; 6.804 ; 6.804 ; 6.804 ;
; A[8]       ; Y[1]        ; 6.983 ; 6.983 ; 6.983 ; 6.983 ;
; A[8]       ; Y[2]        ; 7.075 ; 7.075 ; 7.075 ; 7.075 ;
; A[8]       ; Y[3]        ; 7.054 ; 7.054 ; 7.054 ; 7.054 ;
; A[8]       ; Y[4]        ; 7.123 ; 7.123 ; 7.123 ; 7.123 ;
; A[9]       ; Y[0]        ; 6.986 ; 6.986 ; 6.986 ; 6.986 ;
; A[9]       ; Y[1]        ; 7.165 ; 7.165 ; 7.165 ; 7.165 ;
; A[9]       ; Y[2]        ; 7.257 ; 7.257 ; 7.257 ; 7.257 ;
; A[9]       ; Y[3]        ; 7.236 ; 7.236 ; 7.236 ; 7.236 ;
; A[9]       ; Y[4]        ; 7.305 ; 7.305 ; 7.305 ; 7.305 ;
; A[10]      ; Y[0]        ; 6.997 ; 6.997 ; 6.997 ; 6.997 ;
; A[10]      ; Y[1]        ; 7.176 ; 7.176 ; 7.176 ; 7.176 ;
; A[10]      ; Y[2]        ; 7.268 ; 7.268 ; 7.268 ; 7.268 ;
; A[10]      ; Y[3]        ; 7.247 ; 7.247 ; 7.247 ; 7.247 ;
; A[10]      ; Y[4]        ; 7.316 ; 7.316 ; 7.316 ; 7.316 ;
; A[11]      ; Y[0]        ; 6.930 ; 6.930 ; 6.930 ; 6.930 ;
; A[11]      ; Y[1]        ; 7.109 ; 7.109 ; 7.109 ; 7.109 ;
; A[11]      ; Y[2]        ; 7.201 ; 7.201 ; 7.201 ; 7.201 ;
; A[11]      ; Y[3]        ; 7.180 ; 7.180 ; 7.180 ; 7.180 ;
; A[11]      ; Y[4]        ; 7.249 ; 7.249 ; 7.249 ; 7.249 ;
; A[12]      ; Y[0]        ; 7.052 ; 7.052 ; 7.052 ; 7.052 ;
; A[12]      ; Y[1]        ; 7.233 ; 7.233 ; 7.233 ; 7.233 ;
; A[12]      ; Y[2]        ; 7.328 ; 7.328 ; 7.328 ; 7.328 ;
; A[12]      ; Y[3]        ; 7.324 ; 7.324 ; 7.324 ; 7.324 ;
; A[12]      ; Y[4]        ; 7.433 ; 7.433 ; 7.433 ; 7.433 ;
; A[13]      ; Y[0]        ; 7.235 ; 7.235 ; 7.235 ; 7.235 ;
; A[13]      ; Y[1]        ; 7.416 ; 7.416 ; 7.416 ; 7.416 ;
; A[13]      ; Y[2]        ; 7.511 ; 7.511 ; 7.511 ; 7.511 ;
; A[13]      ; Y[3]        ; 7.505 ; 7.505 ; 7.505 ; 7.505 ;
; A[13]      ; Y[4]        ; 7.614 ; 7.614 ; 7.614 ; 7.614 ;
; A[14]      ; Y[0]        ; 7.028 ; 7.028 ; 7.028 ; 7.028 ;
; A[14]      ; Y[1]        ; 7.209 ; 7.209 ; 7.209 ; 7.209 ;
; A[14]      ; Y[2]        ; 7.304 ; 7.304 ; 7.304 ; 7.304 ;
; A[14]      ; Y[3]        ; 7.301 ; 7.301 ; 7.301 ; 7.301 ;
; A[14]      ; Y[4]        ; 7.410 ; 7.410 ; 7.410 ; 7.410 ;
; A[15]      ; Y[0]        ; 7.052 ; 7.052 ; 7.052 ; 7.052 ;
; A[15]      ; Y[1]        ; 7.233 ; 7.233 ; 7.233 ; 7.233 ;
; A[15]      ; Y[2]        ; 7.328 ; 7.328 ; 7.328 ; 7.328 ;
; A[15]      ; Y[3]        ; 7.324 ; 7.324 ; 7.324 ; 7.324 ;
; A[15]      ; Y[4]        ; 7.433 ; 7.433 ; 7.433 ; 7.433 ;
; B[0]       ; Y[0]        ; 6.817 ; 6.817 ; 6.817 ; 6.817 ;
; B[0]       ; Y[1]        ; 7.001 ; 7.001 ; 7.001 ; 7.001 ;
; B[0]       ; Y[2]        ; 7.011 ; 7.011 ; 7.011 ; 7.011 ;
; B[0]       ; Y[3]        ; 6.990 ; 6.990 ; 6.990 ; 6.990 ;
; B[0]       ; Y[4]        ; 7.018 ; 7.018 ; 7.018 ; 7.018 ;
; B[1]       ; Y[0]        ; 6.563 ; 6.563 ; 6.563 ; 6.563 ;
; B[1]       ; Y[1]        ; 6.747 ; 6.747 ; 6.747 ; 6.747 ;
; B[1]       ; Y[2]        ; 6.757 ; 6.757 ; 6.757 ; 6.757 ;
; B[1]       ; Y[3]        ; 6.736 ; 6.736 ; 6.736 ; 6.736 ;
; B[1]       ; Y[4]        ; 6.764 ; 6.764 ; 6.764 ; 6.764 ;
; B[2]       ; Y[0]        ; 6.880 ; 6.880 ; 6.880 ; 6.880 ;
; B[2]       ; Y[1]        ; 7.064 ; 7.064 ; 7.064 ; 7.064 ;
; B[2]       ; Y[2]        ; 7.074 ; 7.074 ; 7.074 ; 7.074 ;
; B[2]       ; Y[3]        ; 7.053 ; 7.053 ; 7.053 ; 7.053 ;
; B[2]       ; Y[4]        ; 7.081 ; 7.081 ; 7.081 ; 7.081 ;
; B[3]       ; Y[0]        ; 6.507 ; 6.507 ; 6.507 ; 6.507 ;
; B[3]       ; Y[1]        ; 6.691 ; 6.691 ; 6.691 ; 6.691 ;
; B[3]       ; Y[2]        ; 6.701 ; 6.701 ; 6.701 ; 6.701 ;
; B[3]       ; Y[3]        ; 6.680 ; 6.680 ; 6.680 ; 6.680 ;
; B[3]       ; Y[4]        ; 6.708 ; 6.708 ; 6.708 ; 6.708 ;
; B[4]       ; Y[0]        ; 4.643 ; 4.643 ; 4.643 ; 4.643 ;
; B[4]       ; Y[1]        ; 4.827 ; 4.827 ; 4.827 ; 4.827 ;
; B[4]       ; Y[2]        ; 4.842 ; 4.842 ; 4.842 ; 4.842 ;
; B[4]       ; Y[3]        ; 4.821 ; 4.821 ; 4.821 ; 4.821 ;
; B[4]       ; Y[4]        ; 4.849 ; 4.849 ; 4.849 ; 4.849 ;
; B[5]       ; Y[0]        ; 6.931 ; 6.931 ; 6.931 ; 6.931 ;
; B[5]       ; Y[1]        ; 7.115 ; 7.115 ; 7.115 ; 7.115 ;
; B[5]       ; Y[2]        ; 7.130 ; 7.130 ; 7.130 ; 7.130 ;
; B[5]       ; Y[3]        ; 7.109 ; 7.109 ; 7.109 ; 7.109 ;
; B[5]       ; Y[4]        ; 7.137 ; 7.137 ; 7.137 ; 7.137 ;
; B[6]       ; Y[0]        ; 6.848 ; 6.848 ; 6.848 ; 6.848 ;
; B[6]       ; Y[1]        ; 7.032 ; 7.032 ; 7.032 ; 7.032 ;
; B[6]       ; Y[2]        ; 7.047 ; 7.047 ; 7.047 ; 7.047 ;
; B[6]       ; Y[3]        ; 7.026 ; 7.026 ; 7.026 ; 7.026 ;
; B[6]       ; Y[4]        ; 7.054 ; 7.054 ; 7.054 ; 7.054 ;
; B[7]       ; Y[0]        ; 4.431 ; 4.431 ; 4.431 ; 4.431 ;
; B[7]       ; Y[1]        ; 4.615 ; 4.615 ; 4.615 ; 4.615 ;
; B[7]       ; Y[2]        ; 4.630 ; 4.630 ; 4.630 ; 4.630 ;
; B[7]       ; Y[3]        ; 4.609 ; 4.609 ; 4.609 ; 4.609 ;
; B[7]       ; Y[4]        ; 4.637 ; 4.637 ; 4.637 ; 4.637 ;
; B[8]       ; Y[0]        ; 7.095 ; 7.095 ; 7.095 ; 7.095 ;
; B[8]       ; Y[1]        ; 7.274 ; 7.274 ; 7.274 ; 7.274 ;
; B[8]       ; Y[2]        ; 7.366 ; 7.366 ; 7.366 ; 7.366 ;
; B[8]       ; Y[3]        ; 7.345 ; 7.345 ; 7.345 ; 7.345 ;
; B[8]       ; Y[4]        ; 7.414 ; 7.414 ; 7.414 ; 7.414 ;
; B[9]       ; Y[0]        ; 6.989 ; 6.989 ; 6.989 ; 6.989 ;
; B[9]       ; Y[1]        ; 7.168 ; 7.168 ; 7.168 ; 7.168 ;
; B[9]       ; Y[2]        ; 7.260 ; 7.260 ; 7.260 ; 7.260 ;
; B[9]       ; Y[3]        ; 7.239 ; 7.239 ; 7.239 ; 7.239 ;
; B[9]       ; Y[4]        ; 7.308 ; 7.308 ; 7.308 ; 7.308 ;
; B[10]      ; Y[0]        ; 6.939 ; 6.939 ; 6.939 ; 6.939 ;
; B[10]      ; Y[1]        ; 7.118 ; 7.118 ; 7.118 ; 7.118 ;
; B[10]      ; Y[2]        ; 7.210 ; 7.210 ; 7.210 ; 7.210 ;
; B[10]      ; Y[3]        ; 7.189 ; 7.189 ; 7.189 ; 7.189 ;
; B[10]      ; Y[4]        ; 7.258 ; 7.258 ; 7.258 ; 7.258 ;
; B[11]      ; Y[0]        ; 6.941 ; 6.941 ; 6.941 ; 6.941 ;
; B[11]      ; Y[1]        ; 7.120 ; 7.120 ; 7.120 ; 7.120 ;
; B[11]      ; Y[2]        ; 7.212 ; 7.212 ; 7.212 ; 7.212 ;
; B[11]      ; Y[3]        ; 7.191 ; 7.191 ; 7.191 ; 7.191 ;
; B[11]      ; Y[4]        ; 7.260 ; 7.260 ; 7.260 ; 7.260 ;
; B[12]      ; Y[0]        ; 7.288 ; 7.288 ; 7.288 ; 7.288 ;
; B[12]      ; Y[1]        ; 7.469 ; 7.469 ; 7.469 ; 7.469 ;
; B[12]      ; Y[2]        ; 7.564 ; 7.564 ; 7.564 ; 7.564 ;
; B[12]      ; Y[3]        ; 7.560 ; 7.560 ; 7.560 ; 7.560 ;
; B[12]      ; Y[4]        ; 7.669 ; 7.669 ; 7.669 ; 7.669 ;
; B[13]      ; Y[0]        ; 6.948 ; 6.948 ; 6.948 ; 6.948 ;
; B[13]      ; Y[1]        ; 7.129 ; 7.129 ; 7.129 ; 7.129 ;
; B[13]      ; Y[2]        ; 7.224 ; 7.224 ; 7.224 ; 7.224 ;
; B[13]      ; Y[3]        ; 7.218 ; 7.218 ; 7.218 ; 7.218 ;
; B[13]      ; Y[4]        ; 7.327 ; 7.327 ; 7.327 ; 7.327 ;
; B[14]      ; Y[0]        ; 7.330 ; 7.330 ; 7.330 ; 7.330 ;
; B[14]      ; Y[1]        ; 7.511 ; 7.511 ; 7.511 ; 7.511 ;
; B[14]      ; Y[2]        ; 7.606 ; 7.606 ; 7.606 ; 7.606 ;
; B[14]      ; Y[3]        ; 7.603 ; 7.603 ; 7.603 ; 7.603 ;
; B[14]      ; Y[4]        ; 7.712 ; 7.712 ; 7.712 ; 7.712 ;
; B[15]      ; Y[0]        ; 7.141 ; 7.141 ; 7.141 ; 7.141 ;
; B[15]      ; Y[1]        ; 7.322 ; 7.322 ; 7.322 ; 7.322 ;
; B[15]      ; Y[2]        ; 7.417 ; 7.417 ; 7.417 ; 7.417 ;
; B[15]      ; Y[3]        ; 7.413 ; 7.413 ; 7.413 ; 7.413 ;
; B[15]      ; Y[4]        ; 7.522 ; 7.522 ; 7.522 ; 7.522 ;
; sel        ; Y[0]        ; 7.097 ; 7.097 ; 7.097 ; 7.097 ;
; sel        ; Y[1]        ; 7.278 ; 7.278 ; 7.278 ; 7.278 ;
; sel        ; Y[2]        ; 7.373 ; 7.373 ; 7.373 ; 7.373 ;
; sel        ; Y[3]        ; 7.369 ; 7.369 ; 7.369 ; 7.369 ;
; sel        ; Y[4]        ; 7.478 ; 7.478 ; 7.478 ; 7.478 ;
+------------+-------------+-------+-------+-------+-------+


+----------------------------------------------------------+
; Minimum Propagation Delay                                ;
+------------+-------------+-------+-------+-------+-------+
; Input Port ; Output Port ; RR    ; RF    ; FR    ; FF    ;
+------------+-------------+-------+-------+-------+-------+
; A[0]       ; Y[0]        ; 6.958 ; 6.958 ; 6.958 ; 6.958 ;
; A[0]       ; Y[1]        ; 6.917 ; 6.917 ; 6.917 ; 6.917 ;
; A[0]       ; Y[2]        ; 6.834 ; 6.834 ; 6.834 ; 6.834 ;
; A[0]       ; Y[3]        ; 6.916 ; 6.916 ; 6.916 ; 6.916 ;
; A[0]       ; Y[4]        ; 6.944 ; 6.944 ; 6.944 ; 6.944 ;
; A[1]       ; Y[0]        ; 6.639 ; 6.639 ; 6.639 ; 6.639 ;
; A[1]       ; Y[1]        ; 6.607 ; 6.607 ; 6.607 ; 6.607 ;
; A[1]       ; Y[2]        ; 6.521 ; 6.521 ; 6.521 ; 6.521 ;
; A[1]       ; Y[3]        ; 6.603 ; 6.603 ; 6.603 ; 6.603 ;
; A[1]       ; Y[4]        ; 6.631 ; 6.631 ; 6.631 ; 6.631 ;
; A[2]       ; Y[0]        ; 6.617 ; 6.617 ; 6.617 ; 6.617 ;
; A[2]       ; Y[1]        ; 6.581 ; 6.581 ; 6.581 ; 6.581 ;
; A[2]       ; Y[2]        ; 6.496 ; 6.496 ; 6.496 ; 6.496 ;
; A[2]       ; Y[3]        ; 6.578 ; 6.578 ; 6.578 ; 6.578 ;
; A[2]       ; Y[4]        ; 6.606 ; 6.606 ; 6.606 ; 6.606 ;
; A[3]       ; Y[0]        ; 6.808 ; 6.808 ; 6.808 ; 6.808 ;
; A[3]       ; Y[1]        ; 6.775 ; 6.775 ; 6.775 ; 6.775 ;
; A[3]       ; Y[2]        ; 6.685 ; 6.685 ; 6.685 ; 6.685 ;
; A[3]       ; Y[3]        ; 6.767 ; 6.767 ; 6.767 ; 6.767 ;
; A[3]       ; Y[4]        ; 6.795 ; 6.795 ; 6.795 ; 6.795 ;
; A[4]       ; Y[0]        ; 4.509 ; 4.509 ; 4.509 ; 4.509 ;
; A[4]       ; Y[1]        ; 4.345 ; 4.345 ; 4.345 ; 4.345 ;
; A[4]       ; Y[2]        ; 4.246 ; 4.246 ; 4.246 ; 4.246 ;
; A[4]       ; Y[3]        ; 4.328 ; 4.328 ; 4.328 ; 4.328 ;
; A[4]       ; Y[4]        ; 4.356 ; 4.356 ; 4.356 ; 4.356 ;
; A[5]       ; Y[0]        ; 6.990 ; 6.990 ; 6.990 ; 6.990 ;
; A[5]       ; Y[1]        ; 6.825 ; 6.825 ; 6.825 ; 6.825 ;
; A[5]       ; Y[2]        ; 6.725 ; 6.725 ; 6.725 ; 6.725 ;
; A[5]       ; Y[3]        ; 6.807 ; 6.807 ; 6.807 ; 6.807 ;
; A[5]       ; Y[4]        ; 6.835 ; 6.835 ; 6.835 ; 6.835 ;
; A[6]       ; Y[0]        ; 6.660 ; 6.660 ; 6.660 ; 6.660 ;
; A[6]       ; Y[1]        ; 6.496 ; 6.496 ; 6.496 ; 6.496 ;
; A[6]       ; Y[2]        ; 6.393 ; 6.393 ; 6.393 ; 6.393 ;
; A[6]       ; Y[3]        ; 6.475 ; 6.475 ; 6.475 ; 6.475 ;
; A[6]       ; Y[4]        ; 6.503 ; 6.503 ; 6.503 ; 6.503 ;
; A[7]       ; Y[0]        ; 4.505 ; 4.505 ; 4.505 ; 4.505 ;
; A[7]       ; Y[1]        ; 4.345 ; 4.345 ; 4.345 ; 4.345 ;
; A[7]       ; Y[2]        ; 4.233 ; 4.233 ; 4.233 ; 4.233 ;
; A[7]       ; Y[3]        ; 4.315 ; 4.315 ; 4.315 ; 4.315 ;
; A[7]       ; Y[4]        ; 4.343 ; 4.343 ; 4.343 ; 4.343 ;
; A[8]       ; Y[0]        ; 6.804 ; 6.804 ; 6.804 ; 6.804 ;
; A[8]       ; Y[1]        ; 6.844 ; 6.844 ; 6.844 ; 6.844 ;
; A[8]       ; Y[2]        ; 6.768 ; 6.768 ; 6.768 ; 6.768 ;
; A[8]       ; Y[3]        ; 6.852 ; 6.852 ; 6.852 ; 6.852 ;
; A[8]       ; Y[4]        ; 6.880 ; 6.880 ; 6.880 ; 6.880 ;
; A[9]       ; Y[0]        ; 6.986 ; 6.986 ; 6.986 ; 6.986 ;
; A[9]       ; Y[1]        ; 7.024 ; 7.024 ; 7.024 ; 7.024 ;
; A[9]       ; Y[2]        ; 6.948 ; 6.948 ; 6.948 ; 6.948 ;
; A[9]       ; Y[3]        ; 7.032 ; 7.032 ; 7.032 ; 7.032 ;
; A[9]       ; Y[4]        ; 7.060 ; 7.060 ; 7.060 ; 7.060 ;
; A[10]      ; Y[0]        ; 6.997 ; 6.997 ; 6.997 ; 6.997 ;
; A[10]      ; Y[1]        ; 7.035 ; 7.035 ; 7.035 ; 7.035 ;
; A[10]      ; Y[2]        ; 6.956 ; 6.956 ; 6.956 ; 6.956 ;
; A[10]      ; Y[3]        ; 7.040 ; 7.040 ; 7.040 ; 7.040 ;
; A[10]      ; Y[4]        ; 7.068 ; 7.068 ; 7.068 ; 7.068 ;
; A[11]      ; Y[0]        ; 6.930 ; 6.930 ; 6.930 ; 6.930 ;
; A[11]      ; Y[1]        ; 6.974 ; 6.974 ; 6.974 ; 6.974 ;
; A[11]      ; Y[2]        ; 6.896 ; 6.896 ; 6.896 ; 6.896 ;
; A[11]      ; Y[3]        ; 6.980 ; 6.980 ; 6.980 ; 6.980 ;
; A[11]      ; Y[4]        ; 7.008 ; 7.008 ; 7.008 ; 7.008 ;
; A[12]      ; Y[0]        ; 7.052 ; 7.052 ; 7.052 ; 7.052 ;
; A[12]      ; Y[1]        ; 7.185 ; 7.185 ; 7.185 ; 7.185 ;
; A[12]      ; Y[2]        ; 6.997 ; 6.997 ; 6.997 ; 6.997 ;
; A[12]      ; Y[3]        ; 7.081 ; 7.081 ; 7.081 ; 7.081 ;
; A[12]      ; Y[4]        ; 7.109 ; 7.109 ; 7.109 ; 7.109 ;
; A[13]      ; Y[0]        ; 7.235 ; 7.235 ; 7.235 ; 7.235 ;
; A[13]      ; Y[1]        ; 7.366 ; 7.366 ; 7.366 ; 7.366 ;
; A[13]      ; Y[2]        ; 7.184 ; 7.184 ; 7.184 ; 7.184 ;
; A[13]      ; Y[3]        ; 7.268 ; 7.268 ; 7.268 ; 7.268 ;
; A[13]      ; Y[4]        ; 7.296 ; 7.296 ; 7.296 ; 7.296 ;
; A[14]      ; Y[0]        ; 7.028 ; 7.028 ; 7.028 ; 7.028 ;
; A[14]      ; Y[1]        ; 7.162 ; 7.162 ; 7.162 ; 7.162 ;
; A[14]      ; Y[2]        ; 6.965 ; 6.965 ; 6.965 ; 6.965 ;
; A[14]      ; Y[3]        ; 7.049 ; 7.049 ; 7.049 ; 7.049 ;
; A[14]      ; Y[4]        ; 7.077 ; 7.077 ; 7.077 ; 7.077 ;
; A[15]      ; Y[0]        ; 7.052 ; 7.052 ; 7.052 ; 7.052 ;
; A[15]      ; Y[1]        ; 7.185 ; 7.185 ; 7.185 ; 7.185 ;
; A[15]      ; Y[2]        ; 6.992 ; 6.992 ; 6.992 ; 6.992 ;
; A[15]      ; Y[3]        ; 7.076 ; 7.076 ; 7.076 ; 7.076 ;
; A[15]      ; Y[4]        ; 7.104 ; 7.104 ; 7.104 ; 7.104 ;
; B[0]       ; Y[0]        ; 6.817 ; 6.817 ; 6.817 ; 6.817 ;
; B[0]       ; Y[1]        ; 6.776 ; 6.776 ; 6.776 ; 6.776 ;
; B[0]       ; Y[2]        ; 6.693 ; 6.693 ; 6.693 ; 6.693 ;
; B[0]       ; Y[3]        ; 6.775 ; 6.775 ; 6.775 ; 6.775 ;
; B[0]       ; Y[4]        ; 6.803 ; 6.803 ; 6.803 ; 6.803 ;
; B[1]       ; Y[0]        ; 6.563 ; 6.563 ; 6.563 ; 6.563 ;
; B[1]       ; Y[1]        ; 6.531 ; 6.531 ; 6.531 ; 6.531 ;
; B[1]       ; Y[2]        ; 6.445 ; 6.445 ; 6.445 ; 6.445 ;
; B[1]       ; Y[3]        ; 6.527 ; 6.527 ; 6.527 ; 6.527 ;
; B[1]       ; Y[4]        ; 6.555 ; 6.555 ; 6.555 ; 6.555 ;
; B[2]       ; Y[0]        ; 6.880 ; 6.880 ; 6.880 ; 6.880 ;
; B[2]       ; Y[1]        ; 6.844 ; 6.844 ; 6.844 ; 6.844 ;
; B[2]       ; Y[2]        ; 6.759 ; 6.759 ; 6.759 ; 6.759 ;
; B[2]       ; Y[3]        ; 6.841 ; 6.841 ; 6.841 ; 6.841 ;
; B[2]       ; Y[4]        ; 6.869 ; 6.869 ; 6.869 ; 6.869 ;
; B[3]       ; Y[0]        ; 6.507 ; 6.507 ; 6.507 ; 6.507 ;
; B[3]       ; Y[1]        ; 6.474 ; 6.474 ; 6.474 ; 6.474 ;
; B[3]       ; Y[2]        ; 6.384 ; 6.384 ; 6.384 ; 6.384 ;
; B[3]       ; Y[3]        ; 6.466 ; 6.466 ; 6.466 ; 6.466 ;
; B[3]       ; Y[4]        ; 6.494 ; 6.494 ; 6.494 ; 6.494 ;
; B[4]       ; Y[0]        ; 4.643 ; 4.643 ; 4.643 ; 4.643 ;
; B[4]       ; Y[1]        ; 4.479 ; 4.479 ; 4.479 ; 4.479 ;
; B[4]       ; Y[2]        ; 4.380 ; 4.380 ; 4.380 ; 4.380 ;
; B[4]       ; Y[3]        ; 4.462 ; 4.462 ; 4.462 ; 4.462 ;
; B[4]       ; Y[4]        ; 4.490 ; 4.490 ; 4.490 ; 4.490 ;
; B[5]       ; Y[0]        ; 6.931 ; 6.931 ; 6.931 ; 6.931 ;
; B[5]       ; Y[1]        ; 6.766 ; 6.766 ; 6.766 ; 6.766 ;
; B[5]       ; Y[2]        ; 6.666 ; 6.666 ; 6.666 ; 6.666 ;
; B[5]       ; Y[3]        ; 6.748 ; 6.748 ; 6.748 ; 6.748 ;
; B[5]       ; Y[4]        ; 6.776 ; 6.776 ; 6.776 ; 6.776 ;
; B[6]       ; Y[0]        ; 6.848 ; 6.848 ; 6.848 ; 6.848 ;
; B[6]       ; Y[1]        ; 6.684 ; 6.684 ; 6.684 ; 6.684 ;
; B[6]       ; Y[2]        ; 6.581 ; 6.581 ; 6.581 ; 6.581 ;
; B[6]       ; Y[3]        ; 6.663 ; 6.663 ; 6.663 ; 6.663 ;
; B[6]       ; Y[4]        ; 6.691 ; 6.691 ; 6.691 ; 6.691 ;
; B[7]       ; Y[0]        ; 4.431 ; 4.431 ; 4.431 ; 4.431 ;
; B[7]       ; Y[1]        ; 4.271 ; 4.271 ; 4.271 ; 4.271 ;
; B[7]       ; Y[2]        ; 4.159 ; 4.159 ; 4.159 ; 4.159 ;
; B[7]       ; Y[3]        ; 4.241 ; 4.241 ; 4.241 ; 4.241 ;
; B[7]       ; Y[4]        ; 4.269 ; 4.269 ; 4.269 ; 4.269 ;
; B[8]       ; Y[0]        ; 7.095 ; 7.095 ; 7.095 ; 7.095 ;
; B[8]       ; Y[1]        ; 7.135 ; 7.135 ; 7.135 ; 7.135 ;
; B[8]       ; Y[2]        ; 7.059 ; 7.059 ; 7.059 ; 7.059 ;
; B[8]       ; Y[3]        ; 7.143 ; 7.143 ; 7.143 ; 7.143 ;
; B[8]       ; Y[4]        ; 7.171 ; 7.171 ; 7.171 ; 7.171 ;
; B[9]       ; Y[0]        ; 6.989 ; 6.989 ; 6.989 ; 6.989 ;
; B[9]       ; Y[1]        ; 7.027 ; 7.027 ; 7.027 ; 7.027 ;
; B[9]       ; Y[2]        ; 6.951 ; 6.951 ; 6.951 ; 6.951 ;
; B[9]       ; Y[3]        ; 7.035 ; 7.035 ; 7.035 ; 7.035 ;
; B[9]       ; Y[4]        ; 7.063 ; 7.063 ; 7.063 ; 7.063 ;
; B[10]      ; Y[0]        ; 6.939 ; 6.939 ; 6.939 ; 6.939 ;
; B[10]      ; Y[1]        ; 6.977 ; 6.977 ; 6.977 ; 6.977 ;
; B[10]      ; Y[2]        ; 6.898 ; 6.898 ; 6.898 ; 6.898 ;
; B[10]      ; Y[3]        ; 6.982 ; 6.982 ; 6.982 ; 6.982 ;
; B[10]      ; Y[4]        ; 7.010 ; 7.010 ; 7.010 ; 7.010 ;
; B[11]      ; Y[0]        ; 6.941 ; 6.941 ; 6.941 ; 6.941 ;
; B[11]      ; Y[1]        ; 6.985 ; 6.985 ; 6.985 ; 6.985 ;
; B[11]      ; Y[2]        ; 6.907 ; 6.907 ; 6.907 ; 6.907 ;
; B[11]      ; Y[3]        ; 6.991 ; 6.991 ; 6.991 ; 6.991 ;
; B[11]      ; Y[4]        ; 7.019 ; 7.019 ; 7.019 ; 7.019 ;
; B[12]      ; Y[0]        ; 7.288 ; 7.288 ; 7.288 ; 7.288 ;
; B[12]      ; Y[1]        ; 7.421 ; 7.421 ; 7.421 ; 7.421 ;
; B[12]      ; Y[2]        ; 7.233 ; 7.233 ; 7.233 ; 7.233 ;
; B[12]      ; Y[3]        ; 7.317 ; 7.317 ; 7.317 ; 7.317 ;
; B[12]      ; Y[4]        ; 7.345 ; 7.345 ; 7.345 ; 7.345 ;
; B[13]      ; Y[0]        ; 6.948 ; 6.948 ; 6.948 ; 6.948 ;
; B[13]      ; Y[1]        ; 7.079 ; 7.079 ; 7.079 ; 7.079 ;
; B[13]      ; Y[2]        ; 6.897 ; 6.897 ; 6.897 ; 6.897 ;
; B[13]      ; Y[3]        ; 6.981 ; 6.981 ; 6.981 ; 6.981 ;
; B[13]      ; Y[4]        ; 7.009 ; 7.009 ; 7.009 ; 7.009 ;
; B[14]      ; Y[0]        ; 7.330 ; 7.330 ; 7.330 ; 7.330 ;
; B[14]      ; Y[1]        ; 7.464 ; 7.464 ; 7.464 ; 7.464 ;
; B[14]      ; Y[2]        ; 7.267 ; 7.267 ; 7.267 ; 7.267 ;
; B[14]      ; Y[3]        ; 7.351 ; 7.351 ; 7.351 ; 7.351 ;
; B[14]      ; Y[4]        ; 7.379 ; 7.379 ; 7.379 ; 7.379 ;
; B[15]      ; Y[0]        ; 7.141 ; 7.141 ; 7.141 ; 7.141 ;
; B[15]      ; Y[1]        ; 7.274 ; 7.274 ; 7.274 ; 7.274 ;
; B[15]      ; Y[2]        ; 7.081 ; 7.081 ; 7.081 ; 7.081 ;
; B[15]      ; Y[3]        ; 7.165 ; 7.165 ; 7.165 ; 7.165 ;
; B[15]      ; Y[4]        ; 7.193 ; 7.193 ; 7.193 ; 7.193 ;
; sel        ; Y[0]        ; 6.618 ; 6.618 ; 6.618 ; 6.618 ;
; sel        ; Y[1]        ; 6.581 ; 6.581 ; 6.581 ; 6.581 ;
; sel        ; Y[2]        ; 6.469 ; 6.469 ; 6.469 ; 6.469 ;
; sel        ; Y[3]        ; 6.551 ; 6.551 ; 6.551 ; 6.551 ;
; sel        ; Y[4]        ; 6.579 ; 6.579 ; 6.579 ; 6.579 ;
+------------+-------------+-------+-------+-------+-------+


+----------------------------------------------------------------------------+
; Multicorner Timing Analysis Summary                                        ;
+------------------+-------+------+----------+---------+---------------------+
; Clock            ; Setup ; Hold ; Recovery ; Removal ; Minimum Pulse Width ;
+------------------+-------+------+----------+---------+---------------------+
; Worst-case Slack ; N/A   ; N/A  ; N/A      ; N/A     ; N/A                 ;
; Design-wide TNS  ; 0.0   ; 0.0  ; 0.0      ; 0.0     ; 0.0                 ;
+------------------+-------+------+----------+---------+---------------------+


+--------------------------------------------------------------+
; Progagation Delay                                            ;
+------------+-------------+--------+--------+--------+--------+
; Input Port ; Output Port ; RR     ; RF     ; FR     ; FF     ;
+------------+-------------+--------+--------+--------+--------+
; A[0]       ; Y[0]        ; 13.015 ; 13.015 ; 13.015 ; 13.015 ;
; A[0]       ; Y[1]        ; 13.608 ; 13.608 ; 13.608 ; 13.608 ;
; A[0]       ; Y[2]        ; 13.651 ; 13.651 ; 13.651 ; 13.651 ;
; A[0]       ; Y[3]        ; 13.646 ; 13.646 ; 13.646 ; 13.646 ;
; A[0]       ; Y[4]        ; 13.668 ; 13.668 ; 13.668 ; 13.668 ;
; A[1]       ; Y[0]        ; 12.510 ; 12.510 ; 12.510 ; 12.510 ;
; A[1]       ; Y[1]        ; 13.103 ; 13.103 ; 13.103 ; 13.103 ;
; A[1]       ; Y[2]        ; 13.146 ; 13.146 ; 13.146 ; 13.146 ;
; A[1]       ; Y[3]        ; 13.141 ; 13.141 ; 13.141 ; 13.141 ;
; A[1]       ; Y[4]        ; 13.163 ; 13.163 ; 13.163 ; 13.163 ;
; A[2]       ; Y[0]        ; 12.446 ; 12.446 ; 12.446 ; 12.446 ;
; A[2]       ; Y[1]        ; 13.039 ; 13.039 ; 13.039 ; 13.039 ;
; A[2]       ; Y[2]        ; 13.082 ; 13.082 ; 13.082 ; 13.082 ;
; A[2]       ; Y[3]        ; 13.077 ; 13.077 ; 13.077 ; 13.077 ;
; A[2]       ; Y[4]        ; 13.099 ; 13.099 ; 13.099 ; 13.099 ;
; A[3]       ; Y[0]        ; 12.685 ; 12.685 ; 12.685 ; 12.685 ;
; A[3]       ; Y[1]        ; 13.278 ; 13.278 ; 13.278 ; 13.278 ;
; A[3]       ; Y[2]        ; 13.321 ; 13.321 ; 13.321 ; 13.321 ;
; A[3]       ; Y[3]        ; 13.316 ; 13.316 ; 13.316 ; 13.316 ;
; A[3]       ; Y[4]        ; 13.338 ; 13.338 ; 13.338 ; 13.338 ;
; A[4]       ; Y[0]        ; 9.100  ; 9.100  ; 9.100  ; 9.100  ;
; A[4]       ; Y[1]        ; 9.693  ; 9.693  ; 9.693  ; 9.693  ;
; A[4]       ; Y[2]        ; 9.740  ; 9.740  ; 9.740  ; 9.740  ;
; A[4]       ; Y[3]        ; 9.735  ; 9.735  ; 9.735  ; 9.735  ;
; A[4]       ; Y[4]        ; 9.757  ; 9.757  ; 9.757  ; 9.757  ;
; A[5]       ; Y[0]        ; 13.132 ; 13.132 ; 13.132 ; 13.132 ;
; A[5]       ; Y[1]        ; 13.725 ; 13.725 ; 13.725 ; 13.725 ;
; A[5]       ; Y[2]        ; 13.772 ; 13.772 ; 13.772 ; 13.772 ;
; A[5]       ; Y[3]        ; 13.767 ; 13.767 ; 13.767 ; 13.767 ;
; A[5]       ; Y[4]        ; 13.789 ; 13.789 ; 13.789 ; 13.789 ;
; A[6]       ; Y[0]        ; 12.506 ; 12.506 ; 12.506 ; 12.506 ;
; A[6]       ; Y[1]        ; 13.099 ; 13.099 ; 13.099 ; 13.099 ;
; A[6]       ; Y[2]        ; 13.146 ; 13.146 ; 13.146 ; 13.146 ;
; A[6]       ; Y[3]        ; 13.141 ; 13.141 ; 13.141 ; 13.141 ;
; A[6]       ; Y[4]        ; 13.163 ; 13.163 ; 13.163 ; 13.163 ;
; A[7]       ; Y[0]        ; 9.067  ; 9.067  ; 9.067  ; 9.067  ;
; A[7]       ; Y[1]        ; 9.660  ; 9.660  ; 9.660  ; 9.660  ;
; A[7]       ; Y[2]        ; 9.707  ; 9.707  ; 9.707  ; 9.707  ;
; A[7]       ; Y[3]        ; 9.702  ; 9.702  ; 9.702  ; 9.702  ;
; A[7]       ; Y[4]        ; 9.724  ; 9.724  ; 9.724  ; 9.724  ;
; A[8]       ; Y[0]        ; 12.833 ; 12.833 ; 12.833 ; 12.833 ;
; A[8]       ; Y[1]        ; 13.422 ; 13.422 ; 13.422 ; 13.422 ;
; A[8]       ; Y[2]        ; 13.648 ; 13.648 ; 13.648 ; 13.648 ;
; A[8]       ; Y[3]        ; 13.643 ; 13.643 ; 13.643 ; 13.643 ;
; A[8]       ; Y[4]        ; 13.796 ; 13.796 ; 13.796 ; 13.796 ;
; A[9]       ; Y[0]        ; 13.248 ; 13.248 ; 13.248 ; 13.248 ;
; A[9]       ; Y[1]        ; 13.837 ; 13.837 ; 13.837 ; 13.837 ;
; A[9]       ; Y[2]        ; 14.063 ; 14.063 ; 14.063 ; 14.063 ;
; A[9]       ; Y[3]        ; 14.058 ; 14.058 ; 14.058 ; 14.058 ;
; A[9]       ; Y[4]        ; 14.211 ; 14.211 ; 14.211 ; 14.211 ;
; A[10]      ; Y[0]        ; 13.182 ; 13.182 ; 13.182 ; 13.182 ;
; A[10]      ; Y[1]        ; 13.771 ; 13.771 ; 13.771 ; 13.771 ;
; A[10]      ; Y[2]        ; 13.997 ; 13.997 ; 13.997 ; 13.997 ;
; A[10]      ; Y[3]        ; 13.992 ; 13.992 ; 13.992 ; 13.992 ;
; A[10]      ; Y[4]        ; 14.145 ; 14.145 ; 14.145 ; 14.145 ;
; A[11]      ; Y[0]        ; 13.136 ; 13.136 ; 13.136 ; 13.136 ;
; A[11]      ; Y[1]        ; 13.725 ; 13.725 ; 13.725 ; 13.725 ;
; A[11]      ; Y[2]        ; 13.951 ; 13.951 ; 13.951 ; 13.951 ;
; A[11]      ; Y[3]        ; 13.946 ; 13.946 ; 13.946 ; 13.946 ;
; A[11]      ; Y[4]        ; 14.099 ; 14.099 ; 14.099 ; 14.099 ;
; A[12]      ; Y[0]        ; 13.255 ; 13.255 ; 13.255 ; 13.255 ;
; A[12]      ; Y[1]        ; 13.844 ; 13.844 ; 13.844 ; 13.844 ;
; A[12]      ; Y[2]        ; 14.074 ; 14.074 ; 14.074 ; 14.074 ;
; A[12]      ; Y[3]        ; 14.157 ; 14.157 ; 14.157 ; 14.157 ;
; A[12]      ; Y[4]        ; 14.364 ; 14.364 ; 14.364 ; 14.364 ;
; A[13]      ; Y[0]        ; 13.702 ; 13.702 ; 13.702 ; 13.702 ;
; A[13]      ; Y[1]        ; 14.291 ; 14.291 ; 14.291 ; 14.291 ;
; A[13]      ; Y[2]        ; 14.521 ; 14.521 ; 14.521 ; 14.521 ;
; A[13]      ; Y[3]        ; 14.602 ; 14.602 ; 14.602 ; 14.602 ;
; A[13]      ; Y[4]        ; 14.809 ; 14.809 ; 14.809 ; 14.809 ;
; A[14]      ; Y[0]        ; 13.265 ; 13.265 ; 13.265 ; 13.265 ;
; A[14]      ; Y[1]        ; 13.854 ; 13.854 ; 13.854 ; 13.854 ;
; A[14]      ; Y[2]        ; 14.084 ; 14.084 ; 14.084 ; 14.084 ;
; A[14]      ; Y[3]        ; 14.166 ; 14.166 ; 14.166 ; 14.166 ;
; A[14]      ; Y[4]        ; 14.373 ; 14.373 ; 14.373 ; 14.373 ;
; A[15]      ; Y[0]        ; 13.277 ; 13.277 ; 13.277 ; 13.277 ;
; A[15]      ; Y[1]        ; 13.866 ; 13.866 ; 13.866 ; 13.866 ;
; A[15]      ; Y[2]        ; 14.096 ; 14.096 ; 14.096 ; 14.096 ;
; A[15]      ; Y[3]        ; 14.177 ; 14.177 ; 14.177 ; 14.177 ;
; A[15]      ; Y[4]        ; 14.384 ; 14.384 ; 14.384 ; 14.384 ;
; B[0]       ; Y[0]        ; 12.891 ; 12.891 ; 12.891 ; 12.891 ;
; B[0]       ; Y[1]        ; 13.484 ; 13.484 ; 13.484 ; 13.484 ;
; B[0]       ; Y[2]        ; 13.527 ; 13.527 ; 13.527 ; 13.527 ;
; B[0]       ; Y[3]        ; 13.522 ; 13.522 ; 13.522 ; 13.522 ;
; B[0]       ; Y[4]        ; 13.544 ; 13.544 ; 13.544 ; 13.544 ;
; B[1]       ; Y[0]        ; 12.306 ; 12.306 ; 12.306 ; 12.306 ;
; B[1]       ; Y[1]        ; 12.899 ; 12.899 ; 12.899 ; 12.899 ;
; B[1]       ; Y[2]        ; 12.942 ; 12.942 ; 12.942 ; 12.942 ;
; B[1]       ; Y[3]        ; 12.937 ; 12.937 ; 12.937 ; 12.937 ;
; B[1]       ; Y[4]        ; 12.959 ; 12.959 ; 12.959 ; 12.959 ;
; B[2]       ; Y[0]        ; 12.948 ; 12.948 ; 12.948 ; 12.948 ;
; B[2]       ; Y[1]        ; 13.541 ; 13.541 ; 13.541 ; 13.541 ;
; B[2]       ; Y[2]        ; 13.584 ; 13.584 ; 13.584 ; 13.584 ;
; B[2]       ; Y[3]        ; 13.579 ; 13.579 ; 13.579 ; 13.579 ;
; B[2]       ; Y[4]        ; 13.601 ; 13.601 ; 13.601 ; 13.601 ;
; B[3]       ; Y[0]        ; 12.174 ; 12.174 ; 12.174 ; 12.174 ;
; B[3]       ; Y[1]        ; 12.767 ; 12.767 ; 12.767 ; 12.767 ;
; B[3]       ; Y[2]        ; 12.810 ; 12.810 ; 12.810 ; 12.810 ;
; B[3]       ; Y[3]        ; 12.805 ; 12.805 ; 12.805 ; 12.805 ;
; B[3]       ; Y[4]        ; 12.827 ; 12.827 ; 12.827 ; 12.827 ;
; B[4]       ; Y[0]        ; 9.407  ; 9.407  ; 9.407  ; 9.407  ;
; B[4]       ; Y[1]        ; 10.000 ; 10.000 ; 10.000 ; 10.000 ;
; B[4]       ; Y[2]        ; 10.047 ; 10.047 ; 10.047 ; 10.047 ;
; B[4]       ; Y[3]        ; 10.042 ; 10.042 ; 10.042 ; 10.042 ;
; B[4]       ; Y[4]        ; 10.064 ; 10.064 ; 10.064 ; 10.064 ;
; B[5]       ; Y[0]        ; 13.020 ; 13.020 ; 13.020 ; 13.020 ;
; B[5]       ; Y[1]        ; 13.613 ; 13.613 ; 13.613 ; 13.613 ;
; B[5]       ; Y[2]        ; 13.660 ; 13.660 ; 13.660 ; 13.660 ;
; B[5]       ; Y[3]        ; 13.655 ; 13.655 ; 13.655 ; 13.655 ;
; B[5]       ; Y[4]        ; 13.677 ; 13.677 ; 13.677 ; 13.677 ;
; B[6]       ; Y[0]        ; 12.843 ; 12.843 ; 12.843 ; 12.843 ;
; B[6]       ; Y[1]        ; 13.436 ; 13.436 ; 13.436 ; 13.436 ;
; B[6]       ; Y[2]        ; 13.483 ; 13.483 ; 13.483 ; 13.483 ;
; B[6]       ; Y[3]        ; 13.478 ; 13.478 ; 13.478 ; 13.478 ;
; B[6]       ; Y[4]        ; 13.500 ; 13.500 ; 13.500 ; 13.500 ;
; B[7]       ; Y[0]        ; 8.920  ; 8.920  ; 8.920  ; 8.920  ;
; B[7]       ; Y[1]        ; 9.513  ; 9.513  ; 9.513  ; 9.513  ;
; B[7]       ; Y[2]        ; 9.560  ; 9.560  ; 9.560  ; 9.560  ;
; B[7]       ; Y[3]        ; 9.555  ; 9.555  ; 9.555  ; 9.555  ;
; B[7]       ; Y[4]        ; 9.577  ; 9.577  ; 9.577  ; 9.577  ;
; B[8]       ; Y[0]        ; 13.321 ; 13.321 ; 13.321 ; 13.321 ;
; B[8]       ; Y[1]        ; 13.910 ; 13.910 ; 13.910 ; 13.910 ;
; B[8]       ; Y[2]        ; 14.136 ; 14.136 ; 14.136 ; 14.136 ;
; B[8]       ; Y[3]        ; 14.131 ; 14.131 ; 14.131 ; 14.131 ;
; B[8]       ; Y[4]        ; 14.284 ; 14.284 ; 14.284 ; 14.284 ;
; B[9]       ; Y[0]        ; 13.155 ; 13.155 ; 13.155 ; 13.155 ;
; B[9]       ; Y[1]        ; 13.744 ; 13.744 ; 13.744 ; 13.744 ;
; B[9]       ; Y[2]        ; 13.970 ; 13.970 ; 13.970 ; 13.970 ;
; B[9]       ; Y[3]        ; 13.965 ; 13.965 ; 13.965 ; 13.965 ;
; B[9]       ; Y[4]        ; 14.118 ; 14.118 ; 14.118 ; 14.118 ;
; B[10]      ; Y[0]        ; 13.040 ; 13.040 ; 13.040 ; 13.040 ;
; B[10]      ; Y[1]        ; 13.629 ; 13.629 ; 13.629 ; 13.629 ;
; B[10]      ; Y[2]        ; 13.855 ; 13.855 ; 13.855 ; 13.855 ;
; B[10]      ; Y[3]        ; 13.850 ; 13.850 ; 13.850 ; 13.850 ;
; B[10]      ; Y[4]        ; 14.003 ; 14.003 ; 14.003 ; 14.003 ;
; B[11]      ; Y[0]        ; 13.185 ; 13.185 ; 13.185 ; 13.185 ;
; B[11]      ; Y[1]        ; 13.774 ; 13.774 ; 13.774 ; 13.774 ;
; B[11]      ; Y[2]        ; 14.000 ; 14.000 ; 14.000 ; 14.000 ;
; B[11]      ; Y[3]        ; 13.995 ; 13.995 ; 13.995 ; 13.995 ;
; B[11]      ; Y[4]        ; 14.148 ; 14.148 ; 14.148 ; 14.148 ;
; B[12]      ; Y[0]        ; 13.904 ; 13.904 ; 13.904 ; 13.904 ;
; B[12]      ; Y[1]        ; 14.493 ; 14.493 ; 14.493 ; 14.493 ;
; B[12]      ; Y[2]        ; 14.723 ; 14.723 ; 14.723 ; 14.723 ;
; B[12]      ; Y[3]        ; 14.806 ; 14.806 ; 14.806 ; 14.806 ;
; B[12]      ; Y[4]        ; 15.013 ; 15.013 ; 15.013 ; 15.013 ;
; B[13]      ; Y[0]        ; 13.190 ; 13.190 ; 13.190 ; 13.190 ;
; B[13]      ; Y[1]        ; 13.779 ; 13.779 ; 13.779 ; 13.779 ;
; B[13]      ; Y[2]        ; 14.009 ; 14.009 ; 14.009 ; 14.009 ;
; B[13]      ; Y[3]        ; 14.090 ; 14.090 ; 14.090 ; 14.090 ;
; B[13]      ; Y[4]        ; 14.297 ; 14.297 ; 14.297 ; 14.297 ;
; B[14]      ; Y[0]        ; 13.921 ; 13.921 ; 13.921 ; 13.921 ;
; B[14]      ; Y[1]        ; 14.510 ; 14.510 ; 14.510 ; 14.510 ;
; B[14]      ; Y[2]        ; 14.740 ; 14.740 ; 14.740 ; 14.740 ;
; B[14]      ; Y[3]        ; 14.822 ; 14.822 ; 14.822 ; 14.822 ;
; B[14]      ; Y[4]        ; 15.029 ; 15.029 ; 15.029 ; 15.029 ;
; B[15]      ; Y[0]        ; 13.463 ; 13.463 ; 13.463 ; 13.463 ;
; B[15]      ; Y[1]        ; 14.052 ; 14.052 ; 14.052 ; 14.052 ;
; B[15]      ; Y[2]        ; 14.282 ; 14.282 ; 14.282 ; 14.282 ;
; B[15]      ; Y[3]        ; 14.363 ; 14.363 ; 14.363 ; 14.363 ;
; B[15]      ; Y[4]        ; 14.570 ; 14.570 ; 14.570 ; 14.570 ;
; sel        ; Y[0]        ; 13.509 ; 13.509 ; 13.509 ; 13.509 ;
; sel        ; Y[1]        ; 14.098 ; 14.098 ; 14.098 ; 14.098 ;
; sel        ; Y[2]        ; 14.328 ; 14.328 ; 14.328 ; 14.328 ;
; sel        ; Y[3]        ; 14.411 ; 14.411 ; 14.411 ; 14.411 ;
; sel        ; Y[4]        ; 14.618 ; 14.618 ; 14.618 ; 14.618 ;
+------------+-------------+--------+--------+--------+--------+


+----------------------------------------------------------+
; Minimum Progagation Delay                                ;
+------------+-------------+-------+-------+-------+-------+
; Input Port ; Output Port ; RR    ; RF    ; FR    ; FF    ;
+------------+-------------+-------+-------+-------+-------+
; A[0]       ; Y[0]        ; 6.958 ; 6.958 ; 6.958 ; 6.958 ;
; A[0]       ; Y[1]        ; 6.917 ; 6.917 ; 6.917 ; 6.917 ;
; A[0]       ; Y[2]        ; 6.834 ; 6.834 ; 6.834 ; 6.834 ;
; A[0]       ; Y[3]        ; 6.916 ; 6.916 ; 6.916 ; 6.916 ;
; A[0]       ; Y[4]        ; 6.944 ; 6.944 ; 6.944 ; 6.944 ;
; A[1]       ; Y[0]        ; 6.639 ; 6.639 ; 6.639 ; 6.639 ;
; A[1]       ; Y[1]        ; 6.607 ; 6.607 ; 6.607 ; 6.607 ;
; A[1]       ; Y[2]        ; 6.521 ; 6.521 ; 6.521 ; 6.521 ;
; A[1]       ; Y[3]        ; 6.603 ; 6.603 ; 6.603 ; 6.603 ;
; A[1]       ; Y[4]        ; 6.631 ; 6.631 ; 6.631 ; 6.631 ;
; A[2]       ; Y[0]        ; 6.617 ; 6.617 ; 6.617 ; 6.617 ;
; A[2]       ; Y[1]        ; 6.581 ; 6.581 ; 6.581 ; 6.581 ;
; A[2]       ; Y[2]        ; 6.496 ; 6.496 ; 6.496 ; 6.496 ;
; A[2]       ; Y[3]        ; 6.578 ; 6.578 ; 6.578 ; 6.578 ;
; A[2]       ; Y[4]        ; 6.606 ; 6.606 ; 6.606 ; 6.606 ;
; A[3]       ; Y[0]        ; 6.808 ; 6.808 ; 6.808 ; 6.808 ;
; A[3]       ; Y[1]        ; 6.775 ; 6.775 ; 6.775 ; 6.775 ;
; A[3]       ; Y[2]        ; 6.685 ; 6.685 ; 6.685 ; 6.685 ;
; A[3]       ; Y[3]        ; 6.767 ; 6.767 ; 6.767 ; 6.767 ;
; A[3]       ; Y[4]        ; 6.795 ; 6.795 ; 6.795 ; 6.795 ;
; A[4]       ; Y[0]        ; 4.509 ; 4.509 ; 4.509 ; 4.509 ;
; A[4]       ; Y[1]        ; 4.345 ; 4.345 ; 4.345 ; 4.345 ;
; A[4]       ; Y[2]        ; 4.246 ; 4.246 ; 4.246 ; 4.246 ;
; A[4]       ; Y[3]        ; 4.328 ; 4.328 ; 4.328 ; 4.328 ;
; A[4]       ; Y[4]        ; 4.356 ; 4.356 ; 4.356 ; 4.356 ;
; A[5]       ; Y[0]        ; 6.990 ; 6.990 ; 6.990 ; 6.990 ;
; A[5]       ; Y[1]        ; 6.825 ; 6.825 ; 6.825 ; 6.825 ;
; A[5]       ; Y[2]        ; 6.725 ; 6.725 ; 6.725 ; 6.725 ;
; A[5]       ; Y[3]        ; 6.807 ; 6.807 ; 6.807 ; 6.807 ;
; A[5]       ; Y[4]        ; 6.835 ; 6.835 ; 6.835 ; 6.835 ;
; A[6]       ; Y[0]        ; 6.660 ; 6.660 ; 6.660 ; 6.660 ;
; A[6]       ; Y[1]        ; 6.496 ; 6.496 ; 6.496 ; 6.496 ;
; A[6]       ; Y[2]        ; 6.393 ; 6.393 ; 6.393 ; 6.393 ;
; A[6]       ; Y[3]        ; 6.475 ; 6.475 ; 6.475 ; 6.475 ;
; A[6]       ; Y[4]        ; 6.503 ; 6.503 ; 6.503 ; 6.503 ;
; A[7]       ; Y[0]        ; 4.505 ; 4.505 ; 4.505 ; 4.505 ;
; A[7]       ; Y[1]        ; 4.345 ; 4.345 ; 4.345 ; 4.345 ;
; A[7]       ; Y[2]        ; 4.233 ; 4.233 ; 4.233 ; 4.233 ;
; A[7]       ; Y[3]        ; 4.315 ; 4.315 ; 4.315 ; 4.315 ;
; A[7]       ; Y[4]        ; 4.343 ; 4.343 ; 4.343 ; 4.343 ;
; A[8]       ; Y[0]        ; 6.804 ; 6.804 ; 6.804 ; 6.804 ;
; A[8]       ; Y[1]        ; 6.844 ; 6.844 ; 6.844 ; 6.844 ;
; A[8]       ; Y[2]        ; 6.768 ; 6.768 ; 6.768 ; 6.768 ;
; A[8]       ; Y[3]        ; 6.852 ; 6.852 ; 6.852 ; 6.852 ;
; A[8]       ; Y[4]        ; 6.880 ; 6.880 ; 6.880 ; 6.880 ;
; A[9]       ; Y[0]        ; 6.986 ; 6.986 ; 6.986 ; 6.986 ;
; A[9]       ; Y[1]        ; 7.024 ; 7.024 ; 7.024 ; 7.024 ;
; A[9]       ; Y[2]        ; 6.948 ; 6.948 ; 6.948 ; 6.948 ;
; A[9]       ; Y[3]        ; 7.032 ; 7.032 ; 7.032 ; 7.032 ;
; A[9]       ; Y[4]        ; 7.060 ; 7.060 ; 7.060 ; 7.060 ;
; A[10]      ; Y[0]        ; 6.997 ; 6.997 ; 6.997 ; 6.997 ;
; A[10]      ; Y[1]        ; 7.035 ; 7.035 ; 7.035 ; 7.035 ;
; A[10]      ; Y[2]        ; 6.956 ; 6.956 ; 6.956 ; 6.956 ;
; A[10]      ; Y[3]        ; 7.040 ; 7.040 ; 7.040 ; 7.040 ;
; A[10]      ; Y[4]        ; 7.068 ; 7.068 ; 7.068 ; 7.068 ;
; A[11]      ; Y[0]        ; 6.930 ; 6.930 ; 6.930 ; 6.930 ;
; A[11]      ; Y[1]        ; 6.974 ; 6.974 ; 6.974 ; 6.974 ;
; A[11]      ; Y[2]        ; 6.896 ; 6.896 ; 6.896 ; 6.896 ;
; A[11]      ; Y[3]        ; 6.980 ; 6.980 ; 6.980 ; 6.980 ;
; A[11]      ; Y[4]        ; 7.008 ; 7.008 ; 7.008 ; 7.008 ;
; A[12]      ; Y[0]        ; 7.052 ; 7.052 ; 7.052 ; 7.052 ;
; A[12]      ; Y[1]        ; 7.185 ; 7.185 ; 7.185 ; 7.185 ;
; A[12]      ; Y[2]        ; 6.997 ; 6.997 ; 6.997 ; 6.997 ;
; A[12]      ; Y[3]        ; 7.081 ; 7.081 ; 7.081 ; 7.081 ;
; A[12]      ; Y[4]        ; 7.109 ; 7.109 ; 7.109 ; 7.109 ;
; A[13]      ; Y[0]        ; 7.235 ; 7.235 ; 7.235 ; 7.235 ;
; A[13]      ; Y[1]        ; 7.366 ; 7.366 ; 7.366 ; 7.366 ;
; A[13]      ; Y[2]        ; 7.184 ; 7.184 ; 7.184 ; 7.184 ;
; A[13]      ; Y[3]        ; 7.268 ; 7.268 ; 7.268 ; 7.268 ;
; A[13]      ; Y[4]        ; 7.296 ; 7.296 ; 7.296 ; 7.296 ;
; A[14]      ; Y[0]        ; 7.028 ; 7.028 ; 7.028 ; 7.028 ;
; A[14]      ; Y[1]        ; 7.162 ; 7.162 ; 7.162 ; 7.162 ;
; A[14]      ; Y[2]        ; 6.965 ; 6.965 ; 6.965 ; 6.965 ;
; A[14]      ; Y[3]        ; 7.049 ; 7.049 ; 7.049 ; 7.049 ;
; A[14]      ; Y[4]        ; 7.077 ; 7.077 ; 7.077 ; 7.077 ;
; A[15]      ; Y[0]        ; 7.052 ; 7.052 ; 7.052 ; 7.052 ;
; A[15]      ; Y[1]        ; 7.185 ; 7.185 ; 7.185 ; 7.185 ;
; A[15]      ; Y[2]        ; 6.992 ; 6.992 ; 6.992 ; 6.992 ;
; A[15]      ; Y[3]        ; 7.076 ; 7.076 ; 7.076 ; 7.076 ;
; A[15]      ; Y[4]        ; 7.104 ; 7.104 ; 7.104 ; 7.104 ;
; B[0]       ; Y[0]        ; 6.817 ; 6.817 ; 6.817 ; 6.817 ;
; B[0]       ; Y[1]        ; 6.776 ; 6.776 ; 6.776 ; 6.776 ;
; B[0]       ; Y[2]        ; 6.693 ; 6.693 ; 6.693 ; 6.693 ;
; B[0]       ; Y[3]        ; 6.775 ; 6.775 ; 6.775 ; 6.775 ;
; B[0]       ; Y[4]        ; 6.803 ; 6.803 ; 6.803 ; 6.803 ;
; B[1]       ; Y[0]        ; 6.563 ; 6.563 ; 6.563 ; 6.563 ;
; B[1]       ; Y[1]        ; 6.531 ; 6.531 ; 6.531 ; 6.531 ;
; B[1]       ; Y[2]        ; 6.445 ; 6.445 ; 6.445 ; 6.445 ;
; B[1]       ; Y[3]        ; 6.527 ; 6.527 ; 6.527 ; 6.527 ;
; B[1]       ; Y[4]        ; 6.555 ; 6.555 ; 6.555 ; 6.555 ;
; B[2]       ; Y[0]        ; 6.880 ; 6.880 ; 6.880 ; 6.880 ;
; B[2]       ; Y[1]        ; 6.844 ; 6.844 ; 6.844 ; 6.844 ;
; B[2]       ; Y[2]        ; 6.759 ; 6.759 ; 6.759 ; 6.759 ;
; B[2]       ; Y[3]        ; 6.841 ; 6.841 ; 6.841 ; 6.841 ;
; B[2]       ; Y[4]        ; 6.869 ; 6.869 ; 6.869 ; 6.869 ;
; B[3]       ; Y[0]        ; 6.507 ; 6.507 ; 6.507 ; 6.507 ;
; B[3]       ; Y[1]        ; 6.474 ; 6.474 ; 6.474 ; 6.474 ;
; B[3]       ; Y[2]        ; 6.384 ; 6.384 ; 6.384 ; 6.384 ;
; B[3]       ; Y[3]        ; 6.466 ; 6.466 ; 6.466 ; 6.466 ;
; B[3]       ; Y[4]        ; 6.494 ; 6.494 ; 6.494 ; 6.494 ;
; B[4]       ; Y[0]        ; 4.643 ; 4.643 ; 4.643 ; 4.643 ;
; B[4]       ; Y[1]        ; 4.479 ; 4.479 ; 4.479 ; 4.479 ;
; B[4]       ; Y[2]        ; 4.380 ; 4.380 ; 4.380 ; 4.380 ;
; B[4]       ; Y[3]        ; 4.462 ; 4.462 ; 4.462 ; 4.462 ;
; B[4]       ; Y[4]        ; 4.490 ; 4.490 ; 4.490 ; 4.490 ;
; B[5]       ; Y[0]        ; 6.931 ; 6.931 ; 6.931 ; 6.931 ;
; B[5]       ; Y[1]        ; 6.766 ; 6.766 ; 6.766 ; 6.766 ;
; B[5]       ; Y[2]        ; 6.666 ; 6.666 ; 6.666 ; 6.666 ;
; B[5]       ; Y[3]        ; 6.748 ; 6.748 ; 6.748 ; 6.748 ;
; B[5]       ; Y[4]        ; 6.776 ; 6.776 ; 6.776 ; 6.776 ;
; B[6]       ; Y[0]        ; 6.848 ; 6.848 ; 6.848 ; 6.848 ;
; B[6]       ; Y[1]        ; 6.684 ; 6.684 ; 6.684 ; 6.684 ;
; B[6]       ; Y[2]        ; 6.581 ; 6.581 ; 6.581 ; 6.581 ;
; B[6]       ; Y[3]        ; 6.663 ; 6.663 ; 6.663 ; 6.663 ;
; B[6]       ; Y[4]        ; 6.691 ; 6.691 ; 6.691 ; 6.691 ;
; B[7]       ; Y[0]        ; 4.431 ; 4.431 ; 4.431 ; 4.431 ;
; B[7]       ; Y[1]        ; 4.271 ; 4.271 ; 4.271 ; 4.271 ;
; B[7]       ; Y[2]        ; 4.159 ; 4.159 ; 4.159 ; 4.159 ;
; B[7]       ; Y[3]        ; 4.241 ; 4.241 ; 4.241 ; 4.241 ;
; B[7]       ; Y[4]        ; 4.269 ; 4.269 ; 4.269 ; 4.269 ;
; B[8]       ; Y[0]        ; 7.095 ; 7.095 ; 7.095 ; 7.095 ;
; B[8]       ; Y[1]        ; 7.135 ; 7.135 ; 7.135 ; 7.135 ;
; B[8]       ; Y[2]        ; 7.059 ; 7.059 ; 7.059 ; 7.059 ;
; B[8]       ; Y[3]        ; 7.143 ; 7.143 ; 7.143 ; 7.143 ;
; B[8]       ; Y[4]        ; 7.171 ; 7.171 ; 7.171 ; 7.171 ;
; B[9]       ; Y[0]        ; 6.989 ; 6.989 ; 6.989 ; 6.989 ;
; B[9]       ; Y[1]        ; 7.027 ; 7.027 ; 7.027 ; 7.027 ;
; B[9]       ; Y[2]        ; 6.951 ; 6.951 ; 6.951 ; 6.951 ;
; B[9]       ; Y[3]        ; 7.035 ; 7.035 ; 7.035 ; 7.035 ;
; B[9]       ; Y[4]        ; 7.063 ; 7.063 ; 7.063 ; 7.063 ;
; B[10]      ; Y[0]        ; 6.939 ; 6.939 ; 6.939 ; 6.939 ;
; B[10]      ; Y[1]        ; 6.977 ; 6.977 ; 6.977 ; 6.977 ;
; B[10]      ; Y[2]        ; 6.898 ; 6.898 ; 6.898 ; 6.898 ;
; B[10]      ; Y[3]        ; 6.982 ; 6.982 ; 6.982 ; 6.982 ;
; B[10]      ; Y[4]        ; 7.010 ; 7.010 ; 7.010 ; 7.010 ;
; B[11]      ; Y[0]        ; 6.941 ; 6.941 ; 6.941 ; 6.941 ;
; B[11]      ; Y[1]        ; 6.985 ; 6.985 ; 6.985 ; 6.985 ;
; B[11]      ; Y[2]        ; 6.907 ; 6.907 ; 6.907 ; 6.907 ;
; B[11]      ; Y[3]        ; 6.991 ; 6.991 ; 6.991 ; 6.991 ;
; B[11]      ; Y[4]        ; 7.019 ; 7.019 ; 7.019 ; 7.019 ;
; B[12]      ; Y[0]        ; 7.288 ; 7.288 ; 7.288 ; 7.288 ;
; B[12]      ; Y[1]        ; 7.421 ; 7.421 ; 7.421 ; 7.421 ;
; B[12]      ; Y[2]        ; 7.233 ; 7.233 ; 7.233 ; 7.233 ;
; B[12]      ; Y[3]        ; 7.317 ; 7.317 ; 7.317 ; 7.317 ;
; B[12]      ; Y[4]        ; 7.345 ; 7.345 ; 7.345 ; 7.345 ;
; B[13]      ; Y[0]        ; 6.948 ; 6.948 ; 6.948 ; 6.948 ;
; B[13]      ; Y[1]        ; 7.079 ; 7.079 ; 7.079 ; 7.079 ;
; B[13]      ; Y[2]        ; 6.897 ; 6.897 ; 6.897 ; 6.897 ;
; B[13]      ; Y[3]        ; 6.981 ; 6.981 ; 6.981 ; 6.981 ;
; B[13]      ; Y[4]        ; 7.009 ; 7.009 ; 7.009 ; 7.009 ;
; B[14]      ; Y[0]        ; 7.330 ; 7.330 ; 7.330 ; 7.330 ;
; B[14]      ; Y[1]        ; 7.464 ; 7.464 ; 7.464 ; 7.464 ;
; B[14]      ; Y[2]        ; 7.267 ; 7.267 ; 7.267 ; 7.267 ;
; B[14]      ; Y[3]        ; 7.351 ; 7.351 ; 7.351 ; 7.351 ;
; B[14]      ; Y[4]        ; 7.379 ; 7.379 ; 7.379 ; 7.379 ;
; B[15]      ; Y[0]        ; 7.141 ; 7.141 ; 7.141 ; 7.141 ;
; B[15]      ; Y[1]        ; 7.274 ; 7.274 ; 7.274 ; 7.274 ;
; B[15]      ; Y[2]        ; 7.081 ; 7.081 ; 7.081 ; 7.081 ;
; B[15]      ; Y[3]        ; 7.165 ; 7.165 ; 7.165 ; 7.165 ;
; B[15]      ; Y[4]        ; 7.193 ; 7.193 ; 7.193 ; 7.193 ;
; sel        ; Y[0]        ; 6.618 ; 6.618 ; 6.618 ; 6.618 ;
; sel        ; Y[1]        ; 6.581 ; 6.581 ; 6.581 ; 6.581 ;
; sel        ; Y[2]        ; 6.469 ; 6.469 ; 6.469 ; 6.469 ;
; sel        ; Y[3]        ; 6.551 ; 6.551 ; 6.551 ; 6.551 ;
; sel        ; Y[4]        ; 6.579 ; 6.579 ; 6.579 ; 6.579 ;
+------------+-------------+-------+-------+-------+-------+


-------------------
; Clock Transfers ;
-------------------
Nothing to report.


---------------
; Report TCCS ;
---------------
No dedicated SERDES Transmitter circuitry present in device or used in design


---------------
; Report RSKM ;
---------------
No dedicated SERDES Receiver circuitry present in device or used in design


+------------------------------------------------+
; Unconstrained Paths                            ;
+---------------------------------+-------+------+
; Property                        ; Setup ; Hold ;
+---------------------------------+-------+------+
; Illegal Clocks                  ; 0     ; 0    ;
; Unconstrained Clocks            ; 0     ; 0    ;
; Unconstrained Input Ports       ; 33    ; 33   ;
; Unconstrained Input Port Paths  ; 165   ; 165  ;
; Unconstrained Output Ports      ; 5     ; 5    ;
; Unconstrained Output Port Paths ; 165   ; 165  ;
+---------------------------------+-------+------+


+------------------------------------+
; TimeQuest Timing Analyzer Messages ;
+------------------------------------+
Info: *******************************************************************
Info: Running Quartus II 64-Bit TimeQuest Timing Analyzer
    Info: Version 13.0.1 Build 232 06/12/2013 Service Pack 1 SJ Web Edition
    Info: Processing started: Thu Nov 27 15:13:38 2014
Info: Command: quartus_sta cont_ceros -c cont_ceros
Info: qsta_default_script.tcl version: #1
Warning (20028): Parallel compilation is not licensed and has been disabled
Critical Warning (332012): Synopsys Design Constraints File file not found: 'cont_ceros.sdc'. A Synopsys Design Constraints File is required by the TimeQuest Timing Analyzer to get proper timing constraints. Without it, the Compiler will not properly optimize the design.
Info (332142): No user constrained base clocks found in the design. Calling "derive_clocks -period 1.0"
Info (332096): The command derive_clocks did not find any clocks to derive.  No clocks were created or changed.
Warning (332068): No clocks defined in design.
Info: Found TIMEQUEST_REPORT_SCRIPT_INCLUDE_DEFAULT_ANALYSIS = ON
Info (332159): No clocks to report
Info: Analyzing Slow Model
Info (332140): No fmax paths to report
Info (332140): No Setup paths to report
Info (332140): No Hold paths to report
Info (332140): No Recovery paths to report
Info (332140): No Removal paths to report
Info (332140): No Minimum Pulse Width paths to report
Info (332001): The selected device family is not supported by the report_metastability command.
Info: Analyzing Fast Model
Info (332142): No user constrained base clocks found in the design. Calling "derive_clocks -period 1.0"
Info (332096): The command derive_clocks did not find any clocks to derive.  No clocks were created or changed.
Warning (332068): No clocks defined in design.
Info (332140): No Setup paths to report
Info (332140): No Hold paths to report
Info (332140): No Recovery paths to report
Info (332140): No Removal paths to report
Info (332140): No Minimum Pulse Width paths to report
Info (332001): The selected device family is not supported by the report_metastability command.
Info (332102): Design is not fully constrained for setup requirements
Info (332102): Design is not fully constrained for hold requirements
Info: Quartus II 64-Bit TimeQuest Timing Analyzer was successful. 0 errors, 4 warnings
    Info: Peak virtual memory: 391 megabytes
    Info: Processing ended: Thu Nov 27 15:13:39 2014
    Info: Elapsed time: 00:00:01
    Info: Total CPU time (on all processors): 00:00:01


