TimeQuest Timing Analyzer report for det_11011
Thu Nov 27 15:08:49 2014
Quartus II 64-Bit Version 13.0.1 Build 232 06/12/2013 Service Pack 1 SJ Web Edition


---------------------
; Table of Contents ;
---------------------
  1. Legal Notice
  2. TimeQuest Timing Analyzer Summary
  3. Parallel Compilation
  4. Clocks
  5. Slow Model Fmax Summary
  6. Slow Model Setup Summary
  7. Slow Model Hold Summary
  8. Slow Model Recovery Summary
  9. Slow Model Removal Summary
 10. Slow Model Minimum Pulse Width Summary
 11. Propagation Delay
 12. Minimum Propagation Delay
 13. Fast Model Setup Summary
 14. Fast Model Hold Summary
 15. Fast Model Recovery Summary
 16. Fast Model Removal Summary
 17. Fast Model Minimum Pulse Width Summary
 18. Propagation Delay
 19. Minimum Propagation Delay
 20. Multicorner Timing Analysis Summary
 21. Progagation Delay
 22. Minimum Progagation Delay
 23. Clock Transfers
 24. Report TCCS
 25. Report RSKM
 26. Unconstrained Paths
 27. TimeQuest Timing Analyzer Messages



----------------
; Legal Notice ;
----------------
Copyright (C) 1991-2013 Altera Corporation
Your use of Altera Corporation's design tools, logic functions 
and other software and tools, and its AMPP partner logic 
functions, and any output files from any of the foregoing 
(including device programming or simulation files), and any 
associated documentation or information are expressly subject 
to the terms and conditions of the Altera Program License 
Subscription Agreement, Altera MegaCore Function License 
Agreement, or other applicable license agreement, including, 
without limitation, that your use is for the sole purpose of 
programming logic devices manufactured by Altera and sold by 
Altera or its authorized distributors.  Please refer to the 
applicable agreement for further details.



+----------------------------------------------------------------------------------------+
; TimeQuest Timing Analyzer Summary                                                      ;
+--------------------+-------------------------------------------------------------------+
; Quartus II Version ; Version 13.0.1 Build 232 06/12/2013 Service Pack 1 SJ Web Edition ;
; Revision Name      ; det_11011                                                         ;
; Device Family      ; Cyclone II                                                        ;
; Device Name        ; EP2C5T144C6                                                       ;
; Timing Models      ; Final                                                             ;
; Delay Model        ; Combined                                                          ;
; Rise/Fall Delays   ; Unavailable                                                       ;
+--------------------+-------------------------------------------------------------------+


Parallel compilation was disabled, but you have multiple processors available. Enable parallel compilation to reduce compilation time.
+-------------------------------------+
; Parallel Compilation                ;
+----------------------------+--------+
; Processors                 ; Number ;
+----------------------------+--------+
; Number detected on machine ; 4      ;
; Maximum allowed            ; 1      ;
+----------------------------+--------+


----------
; Clocks ;
----------
No clocks to report.


---------------------------
; Slow Model Fmax Summary ;
---------------------------
No paths to report.


----------------------------
; Slow Model Setup Summary ;
----------------------------
No paths to report.


---------------------------
; Slow Model Hold Summary ;
---------------------------
No paths to report.


-------------------------------
; Slow Model Recovery Summary ;
-------------------------------
No paths to report.


------------------------------
; Slow Model Removal Summary ;
------------------------------
No paths to report.


------------------------------------------
; Slow Model Minimum Pulse Width Summary ;
------------------------------------------
No paths to report.


+--------------------------------------------------------------+
; Propagation Delay                                            ;
+------------+-------------+--------+--------+--------+--------+
; Input Port ; Output Port ; RR     ; RF     ; FR     ; FF     ;
+------------+-------------+--------+--------+--------+--------+
; A[0]       ; Y[0]        ; 14.593 ; 14.593 ; 14.593 ; 14.593 ;
; A[0]       ; Y[1]        ; 13.862 ; 13.862 ; 13.862 ; 13.862 ;
; A[0]       ; Y[2]        ; 13.897 ; 13.897 ; 13.897 ; 13.897 ;
; A[0]       ; Y[3]        ; 14.203 ; 14.203 ; 14.203 ; 14.203 ;
; A[1]       ; Y[0]        ; 14.342 ; 14.342 ; 14.342 ; 14.342 ;
; A[1]       ; Y[1]        ; 13.611 ; 13.611 ; 13.611 ; 13.611 ;
; A[1]       ; Y[2]        ; 13.646 ; 13.646 ; 13.646 ; 13.646 ;
; A[1]       ; Y[3]        ; 13.952 ; 13.952 ; 13.952 ; 13.952 ;
; A[2]       ; Y[0]        ; 14.936 ; 14.936 ; 14.936 ; 14.936 ;
; A[2]       ; Y[1]        ; 14.205 ; 14.205 ; 14.205 ; 14.205 ;
; A[2]       ; Y[2]        ; 14.240 ; 14.240 ; 14.240 ; 14.240 ;
; A[2]       ; Y[3]        ; 14.546 ; 14.546 ; 14.546 ; 14.546 ;
; A[3]       ; Y[0]        ; 15.715 ; 15.715 ; 15.715 ; 15.715 ;
; A[3]       ; Y[1]        ; 14.984 ; 14.984 ; 14.984 ; 14.984 ;
; A[3]       ; Y[2]        ; 15.019 ; 15.019 ; 15.019 ; 15.019 ;
; A[3]       ; Y[3]        ; 15.297 ; 15.297 ; 15.297 ; 15.297 ;
; A[4]       ; Y[0]        ; 14.905 ; 14.905 ; 14.905 ; 14.905 ;
; A[4]       ; Y[1]        ; 14.174 ; 14.174 ; 14.174 ; 14.174 ;
; A[4]       ; Y[2]        ; 14.209 ; 14.209 ; 14.209 ; 14.209 ;
; A[4]       ; Y[3]        ; 14.478 ; 14.478 ; 14.478 ; 14.478 ;
; A[5]       ; Y[0]        ; 15.283 ; 15.283 ; 15.283 ; 15.283 ;
; A[5]       ; Y[1]        ; 14.552 ; 14.552 ; 14.552 ; 14.552 ;
; A[5]       ; Y[2]        ; 14.587 ; 14.587 ; 14.587 ; 14.587 ;
; A[5]       ; Y[3]        ; 14.893 ; 14.893 ; 14.893 ; 14.893 ;
; A[6]       ; Y[0]        ; 15.458 ; 15.458 ; 15.458 ; 15.458 ;
; A[6]       ; Y[1]        ; 14.727 ; 14.727 ; 14.727 ; 14.727 ;
; A[6]       ; Y[2]        ; 14.762 ; 14.762 ; 14.762 ; 14.762 ;
; A[6]       ; Y[3]        ; 15.031 ; 15.031 ; 15.031 ; 15.031 ;
; A[7]       ; Y[0]        ; 15.147 ; 15.147 ; 15.147 ; 15.147 ;
; A[7]       ; Y[1]        ; 14.416 ; 14.416 ; 14.416 ; 14.416 ;
; A[7]       ; Y[2]        ; 14.451 ; 14.451 ; 14.451 ; 14.451 ;
; A[7]       ; Y[3]        ; 14.720 ; 14.720 ; 14.720 ; 14.720 ;
; A[8]       ; Y[0]        ; 15.141 ; 15.141 ; 15.141 ; 15.141 ;
; A[8]       ; Y[1]        ; 14.410 ; 14.410 ; 14.410 ; 14.410 ;
; A[8]       ; Y[2]        ; 14.445 ; 14.445 ; 14.445 ; 14.445 ;
; A[8]       ; Y[3]        ; 14.714 ; 14.714 ; 14.714 ; 14.714 ;
; A[9]       ; Y[0]        ; 16.370 ; 16.370 ; 16.370 ; 16.370 ;
; A[9]       ; Y[1]        ; 15.639 ; 15.639 ; 15.639 ; 15.639 ;
; A[9]       ; Y[2]        ; 15.674 ; 15.674 ; 15.674 ; 15.674 ;
; A[9]       ; Y[3]        ; 15.943 ; 15.943 ; 15.943 ; 15.943 ;
; A[10]      ; Y[0]        ; 14.089 ; 14.089 ; 14.089 ; 14.089 ;
; A[10]      ; Y[1]        ; 13.362 ; 13.362 ; 13.362 ; 13.362 ;
; A[10]      ; Y[2]        ; 13.397 ; 13.397 ; 13.397 ; 13.397 ;
; A[10]      ; Y[3]        ; 13.654 ; 13.654 ; 13.654 ; 13.654 ;
; A[11]      ; Y[0]        ; 9.738  ; 9.738  ; 9.738  ; 9.738  ;
; A[11]      ; Y[1]        ; 9.011  ; 9.011  ; 9.011  ; 9.011  ;
; A[11]      ; Y[2]        ; 9.046  ; 9.046  ; 9.046  ; 9.046  ;
; A[11]      ; Y[3]        ; 9.303  ; 9.303  ; 9.303  ; 9.303  ;
; A[12]      ; Y[0]        ; 14.442 ; 14.442 ; 14.442 ; 14.442 ;
; A[12]      ; Y[1]        ; 13.715 ; 13.715 ; 13.715 ; 13.715 ;
; A[12]      ; Y[2]        ; 13.750 ; 13.750 ; 13.750 ; 13.750 ;
; A[12]      ; Y[3]        ; 14.007 ; 14.007 ; 14.007 ; 14.007 ;
; A[13]      ; Y[0]        ; 14.242 ; 14.242 ; 14.242 ; 14.242 ;
; A[13]      ; Y[1]        ; 13.515 ; 13.515 ; 13.515 ; 13.515 ;
; A[13]      ; Y[2]        ; 13.550 ; 13.550 ; 13.550 ; 13.550 ;
; A[13]      ; Y[3]        ; 13.807 ; 13.807 ; 13.807 ; 13.807 ;
; A[14]      ; Y[0]        ; 12.759 ; 12.759 ; 12.759 ; 12.759 ;
; A[14]      ; Y[1]        ; 12.032 ; 12.032 ; 12.032 ; 12.032 ;
; A[14]      ; Y[2]        ; 12.067 ; 12.067 ; 12.067 ; 12.067 ;
; A[14]      ; Y[3]        ; 12.324 ; 12.324 ; 12.324 ; 12.324 ;
; A[15]      ; Y[0]        ; 9.304  ; 9.304  ; 9.304  ; 9.304  ;
; A[15]      ; Y[1]        ; 8.577  ; 8.577  ; 8.577  ; 8.577  ;
; A[15]      ; Y[2]        ; 8.612  ; 8.612  ; 8.612  ; 8.612  ;
; A[15]      ; Y[3]        ; 8.869  ; 8.869  ; 8.869  ; 8.869  ;
; B[0]       ; Y[0]        ; 15.100 ; 15.100 ; 15.100 ; 15.100 ;
; B[0]       ; Y[1]        ; 14.369 ; 14.369 ; 14.369 ; 14.369 ;
; B[0]       ; Y[2]        ; 14.404 ; 14.404 ; 14.404 ; 14.404 ;
; B[0]       ; Y[3]        ; 14.710 ; 14.710 ; 14.710 ; 14.710 ;
; B[1]       ; Y[0]        ; 14.319 ; 14.319 ; 14.319 ; 14.319 ;
; B[1]       ; Y[1]        ; 13.588 ; 13.588 ; 13.588 ; 13.588 ;
; B[1]       ; Y[2]        ; 13.623 ; 13.623 ; 13.623 ; 13.623 ;
; B[1]       ; Y[3]        ; 13.929 ; 13.929 ; 13.929 ; 13.929 ;
; B[2]       ; Y[0]        ; 15.271 ; 15.271 ; 15.271 ; 15.271 ;
; B[2]       ; Y[1]        ; 14.540 ; 14.540 ; 14.540 ; 14.540 ;
; B[2]       ; Y[2]        ; 14.575 ; 14.575 ; 14.575 ; 14.575 ;
; B[2]       ; Y[3]        ; 14.881 ; 14.881 ; 14.881 ; 14.881 ;
; B[3]       ; Y[0]        ; 15.649 ; 15.649 ; 15.649 ; 15.649 ;
; B[3]       ; Y[1]        ; 14.918 ; 14.918 ; 14.918 ; 14.918 ;
; B[3]       ; Y[2]        ; 14.953 ; 14.953 ; 14.953 ; 14.953 ;
; B[3]       ; Y[3]        ; 15.231 ; 15.231 ; 15.231 ; 15.231 ;
; B[4]       ; Y[0]        ; 15.081 ; 15.081 ; 15.081 ; 15.081 ;
; B[4]       ; Y[1]        ; 14.350 ; 14.350 ; 14.350 ; 14.350 ;
; B[4]       ; Y[2]        ; 14.385 ; 14.385 ; 14.385 ; 14.385 ;
; B[4]       ; Y[3]        ; 14.654 ; 14.654 ; 14.654 ; 14.654 ;
; B[5]       ; Y[0]        ; 15.732 ; 15.732 ; 15.732 ; 15.732 ;
; B[5]       ; Y[1]        ; 15.001 ; 15.001 ; 15.001 ; 15.001 ;
; B[5]       ; Y[2]        ; 15.036 ; 15.036 ; 15.036 ; 15.036 ;
; B[5]       ; Y[3]        ; 15.342 ; 15.342 ; 15.342 ; 15.342 ;
; B[6]       ; Y[0]        ; 15.840 ; 15.840 ; 15.840 ; 15.840 ;
; B[6]       ; Y[1]        ; 15.109 ; 15.109 ; 15.109 ; 15.109 ;
; B[6]       ; Y[2]        ; 15.144 ; 15.144 ; 15.144 ; 15.144 ;
; B[6]       ; Y[3]        ; 15.413 ; 15.413 ; 15.413 ; 15.413 ;
; B[7]       ; Y[0]        ; 15.480 ; 15.480 ; 15.480 ; 15.480 ;
; B[7]       ; Y[1]        ; 14.749 ; 14.749 ; 14.749 ; 14.749 ;
; B[7]       ; Y[2]        ; 14.784 ; 14.784 ; 14.784 ; 14.784 ;
; B[7]       ; Y[3]        ; 15.053 ; 15.053 ; 15.053 ; 15.053 ;
; B[8]       ; Y[0]        ; 15.309 ; 15.309 ; 15.309 ; 15.309 ;
; B[8]       ; Y[1]        ; 14.578 ; 14.578 ; 14.578 ; 14.578 ;
; B[8]       ; Y[2]        ; 14.613 ; 14.613 ; 14.613 ; 14.613 ;
; B[8]       ; Y[3]        ; 14.882 ; 14.882 ; 14.882 ; 14.882 ;
; B[9]       ; Y[0]        ; 16.221 ; 16.221 ; 16.221 ; 16.221 ;
; B[9]       ; Y[1]        ; 15.490 ; 15.490 ; 15.490 ; 15.490 ;
; B[9]       ; Y[2]        ; 15.525 ; 15.525 ; 15.525 ; 15.525 ;
; B[9]       ; Y[3]        ; 15.794 ; 15.794 ; 15.794 ; 15.794 ;
; B[10]      ; Y[0]        ; 14.028 ; 14.028 ; 14.028 ; 14.028 ;
; B[10]      ; Y[1]        ; 13.301 ; 13.301 ; 13.301 ; 13.301 ;
; B[10]      ; Y[2]        ; 13.336 ; 13.336 ; 13.336 ; 13.336 ;
; B[10]      ; Y[3]        ; 13.593 ; 13.593 ; 13.593 ; 13.593 ;
; B[11]      ; Y[0]        ; 9.923  ; 9.923  ; 9.923  ; 9.923  ;
; B[11]      ; Y[1]        ; 9.196  ; 9.196  ; 9.196  ; 9.196  ;
; B[11]      ; Y[2]        ; 9.231  ; 9.231  ; 9.231  ; 9.231  ;
; B[11]      ; Y[3]        ; 9.488  ; 9.488  ; 9.488  ; 9.488  ;
; B[12]      ; Y[0]        ; 14.493 ; 14.493 ; 14.493 ; 14.493 ;
; B[12]      ; Y[1]        ; 13.766 ; 13.766 ; 13.766 ; 13.766 ;
; B[12]      ; Y[2]        ; 13.801 ; 13.801 ; 13.801 ; 13.801 ;
; B[12]      ; Y[3]        ; 14.058 ; 14.058 ; 14.058 ; 14.058 ;
; B[13]      ; Y[0]        ; 14.014 ; 14.014 ; 14.014 ; 14.014 ;
; B[13]      ; Y[1]        ; 13.287 ; 13.287 ; 13.287 ; 13.287 ;
; B[13]      ; Y[2]        ; 13.322 ; 13.322 ; 13.322 ; 13.322 ;
; B[13]      ; Y[3]        ; 13.579 ; 13.579 ; 13.579 ; 13.579 ;
; B[14]      ; Y[0]        ; 12.828 ; 12.828 ; 12.828 ; 12.828 ;
; B[14]      ; Y[1]        ; 12.101 ; 12.101 ; 12.101 ; 12.101 ;
; B[14]      ; Y[2]        ; 12.136 ; 12.136 ; 12.136 ; 12.136 ;
; B[14]      ; Y[3]        ; 12.393 ; 12.393 ; 12.393 ; 12.393 ;
; B[15]      ; Y[0]        ; 9.342  ; 9.342  ; 9.342  ; 9.342  ;
; B[15]      ; Y[1]        ; 8.615  ; 8.615  ; 8.615  ; 8.615  ;
; B[15]      ; Y[2]        ; 8.650  ; 8.650  ; 8.650  ; 8.650  ;
; B[15]      ; Y[3]        ; 8.907  ; 8.907  ; 8.907  ; 8.907  ;
; sel        ; Y[0]        ; 16.387 ; 16.387 ; 16.387 ; 16.387 ;
; sel        ; Y[1]        ; 15.656 ; 15.656 ; 15.656 ; 15.656 ;
; sel        ; Y[2]        ; 15.691 ; 15.691 ; 15.691 ; 15.691 ;
; sel        ; Y[3]        ; 15.960 ; 15.960 ; 15.960 ; 15.960 ;
+------------+-------------+--------+--------+--------+--------+


+--------------------------------------------------------------+
; Minimum Propagation Delay                                    ;
+------------+-------------+--------+--------+--------+--------+
; Input Port ; Output Port ; RR     ; RF     ; FR     ; FF     ;
+------------+-------------+--------+--------+--------+--------+
; A[0]       ; Y[0]        ; 14.593 ; 14.593 ; 14.593 ; 14.593 ;
; A[0]       ; Y[1]        ; 13.476 ; 13.476 ; 13.476 ; 13.476 ;
; A[0]       ; Y[2]        ; 13.443 ; 13.443 ; 13.443 ; 13.443 ;
; A[0]       ; Y[3]        ; 14.012 ; 14.154 ; 14.154 ; 14.012 ;
; A[1]       ; Y[0]        ; 14.342 ; 14.342 ; 14.342 ; 14.342 ;
; A[1]       ; Y[1]        ; 13.225 ; 13.225 ; 13.225 ; 13.225 ;
; A[1]       ; Y[2]        ; 13.192 ; 13.192 ; 13.192 ; 13.192 ;
; A[1]       ; Y[3]        ; 13.761 ; 13.903 ; 13.903 ; 13.761 ;
; A[2]       ; Y[0]        ; 14.446 ; 14.446 ; 14.446 ; 14.446 ;
; A[2]       ; Y[1]        ; 13.329 ; 13.329 ; 13.329 ; 13.329 ;
; A[2]       ; Y[2]        ; 13.296 ; 13.296 ; 13.296 ; 13.296 ;
; A[2]       ; Y[3]        ; 13.865 ; 13.865 ; 13.865 ; 13.865 ;
; A[3]       ; Y[0]        ; 14.951 ; 14.951 ; 14.951 ; 14.951 ;
; A[3]       ; Y[1]        ; 13.834 ; 13.834 ; 13.834 ; 13.834 ;
; A[3]       ; Y[2]        ; 13.801 ; 13.801 ; 13.801 ; 13.801 ;
; A[3]       ; Y[3]        ; 14.370 ; 14.370 ; 14.370 ; 14.370 ;
; A[4]       ; Y[0]        ; 14.512 ; 14.512 ; 14.512 ; 14.512 ;
; A[4]       ; Y[1]        ; 13.395 ; 13.395 ; 13.395 ; 13.395 ;
; A[4]       ; Y[2]        ; 13.362 ; 13.362 ; 13.362 ; 13.362 ;
; A[4]       ; Y[3]        ; 13.931 ; 13.931 ; 13.931 ; 13.931 ;
; A[5]       ; Y[0]        ; 14.821 ; 14.821 ; 14.821 ; 14.821 ;
; A[5]       ; Y[1]        ; 13.704 ; 13.704 ; 13.704 ; 13.704 ;
; A[5]       ; Y[2]        ; 13.671 ; 13.671 ; 13.671 ; 13.671 ;
; A[5]       ; Y[3]        ; 14.240 ; 14.247 ; 14.247 ; 14.240 ;
; A[6]       ; Y[0]        ; 13.421 ; 13.421 ; 13.421 ; 13.421 ;
; A[6]       ; Y[1]        ; 12.304 ; 12.304 ; 12.304 ; 12.304 ;
; A[6]       ; Y[2]        ; 12.455 ; 12.455 ; 12.455 ; 12.455 ;
; A[6]       ; Y[3]        ; 12.912 ; 12.982 ; 12.982 ; 12.912 ;
; A[7]       ; Y[0]        ; 14.091 ; 14.091 ; 14.091 ; 14.091 ;
; A[7]       ; Y[1]        ; 12.947 ; 12.947 ; 12.947 ; 12.947 ;
; A[7]       ; Y[2]        ; 13.044 ; 13.044 ; 13.044 ; 13.044 ;
; A[7]       ; Y[3]        ; 13.554 ; 13.613 ; 13.613 ; 13.554 ;
; A[8]       ; Y[0]        ; 14.647 ; 14.647 ; 14.647 ; 14.647 ;
; A[8]       ; Y[1]        ; 13.529 ; 13.529 ; 13.529 ; 13.529 ;
; A[8]       ; Y[2]        ; 13.558 ; 13.558 ; 13.558 ; 13.558 ;
; A[8]       ; Y[3]        ; 14.127 ; 14.137 ; 14.137 ; 14.127 ;
; A[9]       ; Y[0]        ; 13.762 ; 13.762 ; 13.762 ; 13.762 ;
; A[9]       ; Y[1]        ; 12.618 ; 12.618 ; 12.618 ; 12.618 ;
; A[9]       ; Y[2]        ; 12.823 ; 12.823 ; 12.823 ; 12.823 ;
; A[9]       ; Y[3]        ; 13.225 ; 13.225 ; 13.225 ; 13.225 ;
; A[10]      ; Y[0]        ; 13.462 ; 13.462 ; 13.462 ; 13.462 ;
; A[10]      ; Y[1]        ; 12.344 ; 12.344 ; 12.344 ; 12.344 ;
; A[10]      ; Y[2]        ; 12.460 ; 12.460 ; 12.460 ; 12.460 ;
; A[10]      ; Y[3]        ; 12.952 ; 13.023 ; 13.023 ; 12.952 ;
; A[11]      ; Y[0]        ; 8.789  ; 8.789  ; 8.789  ; 8.789  ;
; A[11]      ; Y[1]        ; 7.617  ; 7.617  ; 7.617  ; 7.617  ;
; A[11]      ; Y[2]        ; 7.967  ; 7.967  ; 7.967  ; 7.967  ;
; A[11]      ; Y[3]        ; 8.224  ; 8.354  ; 8.354  ; 8.224  ;
; A[12]      ; Y[0]        ; 14.038 ; 14.038 ; 14.038 ; 14.038 ;
; A[12]      ; Y[1]        ; 12.868 ; 12.868 ; 12.868 ; 12.868 ;
; A[12]      ; Y[2]        ; 13.218 ; 13.218 ; 13.218 ; 13.218 ;
; A[12]      ; Y[3]        ; 13.475 ; 13.475 ; 13.475 ; 13.475 ;
; A[13]      ; Y[0]        ; 13.701 ; 13.701 ; 13.701 ; 13.701 ;
; A[13]      ; Y[1]        ; 12.531 ; 12.531 ; 12.531 ; 12.531 ;
; A[13]      ; Y[2]        ; 12.881 ; 12.881 ; 12.881 ; 12.881 ;
; A[13]      ; Y[3]        ; 13.138 ; 13.138 ; 13.138 ; 13.138 ;
; A[14]      ; Y[0]        ; 12.759 ; 12.759 ; 12.759 ; 12.759 ;
; A[14]      ; Y[1]        ; 11.615 ; 11.615 ; 11.615 ; 11.615 ;
; A[14]      ; Y[2]        ; 11.965 ; 11.965 ; 11.965 ; 11.965 ;
; A[14]      ; Y[3]        ; 12.222 ; 12.324 ; 12.324 ; 12.222 ;
; A[15]      ; Y[0]        ; 9.304  ; 9.304  ; 9.304  ; 9.304  ;
; A[15]      ; Y[1]        ; 8.134  ; 8.134  ; 8.134  ; 8.134  ;
; A[15]      ; Y[2]        ; 8.484  ; 8.484  ; 8.484  ; 8.484  ;
; A[15]      ; Y[3]        ; 8.741  ; 8.869  ; 8.869  ; 8.741  ;
; B[0]       ; Y[0]        ; 15.100 ; 15.100 ; 15.100 ; 15.100 ;
; B[0]       ; Y[1]        ; 13.983 ; 13.983 ; 13.983 ; 13.983 ;
; B[0]       ; Y[2]        ; 13.950 ; 13.950 ; 13.950 ; 13.950 ;
; B[0]       ; Y[3]        ; 14.519 ; 14.661 ; 14.661 ; 14.519 ;
; B[1]       ; Y[0]        ; 14.319 ; 14.319 ; 14.319 ; 14.319 ;
; B[1]       ; Y[1]        ; 13.202 ; 13.202 ; 13.202 ; 13.202 ;
; B[1]       ; Y[2]        ; 13.169 ; 13.169 ; 13.169 ; 13.169 ;
; B[1]       ; Y[3]        ; 13.738 ; 13.880 ; 13.880 ; 13.738 ;
; B[2]       ; Y[0]        ; 14.781 ; 14.781 ; 14.781 ; 14.781 ;
; B[2]       ; Y[1]        ; 13.664 ; 13.664 ; 13.664 ; 13.664 ;
; B[2]       ; Y[2]        ; 13.631 ; 13.631 ; 13.631 ; 13.631 ;
; B[2]       ; Y[3]        ; 14.200 ; 14.200 ; 14.200 ; 14.200 ;
; B[3]       ; Y[0]        ; 14.885 ; 14.885 ; 14.885 ; 14.885 ;
; B[3]       ; Y[1]        ; 13.768 ; 13.768 ; 13.768 ; 13.768 ;
; B[3]       ; Y[2]        ; 13.735 ; 13.735 ; 13.735 ; 13.735 ;
; B[3]       ; Y[3]        ; 14.304 ; 14.304 ; 14.304 ; 14.304 ;
; B[4]       ; Y[0]        ; 14.689 ; 14.689 ; 14.689 ; 14.689 ;
; B[4]       ; Y[1]        ; 13.572 ; 13.572 ; 13.572 ; 13.572 ;
; B[4]       ; Y[2]        ; 13.539 ; 13.539 ; 13.539 ; 13.539 ;
; B[4]       ; Y[3]        ; 14.108 ; 14.108 ; 14.108 ; 14.108 ;
; B[5]       ; Y[0]        ; 15.270 ; 15.270 ; 15.270 ; 15.270 ;
; B[5]       ; Y[1]        ; 14.153 ; 14.153 ; 14.153 ; 14.153 ;
; B[5]       ; Y[2]        ; 14.120 ; 14.120 ; 14.120 ; 14.120 ;
; B[5]       ; Y[3]        ; 14.689 ; 14.696 ; 14.696 ; 14.689 ;
; B[6]       ; Y[0]        ; 13.803 ; 13.803 ; 13.803 ; 13.803 ;
; B[6]       ; Y[1]        ; 12.686 ; 12.686 ; 12.686 ; 12.686 ;
; B[6]       ; Y[2]        ; 12.837 ; 12.837 ; 12.837 ; 12.837 ;
; B[6]       ; Y[3]        ; 13.294 ; 13.364 ; 13.364 ; 13.294 ;
; B[7]       ; Y[0]        ; 14.424 ; 14.424 ; 14.424 ; 14.424 ;
; B[7]       ; Y[1]        ; 13.280 ; 13.280 ; 13.280 ; 13.280 ;
; B[7]       ; Y[2]        ; 13.377 ; 13.377 ; 13.377 ; 13.377 ;
; B[7]       ; Y[3]        ; 13.887 ; 13.946 ; 13.946 ; 13.887 ;
; B[8]       ; Y[0]        ; 14.815 ; 14.815 ; 14.815 ; 14.815 ;
; B[8]       ; Y[1]        ; 13.697 ; 13.697 ; 13.697 ; 13.697 ;
; B[8]       ; Y[2]        ; 13.726 ; 13.726 ; 13.726 ; 13.726 ;
; B[8]       ; Y[3]        ; 14.295 ; 14.305 ; 14.305 ; 14.295 ;
; B[9]       ; Y[0]        ; 13.613 ; 13.613 ; 13.613 ; 13.613 ;
; B[9]       ; Y[1]        ; 12.469 ; 12.469 ; 12.469 ; 12.469 ;
; B[9]       ; Y[2]        ; 12.674 ; 12.674 ; 12.674 ; 12.674 ;
; B[9]       ; Y[3]        ; 13.076 ; 13.076 ; 13.076 ; 13.076 ;
; B[10]      ; Y[0]        ; 13.401 ; 13.401 ; 13.401 ; 13.401 ;
; B[10]      ; Y[1]        ; 12.283 ; 12.283 ; 12.283 ; 12.283 ;
; B[10]      ; Y[2]        ; 12.399 ; 12.399 ; 12.399 ; 12.399 ;
; B[10]      ; Y[3]        ; 12.891 ; 12.962 ; 12.962 ; 12.891 ;
; B[11]      ; Y[0]        ; 8.974  ; 8.974  ; 8.974  ; 8.974  ;
; B[11]      ; Y[1]        ; 7.802  ; 7.802  ; 7.802  ; 7.802  ;
; B[11]      ; Y[2]        ; 8.152  ; 8.152  ; 8.152  ; 8.152  ;
; B[11]      ; Y[3]        ; 8.409  ; 8.539  ; 8.539  ; 8.409  ;
; B[12]      ; Y[0]        ; 14.089 ; 14.089 ; 14.089 ; 14.089 ;
; B[12]      ; Y[1]        ; 12.919 ; 12.919 ; 12.919 ; 12.919 ;
; B[12]      ; Y[2]        ; 13.269 ; 13.269 ; 13.269 ; 13.269 ;
; B[12]      ; Y[3]        ; 13.526 ; 13.526 ; 13.526 ; 13.526 ;
; B[13]      ; Y[0]        ; 13.473 ; 13.473 ; 13.473 ; 13.473 ;
; B[13]      ; Y[1]        ; 12.303 ; 12.303 ; 12.303 ; 12.303 ;
; B[13]      ; Y[2]        ; 12.653 ; 12.653 ; 12.653 ; 12.653 ;
; B[13]      ; Y[3]        ; 12.910 ; 12.910 ; 12.910 ; 12.910 ;
; B[14]      ; Y[0]        ; 12.828 ; 12.828 ; 12.828 ; 12.828 ;
; B[14]      ; Y[1]        ; 11.684 ; 11.684 ; 11.684 ; 11.684 ;
; B[14]      ; Y[2]        ; 12.034 ; 12.034 ; 12.034 ; 12.034 ;
; B[14]      ; Y[3]        ; 12.291 ; 12.393 ; 12.393 ; 12.291 ;
; B[15]      ; Y[0]        ; 9.342  ; 9.342  ; 9.342  ; 9.342  ;
; B[15]      ; Y[1]        ; 8.172  ; 8.172  ; 8.172  ; 8.172  ;
; B[15]      ; Y[2]        ; 8.522  ; 8.522  ; 8.522  ; 8.522  ;
; B[15]      ; Y[3]        ; 8.779  ; 8.907  ; 8.907  ; 8.779  ;
; sel        ; Y[0]        ; 12.984 ; 12.984 ; 12.984 ; 12.984 ;
; sel        ; Y[1]        ; 11.840 ; 11.840 ; 11.840 ; 11.840 ;
; sel        ; Y[2]        ; 12.190 ; 12.190 ; 12.190 ; 12.190 ;
; sel        ; Y[3]        ; 12.447 ; 12.447 ; 12.447 ; 12.447 ;
+------------+-------------+--------+--------+--------+--------+


----------------------------
; Fast Model Setup Summary ;
----------------------------
No paths to report.


---------------------------
; Fast Model Hold Summary ;
---------------------------
No paths to report.


-------------------------------
; Fast Model Recovery Summary ;
-------------------------------
No paths to report.


------------------------------
; Fast Model Removal Summary ;
------------------------------
No paths to report.


------------------------------------------
; Fast Model Minimum Pulse Width Summary ;
------------------------------------------
No paths to report.


+----------------------------------------------------------+
; Propagation Delay                                        ;
+------------+-------------+-------+-------+-------+-------+
; Input Port ; Output Port ; RR    ; RF    ; FR    ; FF    ;
+------------+-------------+-------+-------+-------+-------+
; A[0]       ; Y[0]        ; 7.646 ; 7.646 ; 7.646 ; 7.646 ;
; A[0]       ; Y[1]        ; 7.274 ; 7.274 ; 7.274 ; 7.274 ;
; A[0]       ; Y[2]        ; 7.299 ; 7.299 ; 7.299 ; 7.299 ;
; A[0]       ; Y[3]        ; 7.394 ; 7.394 ; 7.394 ; 7.394 ;
; A[1]       ; Y[0]        ; 7.533 ; 7.533 ; 7.533 ; 7.533 ;
; A[1]       ; Y[1]        ; 7.161 ; 7.161 ; 7.161 ; 7.161 ;
; A[1]       ; Y[2]        ; 7.186 ; 7.186 ; 7.186 ; 7.186 ;
; A[1]       ; Y[3]        ; 7.281 ; 7.281 ; 7.281 ; 7.281 ;
; A[2]       ; Y[0]        ; 7.728 ; 7.728 ; 7.728 ; 7.728 ;
; A[2]       ; Y[1]        ; 7.356 ; 7.356 ; 7.356 ; 7.356 ;
; A[2]       ; Y[2]        ; 7.381 ; 7.381 ; 7.381 ; 7.381 ;
; A[2]       ; Y[3]        ; 7.476 ; 7.476 ; 7.476 ; 7.476 ;
; A[3]       ; Y[0]        ; 8.113 ; 8.113 ; 8.113 ; 8.113 ;
; A[3]       ; Y[1]        ; 7.741 ; 7.741 ; 7.741 ; 7.741 ;
; A[3]       ; Y[2]        ; 7.766 ; 7.766 ; 7.766 ; 7.766 ;
; A[3]       ; Y[3]        ; 7.855 ; 7.855 ; 7.855 ; 7.855 ;
; A[4]       ; Y[0]        ; 7.762 ; 7.762 ; 7.762 ; 7.762 ;
; A[4]       ; Y[1]        ; 7.390 ; 7.390 ; 7.390 ; 7.390 ;
; A[4]       ; Y[2]        ; 7.415 ; 7.415 ; 7.415 ; 7.415 ;
; A[4]       ; Y[3]        ; 7.504 ; 7.504 ; 7.504 ; 7.504 ;
; A[5]       ; Y[0]        ; 7.920 ; 7.920 ; 7.920 ; 7.920 ;
; A[5]       ; Y[1]        ; 7.548 ; 7.548 ; 7.548 ; 7.548 ;
; A[5]       ; Y[2]        ; 7.573 ; 7.573 ; 7.573 ; 7.573 ;
; A[5]       ; Y[3]        ; 7.668 ; 7.668 ; 7.668 ; 7.668 ;
; A[6]       ; Y[0]        ; 7.958 ; 7.958 ; 7.958 ; 7.958 ;
; A[6]       ; Y[1]        ; 7.586 ; 7.586 ; 7.586 ; 7.586 ;
; A[6]       ; Y[2]        ; 7.611 ; 7.611 ; 7.611 ; 7.611 ;
; A[6]       ; Y[3]        ; 7.700 ; 7.700 ; 7.700 ; 7.700 ;
; A[7]       ; Y[0]        ; 7.825 ; 7.825 ; 7.825 ; 7.825 ;
; A[7]       ; Y[1]        ; 7.453 ; 7.453 ; 7.453 ; 7.453 ;
; A[7]       ; Y[2]        ; 7.478 ; 7.478 ; 7.478 ; 7.478 ;
; A[7]       ; Y[3]        ; 7.567 ; 7.567 ; 7.567 ; 7.567 ;
; A[8]       ; Y[0]        ; 7.812 ; 7.812 ; 7.812 ; 7.812 ;
; A[8]       ; Y[1]        ; 7.440 ; 7.440 ; 7.440 ; 7.440 ;
; A[8]       ; Y[2]        ; 7.465 ; 7.465 ; 7.465 ; 7.465 ;
; A[8]       ; Y[3]        ; 7.554 ; 7.554 ; 7.554 ; 7.554 ;
; A[9]       ; Y[0]        ; 8.478 ; 8.478 ; 8.478 ; 8.478 ;
; A[9]       ; Y[1]        ; 8.106 ; 8.106 ; 8.106 ; 8.106 ;
; A[9]       ; Y[2]        ; 8.131 ; 8.131 ; 8.131 ; 8.131 ;
; A[9]       ; Y[3]        ; 8.220 ; 8.220 ; 8.220 ; 8.220 ;
; A[10]      ; Y[0]        ; 7.372 ; 7.372 ; 7.372 ; 7.372 ;
; A[10]      ; Y[1]        ; 7.005 ; 7.005 ; 7.005 ; 7.005 ;
; A[10]      ; Y[2]        ; 7.030 ; 7.030 ; 7.030 ; 7.030 ;
; A[10]      ; Y[3]        ; 7.102 ; 7.102 ; 7.102 ; 7.102 ;
; A[11]      ; Y[0]        ; 4.720 ; 4.720 ; 4.720 ; 4.720 ;
; A[11]      ; Y[1]        ; 4.353 ; 4.353 ; 4.353 ; 4.353 ;
; A[11]      ; Y[2]        ; 4.378 ; 4.378 ; 4.378 ; 4.378 ;
; A[11]      ; Y[3]        ; 4.450 ; 4.450 ; 4.450 ; 4.450 ;
; A[12]      ; Y[0]        ; 7.531 ; 7.531 ; 7.531 ; 7.531 ;
; A[12]      ; Y[1]        ; 7.164 ; 7.164 ; 7.164 ; 7.164 ;
; A[12]      ; Y[2]        ; 7.189 ; 7.189 ; 7.189 ; 7.189 ;
; A[12]      ; Y[3]        ; 7.261 ; 7.261 ; 7.261 ; 7.261 ;
; A[13]      ; Y[0]        ; 7.428 ; 7.428 ; 7.428 ; 7.428 ;
; A[13]      ; Y[1]        ; 7.061 ; 7.061 ; 7.061 ; 7.061 ;
; A[13]      ; Y[2]        ; 7.086 ; 7.086 ; 7.086 ; 7.086 ;
; A[13]      ; Y[3]        ; 7.158 ; 7.158 ; 7.158 ; 7.158 ;
; A[14]      ; Y[0]        ; 6.802 ; 6.802 ; 6.802 ; 6.802 ;
; A[14]      ; Y[1]        ; 6.435 ; 6.435 ; 6.435 ; 6.435 ;
; A[14]      ; Y[2]        ; 6.460 ; 6.460 ; 6.460 ; 6.460 ;
; A[14]      ; Y[3]        ; 6.532 ; 6.532 ; 6.532 ; 6.532 ;
; A[15]      ; Y[0]        ; 4.556 ; 4.556 ; 4.556 ; 4.556 ;
; A[15]      ; Y[1]        ; 4.189 ; 4.189 ; 4.189 ; 4.189 ;
; A[15]      ; Y[2]        ; 4.214 ; 4.214 ; 4.214 ; 4.214 ;
; A[15]      ; Y[3]        ; 4.286 ; 4.286 ; 4.286 ; 4.286 ;
; B[0]       ; Y[0]        ; 7.854 ; 7.854 ; 7.854 ; 7.854 ;
; B[0]       ; Y[1]        ; 7.482 ; 7.482 ; 7.482 ; 7.482 ;
; B[0]       ; Y[2]        ; 7.507 ; 7.507 ; 7.507 ; 7.507 ;
; B[0]       ; Y[3]        ; 7.602 ; 7.602 ; 7.602 ; 7.602 ;
; B[1]       ; Y[0]        ; 7.453 ; 7.453 ; 7.453 ; 7.453 ;
; B[1]       ; Y[1]        ; 7.081 ; 7.081 ; 7.081 ; 7.081 ;
; B[1]       ; Y[2]        ; 7.106 ; 7.106 ; 7.106 ; 7.106 ;
; B[1]       ; Y[3]        ; 7.201 ; 7.201 ; 7.201 ; 7.201 ;
; B[2]       ; Y[0]        ; 7.929 ; 7.929 ; 7.929 ; 7.929 ;
; B[2]       ; Y[1]        ; 7.557 ; 7.557 ; 7.557 ; 7.557 ;
; B[2]       ; Y[2]        ; 7.582 ; 7.582 ; 7.582 ; 7.582 ;
; B[2]       ; Y[3]        ; 7.677 ; 7.677 ; 7.677 ; 7.677 ;
; B[3]       ; Y[0]        ; 8.103 ; 8.103 ; 8.103 ; 8.103 ;
; B[3]       ; Y[1]        ; 7.731 ; 7.731 ; 7.731 ; 7.731 ;
; B[3]       ; Y[2]        ; 7.756 ; 7.756 ; 7.756 ; 7.756 ;
; B[3]       ; Y[3]        ; 7.845 ; 7.845 ; 7.845 ; 7.845 ;
; B[4]       ; Y[0]        ; 7.878 ; 7.878 ; 7.878 ; 7.878 ;
; B[4]       ; Y[1]        ; 7.506 ; 7.506 ; 7.506 ; 7.506 ;
; B[4]       ; Y[2]        ; 7.531 ; 7.531 ; 7.531 ; 7.531 ;
; B[4]       ; Y[3]        ; 7.620 ; 7.620 ; 7.620 ; 7.620 ;
; B[5]       ; Y[0]        ; 8.103 ; 8.103 ; 8.103 ; 8.103 ;
; B[5]       ; Y[1]        ; 7.731 ; 7.731 ; 7.731 ; 7.731 ;
; B[5]       ; Y[2]        ; 7.756 ; 7.756 ; 7.756 ; 7.756 ;
; B[5]       ; Y[3]        ; 7.851 ; 7.851 ; 7.851 ; 7.851 ;
; B[6]       ; Y[0]        ; 8.178 ; 8.178 ; 8.178 ; 8.178 ;
; B[6]       ; Y[1]        ; 7.806 ; 7.806 ; 7.806 ; 7.806 ;
; B[6]       ; Y[2]        ; 7.831 ; 7.831 ; 7.831 ; 7.831 ;
; B[6]       ; Y[3]        ; 7.920 ; 7.920 ; 7.920 ; 7.920 ;
; B[7]       ; Y[0]        ; 7.965 ; 7.965 ; 7.965 ; 7.965 ;
; B[7]       ; Y[1]        ; 7.593 ; 7.593 ; 7.593 ; 7.593 ;
; B[7]       ; Y[2]        ; 7.618 ; 7.618 ; 7.618 ; 7.618 ;
; B[7]       ; Y[3]        ; 7.707 ; 7.707 ; 7.707 ; 7.707 ;
; B[8]       ; Y[0]        ; 7.893 ; 7.893 ; 7.893 ; 7.893 ;
; B[8]       ; Y[1]        ; 7.521 ; 7.521 ; 7.521 ; 7.521 ;
; B[8]       ; Y[2]        ; 7.546 ; 7.546 ; 7.546 ; 7.546 ;
; B[8]       ; Y[3]        ; 7.635 ; 7.635 ; 7.635 ; 7.635 ;
; B[9]       ; Y[0]        ; 8.428 ; 8.428 ; 8.428 ; 8.428 ;
; B[9]       ; Y[1]        ; 8.056 ; 8.056 ; 8.056 ; 8.056 ;
; B[9]       ; Y[2]        ; 8.081 ; 8.081 ; 8.081 ; 8.081 ;
; B[9]       ; Y[3]        ; 8.170 ; 8.170 ; 8.170 ; 8.170 ;
; B[10]      ; Y[0]        ; 7.359 ; 7.359 ; 7.359 ; 7.359 ;
; B[10]      ; Y[1]        ; 6.992 ; 6.992 ; 6.992 ; 6.992 ;
; B[10]      ; Y[2]        ; 7.017 ; 7.017 ; 7.017 ; 7.017 ;
; B[10]      ; Y[3]        ; 7.089 ; 7.089 ; 7.089 ; 7.089 ;
; B[11]      ; Y[0]        ; 4.815 ; 4.815 ; 4.815 ; 4.815 ;
; B[11]      ; Y[1]        ; 4.448 ; 4.448 ; 4.448 ; 4.448 ;
; B[11]      ; Y[2]        ; 4.473 ; 4.473 ; 4.473 ; 4.473 ;
; B[11]      ; Y[3]        ; 4.545 ; 4.545 ; 4.545 ; 4.545 ;
; B[12]      ; Y[0]        ; 7.594 ; 7.594 ; 7.594 ; 7.594 ;
; B[12]      ; Y[1]        ; 7.227 ; 7.227 ; 7.227 ; 7.227 ;
; B[12]      ; Y[2]        ; 7.252 ; 7.252 ; 7.252 ; 7.252 ;
; B[12]      ; Y[3]        ; 7.324 ; 7.324 ; 7.324 ; 7.324 ;
; B[13]      ; Y[0]        ; 7.325 ; 7.325 ; 7.325 ; 7.325 ;
; B[13]      ; Y[1]        ; 6.958 ; 6.958 ; 6.958 ; 6.958 ;
; B[13]      ; Y[2]        ; 6.983 ; 6.983 ; 6.983 ; 6.983 ;
; B[13]      ; Y[3]        ; 7.055 ; 7.055 ; 7.055 ; 7.055 ;
; B[14]      ; Y[0]        ; 6.842 ; 6.842 ; 6.842 ; 6.842 ;
; B[14]      ; Y[1]        ; 6.475 ; 6.475 ; 6.475 ; 6.475 ;
; B[14]      ; Y[2]        ; 6.500 ; 6.500 ; 6.500 ; 6.500 ;
; B[14]      ; Y[3]        ; 6.572 ; 6.572 ; 6.572 ; 6.572 ;
; B[15]      ; Y[0]        ; 4.576 ; 4.576 ; 4.576 ; 4.576 ;
; B[15]      ; Y[1]        ; 4.209 ; 4.209 ; 4.209 ; 4.209 ;
; B[15]      ; Y[2]        ; 4.234 ; 4.234 ; 4.234 ; 4.234 ;
; B[15]      ; Y[3]        ; 4.306 ; 4.306 ; 4.306 ; 4.306 ;
; sel        ; Y[0]        ; 8.552 ; 8.552 ; 8.552 ; 8.552 ;
; sel        ; Y[1]        ; 8.180 ; 8.180 ; 8.180 ; 8.180 ;
; sel        ; Y[2]        ; 8.205 ; 8.205 ; 8.205 ; 8.205 ;
; sel        ; Y[3]        ; 8.294 ; 8.294 ; 8.294 ; 8.294 ;
+------------+-------------+-------+-------+-------+-------+


+----------------------------------------------------------+
; Minimum Propagation Delay                                ;
+------------+-------------+-------+-------+-------+-------+
; Input Port ; Output Port ; RR    ; RF    ; FR    ; FF    ;
+------------+-------------+-------+-------+-------+-------+
; A[0]       ; Y[0]        ; 7.646 ; 7.646 ; 7.646 ; 7.646 ;
; A[0]       ; Y[1]        ; 7.137 ; 7.137 ; 7.137 ; 7.137 ;
; A[0]       ; Y[2]        ; 7.159 ; 7.159 ; 7.159 ; 7.159 ;
; A[0]       ; Y[3]        ; 7.334 ; 7.371 ; 7.371 ; 7.334 ;
; A[1]       ; Y[0]        ; 7.533 ; 7.533 ; 7.533 ; 7.533 ;
; A[1]       ; Y[1]        ; 7.024 ; 7.024 ; 7.024 ; 7.024 ;
; A[1]       ; Y[2]        ; 7.046 ; 7.046 ; 7.046 ; 7.046 ;
; A[1]       ; Y[3]        ; 7.221 ; 7.258 ; 7.258 ; 7.221 ;
; A[2]       ; Y[0]        ; 7.493 ; 7.493 ; 7.493 ; 7.493 ;
; A[2]       ; Y[1]        ; 6.984 ; 6.984 ; 6.984 ; 6.984 ;
; A[2]       ; Y[2]        ; 7.006 ; 7.006 ; 7.006 ; 7.006 ;
; A[2]       ; Y[3]        ; 7.181 ; 7.181 ; 7.181 ; 7.181 ;
; A[3]       ; Y[0]        ; 7.773 ; 7.773 ; 7.773 ; 7.773 ;
; A[3]       ; Y[1]        ; 7.264 ; 7.264 ; 7.264 ; 7.264 ;
; A[3]       ; Y[2]        ; 7.286 ; 7.286 ; 7.286 ; 7.286 ;
; A[3]       ; Y[3]        ; 7.461 ; 7.461 ; 7.461 ; 7.461 ;
; A[4]       ; Y[0]        ; 7.571 ; 7.571 ; 7.571 ; 7.571 ;
; A[4]       ; Y[1]        ; 7.062 ; 7.062 ; 7.062 ; 7.062 ;
; A[4]       ; Y[2]        ; 7.084 ; 7.084 ; 7.084 ; 7.084 ;
; A[4]       ; Y[3]        ; 7.259 ; 7.259 ; 7.259 ; 7.259 ;
; A[5]       ; Y[0]        ; 7.704 ; 7.704 ; 7.704 ; 7.704 ;
; A[5]       ; Y[1]        ; 7.195 ; 7.195 ; 7.195 ; 7.195 ;
; A[5]       ; Y[2]        ; 7.200 ; 7.200 ; 7.200 ; 7.200 ;
; A[5]       ; Y[3]        ; 7.375 ; 7.375 ; 7.375 ; 7.375 ;
; A[6]       ; Y[0]        ; 7.109 ; 7.109 ; 7.109 ; 7.109 ;
; A[6]       ; Y[1]        ; 6.600 ; 6.600 ; 6.600 ; 6.600 ;
; A[6]       ; Y[2]        ; 6.676 ; 6.676 ; 6.676 ; 6.676 ;
; A[6]       ; Y[3]        ; 6.800 ; 6.834 ; 6.834 ; 6.800 ;
; A[7]       ; Y[0]        ; 7.401 ; 7.401 ; 7.401 ; 7.401 ;
; A[7]       ; Y[1]        ; 6.885 ; 6.885 ; 6.885 ; 6.885 ;
; A[7]       ; Y[2]        ; 6.887 ; 6.887 ; 6.887 ; 6.887 ;
; A[7]       ; Y[3]        ; 7.087 ; 7.062 ; 7.062 ; 7.087 ;
; A[8]       ; Y[0]        ; 7.641 ; 7.641 ; 7.641 ; 7.641 ;
; A[8]       ; Y[1]        ; 7.134 ; 7.134 ; 7.134 ; 7.134 ;
; A[8]       ; Y[2]        ; 7.109 ; 7.109 ; 7.109 ; 7.109 ;
; A[8]       ; Y[3]        ; 7.284 ; 7.334 ; 7.334 ; 7.284 ;
; A[9]       ; Y[0]        ; 7.249 ; 7.249 ; 7.249 ; 7.249 ;
; A[9]       ; Y[1]        ; 6.733 ; 6.733 ; 6.733 ; 6.733 ;
; A[9]       ; Y[2]        ; 6.838 ; 6.838 ; 6.838 ; 6.838 ;
; A[9]       ; Y[3]        ; 6.935 ; 6.935 ; 6.935 ; 6.935 ;
; A[10]      ; Y[0]        ; 7.084 ; 7.084 ; 7.084 ; 7.084 ;
; A[10]      ; Y[1]        ; 6.577 ; 6.577 ; 6.577 ; 6.577 ;
; A[10]      ; Y[2]        ; 6.651 ; 6.651 ; 6.651 ; 6.651 ;
; A[10]      ; Y[3]        ; 6.777 ; 6.809 ; 6.809 ; 6.777 ;
; A[11]      ; Y[0]        ; 4.322 ; 4.322 ; 4.322 ; 4.322 ;
; A[11]      ; Y[1]        ; 3.787 ; 3.787 ; 3.787 ; 3.787 ;
; A[11]      ; Y[2]        ; 3.917 ; 3.917 ; 3.917 ; 3.917 ;
; A[11]      ; Y[3]        ; 3.989 ; 4.052 ; 4.052 ; 3.989 ;
; A[12]      ; Y[0]        ; 7.370 ; 7.370 ; 7.370 ; 7.370 ;
; A[12]      ; Y[1]        ; 6.833 ; 6.833 ; 6.833 ; 6.833 ;
; A[12]      ; Y[2]        ; 6.963 ; 6.963 ; 6.963 ; 6.963 ;
; A[12]      ; Y[3]        ; 7.035 ; 7.035 ; 7.035 ; 7.035 ;
; A[13]      ; Y[0]        ; 7.193 ; 7.193 ; 7.193 ; 7.193 ;
; A[13]      ; Y[1]        ; 6.656 ; 6.656 ; 6.656 ; 6.656 ;
; A[13]      ; Y[2]        ; 6.786 ; 6.786 ; 6.786 ; 6.786 ;
; A[13]      ; Y[3]        ; 6.858 ; 6.858 ; 6.858 ; 6.858 ;
; A[14]      ; Y[0]        ; 6.802 ; 6.802 ; 6.802 ; 6.802 ;
; A[14]      ; Y[1]        ; 6.260 ; 6.260 ; 6.260 ; 6.260 ;
; A[14]      ; Y[2]        ; 6.390 ; 6.390 ; 6.390 ; 6.390 ;
; A[14]      ; Y[3]        ; 6.462 ; 6.532 ; 6.532 ; 6.462 ;
; A[15]      ; Y[0]        ; 4.556 ; 4.556 ; 4.556 ; 4.556 ;
; A[15]      ; Y[1]        ; 4.019 ; 4.019 ; 4.019 ; 4.019 ;
; A[15]      ; Y[2]        ; 4.149 ; 4.149 ; 4.149 ; 4.149 ;
; A[15]      ; Y[3]        ; 4.221 ; 4.286 ; 4.286 ; 4.221 ;
; B[0]       ; Y[0]        ; 7.854 ; 7.854 ; 7.854 ; 7.854 ;
; B[0]       ; Y[1]        ; 7.345 ; 7.345 ; 7.345 ; 7.345 ;
; B[0]       ; Y[2]        ; 7.367 ; 7.367 ; 7.367 ; 7.367 ;
; B[0]       ; Y[3]        ; 7.542 ; 7.579 ; 7.579 ; 7.542 ;
; B[1]       ; Y[0]        ; 7.453 ; 7.453 ; 7.453 ; 7.453 ;
; B[1]       ; Y[1]        ; 6.944 ; 6.944 ; 6.944 ; 6.944 ;
; B[1]       ; Y[2]        ; 6.966 ; 6.966 ; 6.966 ; 6.966 ;
; B[1]       ; Y[3]        ; 7.141 ; 7.178 ; 7.178 ; 7.141 ;
; B[2]       ; Y[0]        ; 7.694 ; 7.694 ; 7.694 ; 7.694 ;
; B[2]       ; Y[1]        ; 7.185 ; 7.185 ; 7.185 ; 7.185 ;
; B[2]       ; Y[2]        ; 7.207 ; 7.207 ; 7.207 ; 7.207 ;
; B[2]       ; Y[3]        ; 7.382 ; 7.382 ; 7.382 ; 7.382 ;
; B[3]       ; Y[0]        ; 7.763 ; 7.763 ; 7.763 ; 7.763 ;
; B[3]       ; Y[1]        ; 7.254 ; 7.254 ; 7.254 ; 7.254 ;
; B[3]       ; Y[2]        ; 7.276 ; 7.276 ; 7.276 ; 7.276 ;
; B[3]       ; Y[3]        ; 7.451 ; 7.451 ; 7.451 ; 7.451 ;
; B[4]       ; Y[0]        ; 7.690 ; 7.690 ; 7.690 ; 7.690 ;
; B[4]       ; Y[1]        ; 7.181 ; 7.181 ; 7.181 ; 7.181 ;
; B[4]       ; Y[2]        ; 7.203 ; 7.203 ; 7.203 ; 7.203 ;
; B[4]       ; Y[3]        ; 7.378 ; 7.378 ; 7.378 ; 7.378 ;
; B[5]       ; Y[0]        ; 7.887 ; 7.887 ; 7.887 ; 7.887 ;
; B[5]       ; Y[1]        ; 7.378 ; 7.378 ; 7.378 ; 7.378 ;
; B[5]       ; Y[2]        ; 7.383 ; 7.383 ; 7.383 ; 7.383 ;
; B[5]       ; Y[3]        ; 7.558 ; 7.558 ; 7.558 ; 7.558 ;
; B[6]       ; Y[0]        ; 7.329 ; 7.329 ; 7.329 ; 7.329 ;
; B[6]       ; Y[1]        ; 6.820 ; 6.820 ; 6.820 ; 6.820 ;
; B[6]       ; Y[2]        ; 6.896 ; 6.896 ; 6.896 ; 6.896 ;
; B[6]       ; Y[3]        ; 7.020 ; 7.054 ; 7.054 ; 7.020 ;
; B[7]       ; Y[0]        ; 7.541 ; 7.541 ; 7.541 ; 7.541 ;
; B[7]       ; Y[1]        ; 7.025 ; 7.025 ; 7.025 ; 7.025 ;
; B[7]       ; Y[2]        ; 7.027 ; 7.027 ; 7.027 ; 7.027 ;
; B[7]       ; Y[3]        ; 7.227 ; 7.202 ; 7.202 ; 7.227 ;
; B[8]       ; Y[0]        ; 7.722 ; 7.722 ; 7.722 ; 7.722 ;
; B[8]       ; Y[1]        ; 7.215 ; 7.215 ; 7.215 ; 7.215 ;
; B[8]       ; Y[2]        ; 7.190 ; 7.190 ; 7.190 ; 7.190 ;
; B[8]       ; Y[3]        ; 7.365 ; 7.415 ; 7.415 ; 7.365 ;
; B[9]       ; Y[0]        ; 7.199 ; 7.199 ; 7.199 ; 7.199 ;
; B[9]       ; Y[1]        ; 6.683 ; 6.683 ; 6.683 ; 6.683 ;
; B[9]       ; Y[2]        ; 6.788 ; 6.788 ; 6.788 ; 6.788 ;
; B[9]       ; Y[3]        ; 6.885 ; 6.885 ; 6.885 ; 6.885 ;
; B[10]      ; Y[0]        ; 7.071 ; 7.071 ; 7.071 ; 7.071 ;
; B[10]      ; Y[1]        ; 6.564 ; 6.564 ; 6.564 ; 6.564 ;
; B[10]      ; Y[2]        ; 6.638 ; 6.638 ; 6.638 ; 6.638 ;
; B[10]      ; Y[3]        ; 6.764 ; 6.796 ; 6.796 ; 6.764 ;
; B[11]      ; Y[0]        ; 4.417 ; 4.417 ; 4.417 ; 4.417 ;
; B[11]      ; Y[1]        ; 3.882 ; 3.882 ; 3.882 ; 3.882 ;
; B[11]      ; Y[2]        ; 4.012 ; 4.012 ; 4.012 ; 4.012 ;
; B[11]      ; Y[3]        ; 4.084 ; 4.147 ; 4.147 ; 4.084 ;
; B[12]      ; Y[0]        ; 7.433 ; 7.433 ; 7.433 ; 7.433 ;
; B[12]      ; Y[1]        ; 6.896 ; 6.896 ; 6.896 ; 6.896 ;
; B[12]      ; Y[2]        ; 7.026 ; 7.026 ; 7.026 ; 7.026 ;
; B[12]      ; Y[3]        ; 7.098 ; 7.098 ; 7.098 ; 7.098 ;
; B[13]      ; Y[0]        ; 7.090 ; 7.090 ; 7.090 ; 7.090 ;
; B[13]      ; Y[1]        ; 6.553 ; 6.553 ; 6.553 ; 6.553 ;
; B[13]      ; Y[2]        ; 6.683 ; 6.683 ; 6.683 ; 6.683 ;
; B[13]      ; Y[3]        ; 6.755 ; 6.755 ; 6.755 ; 6.755 ;
; B[14]      ; Y[0]        ; 6.842 ; 6.842 ; 6.842 ; 6.842 ;
; B[14]      ; Y[1]        ; 6.300 ; 6.300 ; 6.300 ; 6.300 ;
; B[14]      ; Y[2]        ; 6.430 ; 6.430 ; 6.430 ; 6.430 ;
; B[14]      ; Y[3]        ; 6.502 ; 6.572 ; 6.572 ; 6.502 ;
; B[15]      ; Y[0]        ; 4.576 ; 4.576 ; 4.576 ; 4.576 ;
; B[15]      ; Y[1]        ; 4.039 ; 4.039 ; 4.039 ; 4.039 ;
; B[15]      ; Y[2]        ; 4.169 ; 4.169 ; 4.169 ; 4.169 ;
; B[15]      ; Y[3]        ; 4.241 ; 4.306 ; 4.306 ; 4.241 ;
; sel        ; Y[0]        ; 6.984 ; 6.984 ; 6.984 ; 6.984 ;
; sel        ; Y[1]        ; 6.442 ; 6.442 ; 6.442 ; 6.442 ;
; sel        ; Y[2]        ; 6.572 ; 6.572 ; 6.572 ; 6.572 ;
; sel        ; Y[3]        ; 6.644 ; 6.644 ; 6.644 ; 6.644 ;
+------------+-------------+-------+-------+-------+-------+


+----------------------------------------------------------------------------+
; Multicorner Timing Analysis Summary                                        ;
+------------------+-------+------+----------+---------+---------------------+
; Clock            ; Setup ; Hold ; Recovery ; Removal ; Minimum Pulse Width ;
+------------------+-------+------+----------+---------+---------------------+
; Worst-case Slack ; N/A   ; N/A  ; N/A      ; N/A     ; N/A                 ;
; Design-wide TNS  ; 0.0   ; 0.0  ; 0.0      ; 0.0     ; 0.0                 ;
+------------------+-------+------+----------+---------+---------------------+


+--------------------------------------------------------------+
; Progagation Delay                                            ;
+------------+-------------+--------+--------+--------+--------+
; Input Port ; Output Port ; RR     ; RF     ; FR     ; FF     ;
+------------+-------------+--------+--------+--------+--------+
; A[0]       ; Y[0]        ; 14.593 ; 14.593 ; 14.593 ; 14.593 ;
; A[0]       ; Y[1]        ; 13.862 ; 13.862 ; 13.862 ; 13.862 ;
; A[0]       ; Y[2]        ; 13.897 ; 13.897 ; 13.897 ; 13.897 ;
; A[0]       ; Y[3]        ; 14.203 ; 14.203 ; 14.203 ; 14.203 ;
; A[1]       ; Y[0]        ; 14.342 ; 14.342 ; 14.342 ; 14.342 ;
; A[1]       ; Y[1]        ; 13.611 ; 13.611 ; 13.611 ; 13.611 ;
; A[1]       ; Y[2]        ; 13.646 ; 13.646 ; 13.646 ; 13.646 ;
; A[1]       ; Y[3]        ; 13.952 ; 13.952 ; 13.952 ; 13.952 ;
; A[2]       ; Y[0]        ; 14.936 ; 14.936 ; 14.936 ; 14.936 ;
; A[2]       ; Y[1]        ; 14.205 ; 14.205 ; 14.205 ; 14.205 ;
; A[2]       ; Y[2]        ; 14.240 ; 14.240 ; 14.240 ; 14.240 ;
; A[2]       ; Y[3]        ; 14.546 ; 14.546 ; 14.546 ; 14.546 ;
; A[3]       ; Y[0]        ; 15.715 ; 15.715 ; 15.715 ; 15.715 ;
; A[3]       ; Y[1]        ; 14.984 ; 14.984 ; 14.984 ; 14.984 ;
; A[3]       ; Y[2]        ; 15.019 ; 15.019 ; 15.019 ; 15.019 ;
; A[3]       ; Y[3]        ; 15.297 ; 15.297 ; 15.297 ; 15.297 ;
; A[4]       ; Y[0]        ; 14.905 ; 14.905 ; 14.905 ; 14.905 ;
; A[4]       ; Y[1]        ; 14.174 ; 14.174 ; 14.174 ; 14.174 ;
; A[4]       ; Y[2]        ; 14.209 ; 14.209 ; 14.209 ; 14.209 ;
; A[4]       ; Y[3]        ; 14.478 ; 14.478 ; 14.478 ; 14.478 ;
; A[5]       ; Y[0]        ; 15.283 ; 15.283 ; 15.283 ; 15.283 ;
; A[5]       ; Y[1]        ; 14.552 ; 14.552 ; 14.552 ; 14.552 ;
; A[5]       ; Y[2]        ; 14.587 ; 14.587 ; 14.587 ; 14.587 ;
; A[5]       ; Y[3]        ; 14.893 ; 14.893 ; 14.893 ; 14.893 ;
; A[6]       ; Y[0]        ; 15.458 ; 15.458 ; 15.458 ; 15.458 ;
; A[6]       ; Y[1]        ; 14.727 ; 14.727 ; 14.727 ; 14.727 ;
; A[6]       ; Y[2]        ; 14.762 ; 14.762 ; 14.762 ; 14.762 ;
; A[6]       ; Y[3]        ; 15.031 ; 15.031 ; 15.031 ; 15.031 ;
; A[7]       ; Y[0]        ; 15.147 ; 15.147 ; 15.147 ; 15.147 ;
; A[7]       ; Y[1]        ; 14.416 ; 14.416 ; 14.416 ; 14.416 ;
; A[7]       ; Y[2]        ; 14.451 ; 14.451 ; 14.451 ; 14.451 ;
; A[7]       ; Y[3]        ; 14.720 ; 14.720 ; 14.720 ; 14.720 ;
; A[8]       ; Y[0]        ; 15.141 ; 15.141 ; 15.141 ; 15.141 ;
; A[8]       ; Y[1]        ; 14.410 ; 14.410 ; 14.410 ; 14.410 ;
; A[8]       ; Y[2]        ; 14.445 ; 14.445 ; 14.445 ; 14.445 ;
; A[8]       ; Y[3]        ; 14.714 ; 14.714 ; 14.714 ; 14.714 ;
; A[9]       ; Y[0]        ; 16.370 ; 16.370 ; 16.370 ; 16.370 ;
; A[9]       ; Y[1]        ; 15.639 ; 15.639 ; 15.639 ; 15.639 ;
; A[9]       ; Y[2]        ; 15.674 ; 15.674 ; 15.674 ; 15.674 ;
; A[9]       ; Y[3]        ; 15.943 ; 15.943 ; 15.943 ; 15.943 ;
; A[10]      ; Y[0]        ; 14.089 ; 14.089 ; 14.089 ; 14.089 ;
; A[10]      ; Y[1]        ; 13.362 ; 13.362 ; 13.362 ; 13.362 ;
; A[10]      ; Y[2]        ; 13.397 ; 13.397 ; 13.397 ; 13.397 ;
; A[10]      ; Y[3]        ; 13.654 ; 13.654 ; 13.654 ; 13.654 ;
; A[11]      ; Y[0]        ; 9.738  ; 9.738  ; 9.738  ; 9.738  ;
; A[11]      ; Y[1]        ; 9.011  ; 9.011  ; 9.011  ; 9.011  ;
; A[11]      ; Y[2]        ; 9.046  ; 9.046  ; 9.046  ; 9.046  ;
; A[11]      ; Y[3]        ; 9.303  ; 9.303  ; 9.303  ; 9.303  ;
; A[12]      ; Y[0]        ; 14.442 ; 14.442 ; 14.442 ; 14.442 ;
; A[12]      ; Y[1]        ; 13.715 ; 13.715 ; 13.715 ; 13.715 ;
; A[12]      ; Y[2]        ; 13.750 ; 13.750 ; 13.750 ; 13.750 ;
; A[12]      ; Y[3]        ; 14.007 ; 14.007 ; 14.007 ; 14.007 ;
; A[13]      ; Y[0]        ; 14.242 ; 14.242 ; 14.242 ; 14.242 ;
; A[13]      ; Y[1]        ; 13.515 ; 13.515 ; 13.515 ; 13.515 ;
; A[13]      ; Y[2]        ; 13.550 ; 13.550 ; 13.550 ; 13.550 ;
; A[13]      ; Y[3]        ; 13.807 ; 13.807 ; 13.807 ; 13.807 ;
; A[14]      ; Y[0]        ; 12.759 ; 12.759 ; 12.759 ; 12.759 ;
; A[14]      ; Y[1]        ; 12.032 ; 12.032 ; 12.032 ; 12.032 ;
; A[14]      ; Y[2]        ; 12.067 ; 12.067 ; 12.067 ; 12.067 ;
; A[14]      ; Y[3]        ; 12.324 ; 12.324 ; 12.324 ; 12.324 ;
; A[15]      ; Y[0]        ; 9.304  ; 9.304  ; 9.304  ; 9.304  ;
; A[15]      ; Y[1]        ; 8.577  ; 8.577  ; 8.577  ; 8.577  ;
; A[15]      ; Y[2]        ; 8.612  ; 8.612  ; 8.612  ; 8.612  ;
; A[15]      ; Y[3]        ; 8.869  ; 8.869  ; 8.869  ; 8.869  ;
; B[0]       ; Y[0]        ; 15.100 ; 15.100 ; 15.100 ; 15.100 ;
; B[0]       ; Y[1]        ; 14.369 ; 14.369 ; 14.369 ; 14.369 ;
; B[0]       ; Y[2]        ; 14.404 ; 14.404 ; 14.404 ; 14.404 ;
; B[0]       ; Y[3]        ; 14.710 ; 14.710 ; 14.710 ; 14.710 ;
; B[1]       ; Y[0]        ; 14.319 ; 14.319 ; 14.319 ; 14.319 ;
; B[1]       ; Y[1]        ; 13.588 ; 13.588 ; 13.588 ; 13.588 ;
; B[1]       ; Y[2]        ; 13.623 ; 13.623 ; 13.623 ; 13.623 ;
; B[1]       ; Y[3]        ; 13.929 ; 13.929 ; 13.929 ; 13.929 ;
; B[2]       ; Y[0]        ; 15.271 ; 15.271 ; 15.271 ; 15.271 ;
; B[2]       ; Y[1]        ; 14.540 ; 14.540 ; 14.540 ; 14.540 ;
; B[2]       ; Y[2]        ; 14.575 ; 14.575 ; 14.575 ; 14.575 ;
; B[2]       ; Y[3]        ; 14.881 ; 14.881 ; 14.881 ; 14.881 ;
; B[3]       ; Y[0]        ; 15.649 ; 15.649 ; 15.649 ; 15.649 ;
; B[3]       ; Y[1]        ; 14.918 ; 14.918 ; 14.918 ; 14.918 ;
; B[3]       ; Y[2]        ; 14.953 ; 14.953 ; 14.953 ; 14.953 ;
; B[3]       ; Y[3]        ; 15.231 ; 15.231 ; 15.231 ; 15.231 ;
; B[4]       ; Y[0]        ; 15.081 ; 15.081 ; 15.081 ; 15.081 ;
; B[4]       ; Y[1]        ; 14.350 ; 14.350 ; 14.350 ; 14.350 ;
; B[4]       ; Y[2]        ; 14.385 ; 14.385 ; 14.385 ; 14.385 ;
; B[4]       ; Y[3]        ; 14.654 ; 14.654 ; 14.654 ; 14.654 ;
; B[5]       ; Y[0]        ; 15.732 ; 15.732 ; 15.732 ; 15.732 ;
; B[5]       ; Y[1]        ; 15.001 ; 15.001 ; 15.001 ; 15.001 ;
; B[5]       ; Y[2]        ; 15.036 ; 15.036 ; 15.036 ; 15.036 ;
; B[5]       ; Y[3]        ; 15.342 ; 15.342 ; 15.342 ; 15.342 ;
; B[6]       ; Y[0]        ; 15.840 ; 15.840 ; 15.840 ; 15.840 ;
; B[6]       ; Y[1]        ; 15.109 ; 15.109 ; 15.109 ; 15.109 ;
; B[6]       ; Y[2]        ; 15.144 ; 15.144 ; 15.144 ; 15.144 ;
; B[6]       ; Y[3]        ; 15.413 ; 15.413 ; 15.413 ; 15.413 ;
; B[7]       ; Y[0]        ; 15.480 ; 15.480 ; 15.480 ; 15.480 ;
; B[7]       ; Y[1]        ; 14.749 ; 14.749 ; 14.749 ; 14.749 ;
; B[7]       ; Y[2]        ; 14.784 ; 14.784 ; 14.784 ; 14.784 ;
; B[7]       ; Y[3]        ; 15.053 ; 15.053 ; 15.053 ; 15.053 ;
; B[8]       ; Y[0]        ; 15.309 ; 15.309 ; 15.309 ; 15.309 ;
; B[8]       ; Y[1]        ; 14.578 ; 14.578 ; 14.578 ; 14.578 ;
; B[8]       ; Y[2]        ; 14.613 ; 14.613 ; 14.613 ; 14.613 ;
; B[8]       ; Y[3]        ; 14.882 ; 14.882 ; 14.882 ; 14.882 ;
; B[9]       ; Y[0]        ; 16.221 ; 16.221 ; 16.221 ; 16.221 ;
; B[9]       ; Y[1]        ; 15.490 ; 15.490 ; 15.490 ; 15.490 ;
; B[9]       ; Y[2]        ; 15.525 ; 15.525 ; 15.525 ; 15.525 ;
; B[9]       ; Y[3]        ; 15.794 ; 15.794 ; 15.794 ; 15.794 ;
; B[10]      ; Y[0]        ; 14.028 ; 14.028 ; 14.028 ; 14.028 ;
; B[10]      ; Y[1]        ; 13.301 ; 13.301 ; 13.301 ; 13.301 ;
; B[10]      ; Y[2]        ; 13.336 ; 13.336 ; 13.336 ; 13.336 ;
; B[10]      ; Y[3]        ; 13.593 ; 13.593 ; 13.593 ; 13.593 ;
; B[11]      ; Y[0]        ; 9.923  ; 9.923  ; 9.923  ; 9.923  ;
; B[11]      ; Y[1]        ; 9.196  ; 9.196  ; 9.196  ; 9.196  ;
; B[11]      ; Y[2]        ; 9.231  ; 9.231  ; 9.231  ; 9.231  ;
; B[11]      ; Y[3]        ; 9.488  ; 9.488  ; 9.488  ; 9.488  ;
; B[12]      ; Y[0]        ; 14.493 ; 14.493 ; 14.493 ; 14.493 ;
; B[12]      ; Y[1]        ; 13.766 ; 13.766 ; 13.766 ; 13.766 ;
; B[12]      ; Y[2]        ; 13.801 ; 13.801 ; 13.801 ; 13.801 ;
; B[12]      ; Y[3]        ; 14.058 ; 14.058 ; 14.058 ; 14.058 ;
; B[13]      ; Y[0]        ; 14.014 ; 14.014 ; 14.014 ; 14.014 ;
; B[13]      ; Y[1]        ; 13.287 ; 13.287 ; 13.287 ; 13.287 ;
; B[13]      ; Y[2]        ; 13.322 ; 13.322 ; 13.322 ; 13.322 ;
; B[13]      ; Y[3]        ; 13.579 ; 13.579 ; 13.579 ; 13.579 ;
; B[14]      ; Y[0]        ; 12.828 ; 12.828 ; 12.828 ; 12.828 ;
; B[14]      ; Y[1]        ; 12.101 ; 12.101 ; 12.101 ; 12.101 ;
; B[14]      ; Y[2]        ; 12.136 ; 12.136 ; 12.136 ; 12.136 ;
; B[14]      ; Y[3]        ; 12.393 ; 12.393 ; 12.393 ; 12.393 ;
; B[15]      ; Y[0]        ; 9.342  ; 9.342  ; 9.342  ; 9.342  ;
; B[15]      ; Y[1]        ; 8.615  ; 8.615  ; 8.615  ; 8.615  ;
; B[15]      ; Y[2]        ; 8.650  ; 8.650  ; 8.650  ; 8.650  ;
; B[15]      ; Y[3]        ; 8.907  ; 8.907  ; 8.907  ; 8.907  ;
; sel        ; Y[0]        ; 16.387 ; 16.387 ; 16.387 ; 16.387 ;
; sel        ; Y[1]        ; 15.656 ; 15.656 ; 15.656 ; 15.656 ;
; sel        ; Y[2]        ; 15.691 ; 15.691 ; 15.691 ; 15.691 ;
; sel        ; Y[3]        ; 15.960 ; 15.960 ; 15.960 ; 15.960 ;
+------------+-------------+--------+--------+--------+--------+


+----------------------------------------------------------+
; Minimum Progagation Delay                                ;
+------------+-------------+-------+-------+-------+-------+
; Input Port ; Output Port ; RR    ; RF    ; FR    ; FF    ;
+------------+-------------+-------+-------+-------+-------+
; A[0]       ; Y[0]        ; 7.646 ; 7.646 ; 7.646 ; 7.646 ;
; A[0]       ; Y[1]        ; 7.137 ; 7.137 ; 7.137 ; 7.137 ;
; A[0]       ; Y[2]        ; 7.159 ; 7.159 ; 7.159 ; 7.159 ;
; A[0]       ; Y[3]        ; 7.334 ; 7.371 ; 7.371 ; 7.334 ;
; A[1]       ; Y[0]        ; 7.533 ; 7.533 ; 7.533 ; 7.533 ;
; A[1]       ; Y[1]        ; 7.024 ; 7.024 ; 7.024 ; 7.024 ;
; A[1]       ; Y[2]        ; 7.046 ; 7.046 ; 7.046 ; 7.046 ;
; A[1]       ; Y[3]        ; 7.221 ; 7.258 ; 7.258 ; 7.221 ;
; A[2]       ; Y[0]        ; 7.493 ; 7.493 ; 7.493 ; 7.493 ;
; A[2]       ; Y[1]        ; 6.984 ; 6.984 ; 6.984 ; 6.984 ;
; A[2]       ; Y[2]        ; 7.006 ; 7.006 ; 7.006 ; 7.006 ;
; A[2]       ; Y[3]        ; 7.181 ; 7.181 ; 7.181 ; 7.181 ;
; A[3]       ; Y[0]        ; 7.773 ; 7.773 ; 7.773 ; 7.773 ;
; A[3]       ; Y[1]        ; 7.264 ; 7.264 ; 7.264 ; 7.264 ;
; A[3]       ; Y[2]        ; 7.286 ; 7.286 ; 7.286 ; 7.286 ;
; A[3]       ; Y[3]        ; 7.461 ; 7.461 ; 7.461 ; 7.461 ;
; A[4]       ; Y[0]        ; 7.571 ; 7.571 ; 7.571 ; 7.571 ;
; A[4]       ; Y[1]        ; 7.062 ; 7.062 ; 7.062 ; 7.062 ;
; A[4]       ; Y[2]        ; 7.084 ; 7.084 ; 7.084 ; 7.084 ;
; A[4]       ; Y[3]        ; 7.259 ; 7.259 ; 7.259 ; 7.259 ;
; A[5]       ; Y[0]        ; 7.704 ; 7.704 ; 7.704 ; 7.704 ;
; A[5]       ; Y[1]        ; 7.195 ; 7.195 ; 7.195 ; 7.195 ;
; A[5]       ; Y[2]        ; 7.200 ; 7.200 ; 7.200 ; 7.200 ;
; A[5]       ; Y[3]        ; 7.375 ; 7.375 ; 7.375 ; 7.375 ;
; A[6]       ; Y[0]        ; 7.109 ; 7.109 ; 7.109 ; 7.109 ;
; A[6]       ; Y[1]        ; 6.600 ; 6.600 ; 6.600 ; 6.600 ;
; A[6]       ; Y[2]        ; 6.676 ; 6.676 ; 6.676 ; 6.676 ;
; A[6]       ; Y[3]        ; 6.800 ; 6.834 ; 6.834 ; 6.800 ;
; A[7]       ; Y[0]        ; 7.401 ; 7.401 ; 7.401 ; 7.401 ;
; A[7]       ; Y[1]        ; 6.885 ; 6.885 ; 6.885 ; 6.885 ;
; A[7]       ; Y[2]        ; 6.887 ; 6.887 ; 6.887 ; 6.887 ;
; A[7]       ; Y[3]        ; 7.087 ; 7.062 ; 7.062 ; 7.087 ;
; A[8]       ; Y[0]        ; 7.641 ; 7.641 ; 7.641 ; 7.641 ;
; A[8]       ; Y[1]        ; 7.134 ; 7.134 ; 7.134 ; 7.134 ;
; A[8]       ; Y[2]        ; 7.109 ; 7.109 ; 7.109 ; 7.109 ;
; A[8]       ; Y[3]        ; 7.284 ; 7.334 ; 7.334 ; 7.284 ;
; A[9]       ; Y[0]        ; 7.249 ; 7.249 ; 7.249 ; 7.249 ;
; A[9]       ; Y[1]        ; 6.733 ; 6.733 ; 6.733 ; 6.733 ;
; A[9]       ; Y[2]        ; 6.838 ; 6.838 ; 6.838 ; 6.838 ;
; A[9]       ; Y[3]        ; 6.935 ; 6.935 ; 6.935 ; 6.935 ;
; A[10]      ; Y[0]        ; 7.084 ; 7.084 ; 7.084 ; 7.084 ;
; A[10]      ; Y[1]        ; 6.577 ; 6.577 ; 6.577 ; 6.577 ;
; A[10]      ; Y[2]        ; 6.651 ; 6.651 ; 6.651 ; 6.651 ;
; A[10]      ; Y[3]        ; 6.777 ; 6.809 ; 6.809 ; 6.777 ;
; A[11]      ; Y[0]        ; 4.322 ; 4.322 ; 4.322 ; 4.322 ;
; A[11]      ; Y[1]        ; 3.787 ; 3.787 ; 3.787 ; 3.787 ;
; A[11]      ; Y[2]        ; 3.917 ; 3.917 ; 3.917 ; 3.917 ;
; A[11]      ; Y[3]        ; 3.989 ; 4.052 ; 4.052 ; 3.989 ;
; A[12]      ; Y[0]        ; 7.370 ; 7.370 ; 7.370 ; 7.370 ;
; A[12]      ; Y[1]        ; 6.833 ; 6.833 ; 6.833 ; 6.833 ;
; A[12]      ; Y[2]        ; 6.963 ; 6.963 ; 6.963 ; 6.963 ;
; A[12]      ; Y[3]        ; 7.035 ; 7.035 ; 7.035 ; 7.035 ;
; A[13]      ; Y[0]        ; 7.193 ; 7.193 ; 7.193 ; 7.193 ;
; A[13]      ; Y[1]        ; 6.656 ; 6.656 ; 6.656 ; 6.656 ;
; A[13]      ; Y[2]        ; 6.786 ; 6.786 ; 6.786 ; 6.786 ;
; A[13]      ; Y[3]        ; 6.858 ; 6.858 ; 6.858 ; 6.858 ;
; A[14]      ; Y[0]        ; 6.802 ; 6.802 ; 6.802 ; 6.802 ;
; A[14]      ; Y[1]        ; 6.260 ; 6.260 ; 6.260 ; 6.260 ;
; A[14]      ; Y[2]        ; 6.390 ; 6.390 ; 6.390 ; 6.390 ;
; A[14]      ; Y[3]        ; 6.462 ; 6.532 ; 6.532 ; 6.462 ;
; A[15]      ; Y[0]        ; 4.556 ; 4.556 ; 4.556 ; 4.556 ;
; A[15]      ; Y[1]        ; 4.019 ; 4.019 ; 4.019 ; 4.019 ;
; A[15]      ; Y[2]        ; 4.149 ; 4.149 ; 4.149 ; 4.149 ;
; A[15]      ; Y[3]        ; 4.221 ; 4.286 ; 4.286 ; 4.221 ;
; B[0]       ; Y[0]        ; 7.854 ; 7.854 ; 7.854 ; 7.854 ;
; B[0]       ; Y[1]        ; 7.345 ; 7.345 ; 7.345 ; 7.345 ;
; B[0]       ; Y[2]        ; 7.367 ; 7.367 ; 7.367 ; 7.367 ;
; B[0]       ; Y[3]        ; 7.542 ; 7.579 ; 7.579 ; 7.542 ;
; B[1]       ; Y[0]        ; 7.453 ; 7.453 ; 7.453 ; 7.453 ;
; B[1]       ; Y[1]        ; 6.944 ; 6.944 ; 6.944 ; 6.944 ;
; B[1]       ; Y[2]        ; 6.966 ; 6.966 ; 6.966 ; 6.966 ;
; B[1]       ; Y[3]        ; 7.141 ; 7.178 ; 7.178 ; 7.141 ;
; B[2]       ; Y[0]        ; 7.694 ; 7.694 ; 7.694 ; 7.694 ;
; B[2]       ; Y[1]        ; 7.185 ; 7.185 ; 7.185 ; 7.185 ;
; B[2]       ; Y[2]        ; 7.207 ; 7.207 ; 7.207 ; 7.207 ;
; B[2]       ; Y[3]        ; 7.382 ; 7.382 ; 7.382 ; 7.382 ;
; B[3]       ; Y[0]        ; 7.763 ; 7.763 ; 7.763 ; 7.763 ;
; B[3]       ; Y[1]        ; 7.254 ; 7.254 ; 7.254 ; 7.254 ;
; B[3]       ; Y[2]        ; 7.276 ; 7.276 ; 7.276 ; 7.276 ;
; B[3]       ; Y[3]        ; 7.451 ; 7.451 ; 7.451 ; 7.451 ;
; B[4]       ; Y[0]        ; 7.690 ; 7.690 ; 7.690 ; 7.690 ;
; B[4]       ; Y[1]        ; 7.181 ; 7.181 ; 7.181 ; 7.181 ;
; B[4]       ; Y[2]        ; 7.203 ; 7.203 ; 7.203 ; 7.203 ;
; B[4]       ; Y[3]        ; 7.378 ; 7.378 ; 7.378 ; 7.378 ;
; B[5]       ; Y[0]        ; 7.887 ; 7.887 ; 7.887 ; 7.887 ;
; B[5]       ; Y[1]        ; 7.378 ; 7.378 ; 7.378 ; 7.378 ;
; B[5]       ; Y[2]        ; 7.383 ; 7.383 ; 7.383 ; 7.383 ;
; B[5]       ; Y[3]        ; 7.558 ; 7.558 ; 7.558 ; 7.558 ;
; B[6]       ; Y[0]        ; 7.329 ; 7.329 ; 7.329 ; 7.329 ;
; B[6]       ; Y[1]        ; 6.820 ; 6.820 ; 6.820 ; 6.820 ;
; B[6]       ; Y[2]        ; 6.896 ; 6.896 ; 6.896 ; 6.896 ;
; B[6]       ; Y[3]        ; 7.020 ; 7.054 ; 7.054 ; 7.020 ;
; B[7]       ; Y[0]        ; 7.541 ; 7.541 ; 7.541 ; 7.541 ;
; B[7]       ; Y[1]        ; 7.025 ; 7.025 ; 7.025 ; 7.025 ;
; B[7]       ; Y[2]        ; 7.027 ; 7.027 ; 7.027 ; 7.027 ;
; B[7]       ; Y[3]        ; 7.227 ; 7.202 ; 7.202 ; 7.227 ;
; B[8]       ; Y[0]        ; 7.722 ; 7.722 ; 7.722 ; 7.722 ;
; B[8]       ; Y[1]        ; 7.215 ; 7.215 ; 7.215 ; 7.215 ;
; B[8]       ; Y[2]        ; 7.190 ; 7.190 ; 7.190 ; 7.190 ;
; B[8]       ; Y[3]        ; 7.365 ; 7.415 ; 7.415 ; 7.365 ;
; B[9]       ; Y[0]        ; 7.199 ; 7.199 ; 7.199 ; 7.199 ;
; B[9]       ; Y[1]        ; 6.683 ; 6.683 ; 6.683 ; 6.683 ;
; B[9]       ; Y[2]        ; 6.788 ; 6.788 ; 6.788 ; 6.788 ;
; B[9]       ; Y[3]        ; 6.885 ; 6.885 ; 6.885 ; 6.885 ;
; B[10]      ; Y[0]        ; 7.071 ; 7.071 ; 7.071 ; 7.071 ;
; B[10]      ; Y[1]        ; 6.564 ; 6.564 ; 6.564 ; 6.564 ;
; B[10]      ; Y[2]        ; 6.638 ; 6.638 ; 6.638 ; 6.638 ;
; B[10]      ; Y[3]        ; 6.764 ; 6.796 ; 6.796 ; 6.764 ;
; B[11]      ; Y[0]        ; 4.417 ; 4.417 ; 4.417 ; 4.417 ;
; B[11]      ; Y[1]        ; 3.882 ; 3.882 ; 3.882 ; 3.882 ;
; B[11]      ; Y[2]        ; 4.012 ; 4.012 ; 4.012 ; 4.012 ;
; B[11]      ; Y[3]        ; 4.084 ; 4.147 ; 4.147 ; 4.084 ;
; B[12]      ; Y[0]        ; 7.433 ; 7.433 ; 7.433 ; 7.433 ;
; B[12]      ; Y[1]        ; 6.896 ; 6.896 ; 6.896 ; 6.896 ;
; B[12]      ; Y[2]        ; 7.026 ; 7.026 ; 7.026 ; 7.026 ;
; B[12]      ; Y[3]        ; 7.098 ; 7.098 ; 7.098 ; 7.098 ;
; B[13]      ; Y[0]        ; 7.090 ; 7.090 ; 7.090 ; 7.090 ;
; B[13]      ; Y[1]        ; 6.553 ; 6.553 ; 6.553 ; 6.553 ;
; B[13]      ; Y[2]        ; 6.683 ; 6.683 ; 6.683 ; 6.683 ;
; B[13]      ; Y[3]        ; 6.755 ; 6.755 ; 6.755 ; 6.755 ;
; B[14]      ; Y[0]        ; 6.842 ; 6.842 ; 6.842 ; 6.842 ;
; B[14]      ; Y[1]        ; 6.300 ; 6.300 ; 6.300 ; 6.300 ;
; B[14]      ; Y[2]        ; 6.430 ; 6.430 ; 6.430 ; 6.430 ;
; B[14]      ; Y[3]        ; 6.502 ; 6.572 ; 6.572 ; 6.502 ;
; B[15]      ; Y[0]        ; 4.576 ; 4.576 ; 4.576 ; 4.576 ;
; B[15]      ; Y[1]        ; 4.039 ; 4.039 ; 4.039 ; 4.039 ;
; B[15]      ; Y[2]        ; 4.169 ; 4.169 ; 4.169 ; 4.169 ;
; B[15]      ; Y[3]        ; 4.241 ; 4.306 ; 4.306 ; 4.241 ;
; sel        ; Y[0]        ; 6.984 ; 6.984 ; 6.984 ; 6.984 ;
; sel        ; Y[1]        ; 6.442 ; 6.442 ; 6.442 ; 6.442 ;
; sel        ; Y[2]        ; 6.572 ; 6.572 ; 6.572 ; 6.572 ;
; sel        ; Y[3]        ; 6.644 ; 6.644 ; 6.644 ; 6.644 ;
+------------+-------------+-------+-------+-------+-------+


-------------------
; Clock Transfers ;
-------------------
Nothing to report.


---------------
; Report TCCS ;
---------------
No dedicated SERDES Transmitter circuitry present in device or used in design


---------------
; Report RSKM ;
---------------
No dedicated SERDES Receiver circuitry present in device or used in design


+------------------------------------------------+
; Unconstrained Paths                            ;
+---------------------------------+-------+------+
; Property                        ; Setup ; Hold ;
+---------------------------------+-------+------+
; Illegal Clocks                  ; 0     ; 0    ;
; Unconstrained Clocks            ; 0     ; 0    ;
; Unconstrained Input Ports       ; 33    ; 33   ;
; Unconstrained Input Port Paths  ; 132   ; 132  ;
; Unconstrained Output Ports      ; 4     ; 4    ;
; Unconstrained Output Port Paths ; 132   ; 132  ;
+---------------------------------+-------+------+


+------------------------------------+
; TimeQuest Timing Analyzer Messages ;
+------------------------------------+
Info: *******************************************************************
Info: Running Quartus II 64-Bit TimeQuest Timing Analyzer
    Info: Version 13.0.1 Build 232 06/12/2013 Service Pack 1 SJ Web Edition
    Info: Processing started: Thu Nov 27 15:08:48 2014
Info: Command: quartus_sta det_11011 -c det_11011
Info: qsta_default_script.tcl version: #1
Warning (20028): Parallel compilation is not licensed and has been disabled
Critical Warning (332012): Synopsys Design Constraints File file not found: 'det_11011.sdc'. A Synopsys Design Constraints File is required by the TimeQuest Timing Analyzer to get proper timing constraints. Without it, the Compiler will not properly optimize the design.
Info (332142): No user constrained base clocks found in the design. Calling "derive_clocks -period 1.0"
Info (332096): The command derive_clocks did not find any clocks to derive.  No clocks were created or changed.
Warning (332068): No clocks defined in design.
Info: Found TIMEQUEST_REPORT_SCRIPT_INCLUDE_DEFAULT_ANALYSIS = ON
Info (332159): No clocks to report
Info: Analyzing Slow Model
Info (332140): No fmax paths to report
Info (332140): No Setup paths to report
Info (332140): No Hold paths to report
Info (332140): No Recovery paths to report
Info (332140): No Removal paths to report
Info (332140): No Minimum Pulse Width paths to report
Info (332001): The selected device family is not supported by the report_metastability command.
Info: Analyzing Fast Model
Info (332142): No user constrained base clocks found in the design. Calling "derive_clocks -period 1.0"
Info (332096): The command derive_clocks did not find any clocks to derive.  No clocks were created or changed.
Warning (332068): No clocks defined in design.
Info (332140): No Setup paths to report
Info (332140): No Hold paths to report
Info (332140): No Recovery paths to report
Info (332140): No Removal paths to report
Info (332140): No Minimum Pulse Width paths to report
Info (332001): The selected device family is not supported by the report_metastability command.
Info (332102): Design is not fully constrained for setup requirements
Info (332102): Design is not fully constrained for hold requirements
Info: Quartus II 64-Bit TimeQuest Timing Analyzer was successful. 0 errors, 4 warnings
    Info: Peak virtual memory: 391 megabytes
    Info: Processing ended: Thu Nov 27 15:08:49 2014
    Info: Elapsed time: 00:00:01
    Info: Total CPU time (on all processors): 00:00:01


